<?xml version="1.0" encoding="UTF-8"?>
<testsuite xmlns:xsi="http://www.w3.org/2001/XMLSchema-instance" xsi:noNamespaceSchemaLocation="https://maven.apache.org/surefire/maven-surefire-plugin/xsd/surefire-test-report-3.0.xsd" version="3.0" name="com.example.Analytics.logic.operations.BudgetServiceTest" time="6.408" tests="6" errors="0" skipped="0" failures="0">
  <properties>
[...]
</properties>
  <testcase name="testBudgetPlan_whenGettingData_CorrectlyCreated" classname="com.example.Analytics.logic.operations.BudgetServiceTest" time="0.072">
    <system-out><![CDATA[2024-03-05T07:49:41.899+01:00  INFO 11964 --- [           main] t.c.s.AnnotationConfigContextLoaderUtils : Could not detect default configuration classes for test class [com.example.Analytics.logic.operations.BudgetServiceTest]: BudgetServiceTest does not declare any static, non-private, non-final, nested classes annotated with @Configuration.
2024-03-05T07:49:41.901+01:00  INFO 11964 --- [           main] .b.t.c.SpringBootTestContextBootstrapper : Found @SpringBootConfiguration com.example.Analytics.AnalyticsApplication for test class com.example.Analytics.logic.operations.BudgetServiceTest

  .   ____          _            __ _ _
 /\\ / ___'_ __ _ _(_)_ __  __ _ \ \ \ \
( ( )\___ | '_ | '_| | '_ \/ _` | \ \ \ \
 \\/  ___)| |_)| | | | | || (_| |  ) ) ) )
  '  |____| .__|_| |_|_| |_\__, | / / / /
 =========|_|==============|___/=/_/_/_/
 :: Spring Boot ::                (v3.2.2)

2024-03-05T07:49:42.317+01:00  INFO 11964 --- [-kit-executor-1] kafka.server.ControllerServer            : Formatting C:\Users\tobia\AppData\Local\Temp\kafka-11562819809130378155\controller_0 with metadata.version 3.3-IV0.
2024-03-05T07:49:42.318+01:00  INFO 11964 --- [-kit-executor-3] kafka.server.BrokerServer                : [BrokerServer id=0] Transition from SHUTDOWN to STARTING
2024-03-05T07:49:42.318+01:00  INFO 11964 --- [-kit-executor-3] kafka.server.SharedServer                : [SharedServer id=0] Starting SharedServer
2024-03-05T07:49:42.319+01:00  INFO 11964 --- [-kit-executor-2] kafka.server.ControllerServer            : [ControllerServer id=0] Starting controller
2024-03-05T07:49:42.323+01:00  INFO 11964 --- [-kit-executor-2] o.a.k.s.network.EndpointReadyFutures     : authorizerStart completed for endpoint CONTROLLER. Endpoint is now READY.
2024-03-05T07:49:42.338+01:00  INFO 11964 --- [-kit-executor-2] kafka.network.ConnectionQuotas           : Updated connection-accept-rate max connection creation rate to 2147483647
2024-03-05T07:49:42.344+01:00  INFO 11964 --- [-kit-executor-2] kafka.network.DataPlaneAcceptor          : Awaiting socket connections on localhost:54079.
2024-03-05T07:49:42.344+01:00  INFO 11964 --- [-kit-executor-2] kafka.network.DataPlaneAcceptor          : Opened wildcard endpoint localhost:54079
2024-03-05T07:49:42.356+01:00  INFO 11964 --- [-kit-executor-3] kafka.log.UnifiedLog$                    : [LogLoader partition=__cluster_metadata-0, dir=C:\Users\tobia\AppData\Local\Temp\kafka-11562819809130378155\controller_0] Loading producer state till offset 0 with message format version 2
2024-03-05T07:49:42.356+01:00  INFO 11964 --- [-kit-executor-3] kafka.log.UnifiedLog$                    : [LogLoader partition=__cluster_metadata-0, dir=C:\Users\tobia\AppData\Local\Temp\kafka-11562819809130378155\controller_0] Reloading from producer snapshot and rebuilding producer state from offset 0
2024-03-05T07:49:42.356+01:00  INFO 11964 --- [-kit-executor-3] kafka.log.UnifiedLog$                    : [LogLoader partition=__cluster_metadata-0, dir=C:\Users\tobia\AppData\Local\Temp\kafka-11562819809130378155\controller_0] Producer state recovery took 0ms for snapshot load and 0ms for segment recovery from offset 0
2024-03-05T07:49:42.357+01:00  INFO 11964 --- [-kit-executor-3] kafka.raft.KafkaMetadataLog$             : Initialized snapshots with IDs SortedSet() from C:\Users\tobia\AppData\Local\Temp\kafka-11562819809130378155\controller_0\__cluster_metadata-0
2024-03-05T07:49:42.441+01:00  INFO 11964 --- [piration-reaper] ExpirationService$ExpiredOperationReaper : [raft-expiration-reaper]: Starting
2024-03-05T07:49:42.444+01:00  INFO 11964 --- [-kit-executor-2] kafka.network.SocketServer               : [SocketServer listenerType=CONTROLLER, nodeId=0] Created data-plane acceptor and processors for endpoint : ListenerName(CONTROLLER)
2024-03-05T07:49:42.460+01:00  INFO 11964 --- [-kit-executor-3] org.apache.kafka.raft.QuorumState        : [RaftManager id=0] Completed transition to Unattached(epoch=0, voters=[0], electionTimeoutMs=1864) from null
2024-03-05T07:49:42.476+01:00  INFO 11964 --- [-kit-executor-3] org.apache.kafka.raft.QuorumState        : [RaftManager id=0] Completed transition to CandidateState(localId=0, epoch=1, retries=1, voteStates={0=GRANTED}, highWatermark=Optional.empty, electionTimeoutMs=1549) from Unattached(epoch=0, voters=[0], electionTimeoutMs=1864)
2024-03-05T07:49:42.524+01:00  INFO 11964 --- [-kit-executor-3] org.apache.kafka.raft.QuorumState        : [RaftManager id=0] Completed transition to Leader(localId=0, epoch=1, epochStartOffset=0, highWatermark=Optional.empty, voterStates={0=ReplicaState(nodeId=0, endOffset=Optional.empty, lastFetchTimestamp=-1, lastCaughtUpTimestamp=-1, hasAcknowledgedLeader=true)}) from CandidateState(localId=0, epoch=1, retries=1, voteStates={0=GRANTED}, highWatermark=Optional.empty, electionTimeoutMs=1549)
2024-03-05T07:49:42.540+01:00  INFO 11964 --- [-request-thread] kafka.raft.RaftSendThread                : [kafka-0-raft-outbound-request-thread]: Starting
2024-03-05T07:49:42.540+01:00  INFO 11964 --- [-raft-io-thread] k.raft.KafkaRaftManager$RaftIoThread     : [kafka-0-raft-io-thread]: Starting
2024-03-05T07:49:42.543+01:00  INFO 11964 --- [-raft-io-thread] org.apache.kafka.raft.LeaderState        : [RaftManager id=0] High watermark set to LogOffsetMetadata(offset=1, metadata=Optional[(segmentBaseOffset=0,relativePositionInSegment=91)]) for the first time for epoch 1 based on indexOfHw 0 and voters [ReplicaState(nodeId=0, endOffset=Optional[LogOffsetMetadata(offset=1, metadata=Optional[(segmentBaseOffset=0,relativePositionInSegment=91)])], lastFetchTimestamp=-1, lastCaughtUpTimestamp=-1, hasAcknowledgedLeader=true)]
2024-03-05T07:49:42.544+01:00  INFO 11964 --- [r-event-handler] o.a.kafka.image.loader.MetadataLoader    : [MetadataLoader id=0] initializeNewPublishers: The loader is still catching up because we have loaded up to offset -1, but the high water mark is 1
2024-03-05T07:49:42.544+01:00  INFO 11964 --- [-kit-executor-3] kafka.server.BrokerServer                : [BrokerServer id=0] Starting broker
2024-03-05T07:49:42.552+01:00  INFO 11964 --- [-kit-executor-3] kafka.log.LogManager                     : Log directory C:\Users\tobia\AppData\Local\Temp\kafka-11562819809130378155\broker_0_data0 not found, creating it.
2024-03-05T07:49:42.552+01:00  INFO 11964 --- [-kit-executor-2] kafka.server.ControllerServer            : [ControllerServer id=0] Waiting for controller quorum voters future
2024-03-05T07:49:42.553+01:00  INFO 11964 --- [-kit-executor-2] kafka.server.ControllerServer            : [ControllerServer id=0] Finished waiting for controller quorum voters future
2024-03-05T07:49:42.553+01:00  INFO 11964 --- [-kit-executor-2] o.a.kafka.controller.QuorumController    : [QuorumController id=0] Creating new QuorumController with clusterId cTTD3Rd5RmywtZAGy2ty9g.
2024-03-05T07:49:42.557+01:00  INFO 11964 --- [-kit-executor-2] kafka.server.ControllerServer            : [ControllerServer id=0] Waiting for the controller metadata publishers to be installed
2024-03-05T07:49:42.557+01:00  INFO 11964 --- [r-event-handler] o.a.kafka.image.loader.MetadataLoader    : [MetadataLoader id=0] initializeNewPublishers: The loader is still catching up because we have loaded up to offset -1, but the high water mark is 1
2024-03-05T07:49:42.557+01:00  INFO 11964 --- [-kit-executor-2] kafka.server.ControllerServer            : [ControllerServer id=0] Finished waiting for the controller metadata publishers to be installed
2024-03-05T07:49:42.558+01:00  INFO 11964 --- [-kit-executor-2] kafka.network.SocketServer               : [SocketServer listenerType=CONTROLLER, nodeId=0] Enabling request processing.
2024-03-05T07:49:42.558+01:00  INFO 11964 --- [-kit-executor-2] kafka.server.ControllerServer            : [ControllerServer id=0] Waiting for all of the authorizer futures to be completed
2024-03-05T07:49:42.558+01:00  INFO 11964 --- [-kit-executor-2] kafka.server.ControllerServer            : [ControllerServer id=0] Finished waiting for all of the authorizer futures to be completed
2024-03-05T07:49:42.558+01:00  INFO 11964 --- [-kit-executor-2] kafka.server.ControllerServer            : [ControllerServer id=0] Waiting for all of the SocketServer Acceptors to be started
2024-03-05T07:49:42.559+01:00  INFO 11964 --- [-kit-executor-2] kafka.server.ControllerServer            : [ControllerServer id=0] Finished waiting for all of the SocketServer Acceptors to be started
2024-03-05T07:49:42.563+01:00  INFO 11964 --- [nelReaper-Fetch] lientQuotaManager$ThrottledChannelReaper : [broker-0-ThrottledChannelReaper-Fetch]: Starting
2024-03-05T07:49:42.564+01:00  INFO 11964 --- [lReaper-Produce] lientQuotaManager$ThrottledChannelReaper : [broker-0-ThrottledChannelReaper-Produce]: Starting
2024-03-05T07:49:42.564+01:00  INFO 11964 --- [lReaper-Request] lientQuotaManager$ThrottledChannelReaper : [broker-0-ThrottledChannelReaper-Request]: Starting
2024-03-05T07:49:42.564+01:00  INFO 11964 --- [trollerMutation] lientQuotaManager$ThrottledChannelReaper : [broker-0-ThrottledChannelReaper-ControllerMutation]: Starting
2024-03-05T07:49:42.565+01:00  INFO 11964 --- [nelReaper-Fetch] lientQuotaManager$ThrottledChannelReaper : [controller-0-ThrottledChannelReaper-Fetch]: Starting
2024-03-05T07:49:42.565+01:00  INFO 11964 --- [lReaper-Produce] lientQuotaManager$ThrottledChannelReaper : [controller-0-ThrottledChannelReaper-Produce]: Starting
2024-03-05T07:49:42.565+01:00  INFO 11964 --- [lReaper-Request] lientQuotaManager$ThrottledChannelReaper : [controller-0-ThrottledChannelReaper-Request]: Starting
2024-03-05T07:49:42.565+01:00  INFO 11964 --- [trollerMutation] lientQuotaManager$ThrottledChannelReaper : [controller-0-ThrottledChannelReaper-ControllerMutation]: Starting
2024-03-05T07:49:42.566+01:00  INFO 11964 --- [per-0-AlterAcls] perationPurgatory$ExpiredOperationReaper : [ExpirationReaper-0-AlterAcls]: Starting
2024-03-05T07:49:42.568+01:00  INFO 11964 --- [-kit-executor-3] kafka.server.BrokerServer                : [BrokerServer id=0] Waiting for controller quorum voters future
2024-03-05T07:49:42.568+01:00  INFO 11964 --- [-kit-executor-3] kafka.server.BrokerServer                : [BrokerServer id=0] Finished waiting for controller quorum voters future
2024-03-05T07:49:42.571+01:00  INFO 11964 --- [-raft-io-thread] org.apache.kafka.raft.KafkaRaftClient    : [RaftManager id=0] Registered the listener org.apache.kafka.image.loader.MetadataLoader@2027115094
2024-03-05T07:49:42.572+01:00  INFO 11964 --- [-raft-io-thread] org.apache.kafka.raft.KafkaRaftClient    : [RaftManager id=0] Registered the listener org.apache.kafka.controller.QuorumController$QuorumMetaLogListener@1981068092
2024-03-05T07:49:42.573+01:00  INFO 11964 --- [r-event-handler] o.a.kafka.image.loader.MetadataLoader    : [MetadataLoader id=0] maybePublishMetadata(LOG_DELTA): The loader is still catching up because we have not loaded a controller record as of offset 0 and high water mark is 1
2024-03-05T07:49:42.574+01:00  INFO 11964 --- [0-event-handler] o.a.kafka.controller.QuorumController    : [QuorumController id=0] Becoming the active controller at epoch 1, next write offset 1.
2024-03-05T07:49:42.574+01:00  WARN 11964 --- [0-event-handler] o.a.kafka.controller.QuorumController    : [QuorumController id=0] Performing controller activation. The metadata log appears to be empty. Appending 1 bootstrap record(s) in metadata transaction at metadata.version 3.6-IV2 from bootstrap source 'testkit'. Setting the ZK migration state to NONE since this is a de-novo KRaft cluster.
2024-03-05T07:49:42.574+01:00  INFO 11964 --- [0-event-handler] o.a.k.controller.OffsetControlManager    : [QuorumController id=0] Replayed BeginTransactionRecord(name='Bootstrap records') at offset 1.
2024-03-05T07:49:42.574+01:00  INFO 11964 --- [0-event-handler] o.a.k.controller.FeatureControlManager   : [QuorumController id=0] Replayed a FeatureLevelRecord setting metadata version to 3.6-IV2
2024-03-05T07:49:42.574+01:00  INFO 11964 --- [0-event-handler] o.a.k.controller.OffsetControlManager    : [QuorumController id=0] Replayed EndTransactionRecord() at offset 4.
2024-03-05T07:49:42.575+01:00  INFO 11964 --- [channel-manager] k.s.BrokerToControllerRequestThread      : [broker-0-to-controller-forwarding-channel-manager]: Starting
2024-03-05T07:49:42.575+01:00  INFO 11964 --- [channel-manager] k.s.BrokerToControllerRequestThread      : [broker-0-to-controller-forwarding-channel-manager]: Recorded new controller, from now on will use node localhost:54079 (id: 0 rack: null)
2024-03-05T07:49:42.596+01:00  INFO 11964 --- [-kit-executor-3] kafka.network.ConnectionQuotas           : Updated connection-accept-rate max connection creation rate to 2147483647
2024-03-05T07:49:42.620+01:00  INFO 11964 --- [r-event-handler] o.a.kafka.image.loader.MetadataLoader    : [MetadataLoader id=0] maybePublishMetadata(LOG_DELTA): The loader finished catching up to the current high water mark of 5
2024-03-05T07:49:42.624+01:00  INFO 11964 --- [-kit-executor-3] kafka.network.DataPlaneAcceptor          : Awaiting socket connections on localhost:54080.
2024-03-05T07:49:42.624+01:00  INFO 11964 --- [-kit-executor-3] kafka.network.DataPlaneAcceptor          : Opened wildcard endpoint localhost:54080
2024-03-05T07:49:42.646+01:00  INFO 11964 --- [-kit-executor-3] kafka.network.SocketServer               : [SocketServer listenerType=BROKER, nodeId=0] Created data-plane acceptor and processors for endpoint : ListenerName(EXTERNAL)
2024-03-05T07:49:42.653+01:00  INFO 11964 --- [channel-manager] k.s.BrokerToControllerRequestThread      : [broker-0-to-controller-alter-partition-channel-manager]: Starting
2024-03-05T07:49:42.654+01:00  INFO 11964 --- [channel-manager] k.s.BrokerToControllerRequestThread      : [broker-0-to-controller-alter-partition-channel-manager]: Recorded new controller, from now on will use node localhost:54079 (id: 0 rack: null)
2024-03-05T07:49:42.658+01:00  INFO 11964 --- [eaper-0-Produce] perationPurgatory$ExpiredOperationReaper : [ExpirationReaper-0-Produce]: Starting
2024-03-05T07:49:42.658+01:00  INFO 11964 --- [nReaper-0-Fetch] perationPurgatory$ExpiredOperationReaper : [ExpirationReaper-0-Fetch]: Starting
2024-03-05T07:49:42.659+01:00  INFO 11964 --- [0-DeleteRecords] perationPurgatory$ExpiredOperationReaper : [ExpirationReaper-0-DeleteRecords]: Starting
2024-03-05T07:49:42.660+01:00  INFO 11964 --- [r-0-ElectLeader] perationPurgatory$ExpiredOperationReaper : [ExpirationReaper-0-ElectLeader]: Starting
2024-03-05T07:49:42.660+01:00  INFO 11964 --- [r-0-RemoteFetch] perationPurgatory$ExpiredOperationReaper : [ExpirationReaper-0-RemoteFetch]: Starting
2024-03-05T07:49:42.663+01:00  INFO 11964 --- [per-0-Heartbeat] perationPurgatory$ExpiredOperationReaper : [ExpirationReaper-0-Heartbeat]: Starting
2024-03-05T07:49:42.663+01:00  INFO 11964 --- [per-0-Rebalance] perationPurgatory$ExpiredOperationReaper : [ExpirationReaper-0-Rebalance]: Starting
2024-03-05T07:49:42.665+01:00  INFO 11964 --- [r-event-handler] o.a.kafka.image.loader.MetadataLoader    : [MetadataLoader id=0] InitializeNewPublishers: initializing SnapshotGenerator with a snapshot at offset 4
2024-03-05T07:49:42.665+01:00  INFO 11964 --- [r-event-handler] o.a.kafka.image.loader.MetadataLoader    : [MetadataLoader id=0] InitializeNewPublishers: initializing FeaturesPublisher with a snapshot at offset 4
2024-03-05T07:49:42.665+01:00  INFO 11964 --- [r-event-handler] o.a.kafka.image.loader.MetadataLoader    : [MetadataLoader id=0] InitializeNewPublishers: initializing DynamicConfigPublisher controller id=0 with a snapshot at offset 4
2024-03-05T07:49:42.665+01:00  INFO 11964 --- [r-event-handler] o.a.kafka.image.loader.MetadataLoader    : [MetadataLoader id=0] InitializeNewPublishers: initializing DynamicClientQuotaPublisher controller id=0 with a snapshot at offset 4
2024-03-05T07:49:42.665+01:00  INFO 11964 --- [r-event-handler] o.a.kafka.image.loader.MetadataLoader    : [MetadataLoader id=0] InitializeNewPublishers: initializing ScramPublisher controller id=0 with a snapshot at offset 4
2024-03-05T07:49:42.665+01:00  INFO 11964 --- [r-event-handler] o.a.kafka.image.loader.MetadataLoader    : [MetadataLoader id=0] InitializeNewPublishers: initializing DelegationTokenPublisher controller id=0 with a snapshot at offset 4
2024-03-05T07:49:42.665+01:00  INFO 11964 --- [r-event-handler] o.a.kafka.image.loader.MetadataLoader    : [MetadataLoader id=0] InitializeNewPublishers: initializing ControllerMetadataMetricsPublisher with a snapshot at offset 4
2024-03-05T07:49:42.665+01:00  INFO 11964 --- [r-event-handler] o.a.kafka.image.loader.MetadataLoader    : [MetadataLoader id=0] InitializeNewPublishers: initializing AclPublisher controller id=0 with a snapshot at offset 4
2024-03-05T07:49:42.673+01:00  INFO 11964 --- [r-event-handler] kafka.server.BrokerLifecycleManager      : [BrokerLifecycleManager id=0] Incarnation aHA3EoILTQCyifjv1vqLPg of broker 0 in cluster cTTD3Rd5RmywtZAGy2ty9g is now STARTING.
2024-03-05T07:49:42.674+01:00  INFO 11964 --- [channel-manager] k.s.BrokerToControllerRequestThread      : [broker-0-to-controller-heartbeat-channel-manager]: Starting
2024-03-05T07:49:42.674+01:00  INFO 11964 --- [channel-manager] k.s.BrokerToControllerRequestThread      : [broker-0-to-controller-heartbeat-channel-manager]: Recorded new controller, from now on will use node localhost:54079 (id: 0 rack: null)
2024-03-05T07:49:42.677+01:00  INFO 11964 --- [per-0-AlterAcls] perationPurgatory$ExpiredOperationReaper : [ExpirationReaper-0-AlterAcls]: Starting
2024-03-05T07:49:42.680+01:00  INFO 11964 --- [0-event-handler] o.a.k.controller.ClusterControlManager   : [QuorumController id=0] Replayed initial RegisterBrokerRecord for broker 0: RegisterBrokerRecord(brokerId=0, isMigratingZkBroker=false, incarnationId=aHA3EoILTQCyifjv1vqLPg, brokerEpoch=5, endPoints=[BrokerEndpoint(name='EXTERNAL', host='localhost', port=54080, securityProtocol=0)], features=[BrokerFeature(name='metadata.version', minSupportedVersion=1, maxSupportedVersion=14)], rack=null, fenced=true, inControlledShutdown=false)
2024-03-05T07:49:42.682+01:00  INFO 11964 --- [r-event-handler] o.a.kafka.image.loader.MetadataLoader    : [MetadataLoader id=0] InitializeNewPublishers: initializing BrokerMetadataPublisher with a snapshot at offset 4
2024-03-05T07:49:42.682+01:00  INFO 11964 --- [r-event-handler] k.s.metadata.BrokerMetadataPublisher     : [BrokerMetadataPublisher id=0] Publishing initial metadata at offset OffsetAndEpoch(offset=4, epoch=1) with metadata.version 3.6-IV2.
2024-03-05T07:49:42.682+01:00  INFO 11964 --- [r-event-handler] kafka.log.LogManager                     : Loading logs from log dirs ArraySeq(C:\Users\tobia\AppData\Local\Temp\kafka-11562819809130378155\broker_0_data0)
2024-03-05T07:49:42.682+01:00  INFO 11964 --- [-kit-executor-3] kafka.server.BrokerServer                : [BrokerServer id=0] Waiting for the broker metadata publishers to be installed
2024-03-05T07:49:42.682+01:00  INFO 11964 --- [-kit-executor-3] kafka.server.BrokerServer                : [BrokerServer id=0] Finished waiting for the broker metadata publishers to be installed
2024-03-05T07:49:42.682+01:00  INFO 11964 --- [-kit-executor-3] kafka.server.BrokerServer                : [BrokerServer id=0] Waiting for the controller to acknowledge that we are caught up
2024-03-05T07:49:42.684+01:00  INFO 11964 --- [r-event-handler] kafka.log.LogManager                     : No logs found to be loaded in C:\Users\tobia\AppData\Local\Temp\kafka-11562819809130378155\broker_0_data0
2024-03-05T07:49:42.684+01:00  INFO 11964 --- [r-event-handler] kafka.log.LogManager                     : Loaded 0 logs in 2ms
2024-03-05T07:49:42.684+01:00  INFO 11964 --- [r-event-handler] kafka.log.LogManager                     : Starting log cleanup with a period of 300000 ms.
2024-03-05T07:49:42.685+01:00  INFO 11964 --- [r-event-handler] kafka.log.LogManager                     : Starting log flusher with a default period of 9223372036854775807 ms.
2024-03-05T07:49:42.687+01:00  INFO 11964 --- [r-event-handler] kafka.log.LogCleaner                     : Starting the log cleaner
2024-03-05T07:49:42.706+01:00  INFO 11964 --- [r-event-handler] k.coordinator.group.GroupCoordinator     : [GroupCoordinator 0]: Starting up.
2024-03-05T07:49:42.707+01:00  INFO 11964 --- [r-event-handler] k.coordinator.group.GroupCoordinator     : [GroupCoordinator 0]: Startup complete.
2024-03-05T07:49:42.707+01:00  INFO 11964 --- [r-event-handler] k.c.transaction.TransactionCoordinator   : [TransactionCoordinator id=0] Starting up.
2024-03-05T07:49:42.707+01:00  INFO 11964 --- [r-event-handler] k.c.transaction.TransactionCoordinator   : [TransactionCoordinator id=0] Startup complete.
2024-03-05T07:49:42.707+01:00  INFO 11964 --- [r-event-handler] k.s.metadata.BrokerMetadataPublisher     : [BrokerMetadataPublisher id=0] Updating metadata.version to 14 at offset OffsetAndEpoch(offset=4, epoch=1).
2024-03-05T07:49:42.708+01:00  INFO 11964 --- [leaner-thread-0] kafka.log.LogCleaner$CleanerThread       : [kafka-log-cleaner-thread-0]: Starting
2024-03-05T07:49:42.709+01:00  INFO 11964 --- [rFailureHandler] k.s.ReplicaManager$LogDirFailureHandler  : [LogDirFailureHandler]: Starting
2024-03-05T07:49:42.710+01:00  INFO 11964 --- [nSenderThread-0] kafka.server.AddPartitionsToTxnManager   : [AddPartitionsToTxnSenderThread-0]: Starting
2024-03-05T07:49:42.710+01:00  INFO 11964 --- [rSenderThread-0] k.c.t.TransactionMarkerChannelManager    : [TxnMarkerSenderThread-0]: Starting
2024-03-05T07:49:42.713+01:00  INFO 11964 --- [channel-manager] kafka.server.BrokerLifecycleManager      : [BrokerLifecycleManager id=0] Successfully registered broker 0 with broker epoch 5
2024-03-05T07:49:42.715+01:00  INFO 11964 --- [channel-manager] kafka.server.BrokerLifecycleManager      : [BrokerLifecycleManager id=0] The broker has caught up. Transitioning from STARTING to RECOVERY.
2024-03-05T07:49:42.715+01:00  INFO 11964 --- [-kit-executor-3] kafka.server.BrokerServer                : [BrokerServer id=0] Finished waiting for the controller to acknowledge that we are caught up
2024-03-05T07:49:42.715+01:00  INFO 11964 --- [-kit-executor-3] kafka.server.BrokerServer                : [BrokerServer id=0] Waiting for the initial broker metadata update to be published
2024-03-05T07:49:42.715+01:00  INFO 11964 --- [-kit-executor-3] kafka.server.BrokerServer                : [BrokerServer id=0] Finished waiting for the initial broker metadata update to be published
2024-03-05T07:49:42.716+01:00  INFO 11964 --- [-kit-executor-3] kafka.server.KafkaConfig                 : KafkaConfig values: 
	advertised.listeners = null
	alter.config.policy.class.name = null
	alter.log.dirs.replication.quota.window.num = 11
	alter.log.dirs.replication.quota.window.size.seconds = 1
	authorizer.class.name = 
	auto.create.topics.enable = true
	auto.include.jmx.reporter = true
	auto.leader.rebalance.enable = true
	background.threads = 10
	broker.heartbeat.interval.ms = 2000
	broker.id = 0
	broker.id.generation.enable = true
	broker.rack = null
	broker.session.timeout.ms = 9000
	client.quota.callback.class = null
	compression.type = producer
	connection.failed.authentication.delay.ms = 100
	connections.max.idle.ms = 600000
	connections.max.reauth.ms = 0
	control.plane.listener.name = null
	controlled.shutdown.enable = true
	controlled.shutdown.max.retries = 3
	controlled.shutdown.retry.backoff.ms = 5000
	controller.listener.names = CONTROLLER
	controller.quorum.append.linger.ms = 25
	controller.quorum.election.backoff.max.ms = 1000
	controller.quorum.election.timeout.ms = 1000
	controller.quorum.fetch.timeout.ms = 2000
	controller.quorum.request.timeout.ms = 2000
	controller.quorum.retry.backoff.ms = 20
	controller.quorum.voters = [0@0.0.0.0:0]
	controller.quota.window.num = 11
	controller.quota.window.size.seconds = 1
	controller.socket.timeout.ms = 30000
	create.topic.policy.class.name = null
	default.replication.factor = 1
	delegation.token.expiry.check.interval.ms = 3600000
	delegation.token.expiry.time.ms = 86400000
	delegation.token.master.key = null
	delegation.token.max.lifetime.ms = 604800000
	delegation.token.secret.key = null
	delete.records.purgatory.purge.interval.requests = 1
	delete.topic.enable = true
	early.start.listeners = null
	fetch.max.bytes = 57671680
	fetch.purgatory.purge.interval.requests = 1000
	group.consumer.assignors = [org.apache.kafka.coordinator.group.assignor.RangeAssignor]
	group.consumer.heartbeat.interval.ms = 5000
	group.consumer.max.heartbeat.interval.ms = 15000
	group.consumer.max.session.timeout.ms = 60000
	group.consumer.max.size = 2147483647
	group.consumer.min.heartbeat.interval.ms = 5000
	group.consumer.min.session.timeout.ms = 45000
	group.consumer.session.timeout.ms = 45000
	group.coordinator.new.enable = false
	group.coordinator.threads = 1
	group.initial.rebalance.delay.ms = 0
	group.max.session.timeout.ms = 1800000
	group.max.size = 2147483647
	group.min.session.timeout.ms = 6000
	initial.broker.registration.timeout.ms = 60000
	inter.broker.listener.name = EXTERNAL
	inter.broker.protocol.version = 3.6-IV2
	kafka.metrics.polling.interval.secs = 10
	kafka.metrics.reporters = []
	leader.imbalance.check.interval.seconds = 300
	leader.imbalance.per.broker.percentage = 10
	listener.security.protocol.map = EXTERNAL:PLAINTEXT,CONTROLLER:PLAINTEXT
	listeners = EXTERNAL://localhost:0,CONTROLLER://localhost:0
	log.cleaner.backoff.ms = 15000
	log.cleaner.dedupe.buffer.size = 2097152
	log.cleaner.delete.retention.ms = 86400000
	log.cleaner.enable = true
	log.cleaner.io.buffer.load.factor = 0.9
	log.cleaner.io.buffer.size = 524288
	log.cleaner.io.max.bytes.per.second = 1.7976931348623157E308
	log.cleaner.max.compaction.lag.ms = 9223372036854775807
	log.cleaner.min.cleanable.ratio = 0.5
	log.cleaner.min.compaction.lag.ms = 0
	log.cleaner.threads = 1
	log.cleanup.policy = [delete]
	log.dir = /tmp/kafka-logs
	log.dirs = C:\Users\tobia\AppData\Local\Temp\kafka-11562819809130378155\broker_0_data0
	log.flush.interval.messages = 9223372036854775807
	log.flush.interval.ms = null
	log.flush.offset.checkpoint.interval.ms = 60000
	log.flush.scheduler.interval.ms = 9223372036854775807
	log.flush.start.offset.checkpoint.interval.ms = 60000
	log.index.interval.bytes = 4096
	log.index.size.max.bytes = 10485760
	log.local.retention.bytes = -2
	log.local.retention.ms = -2
	log.message.downconversion.enable = true
	log.message.format.version = 3.0-IV1
	log.message.timestamp.after.max.ms = 9223372036854775807
	log.message.timestamp.before.max.ms = 9223372036854775807
	log.message.timestamp.difference.max.ms = 9223372036854775807
	log.message.timestamp.type = CreateTime
	log.preallocate = false
	log.retention.bytes = -1
	log.retention.check.interval.ms = 300000
	log.retention.hours = 168
	log.retention.minutes = null
	log.retention.ms = null
	log.roll.hours = 168
	log.roll.jitter.hours = 0
	log.roll.jitter.ms = null
	log.roll.ms = null
	log.segment.bytes = 1073741824
	log.segment.delete.delay.ms = 60000
	max.connection.creation.rate = 2147483647
	max.connections = 2147483647
	max.connections.per.ip = 2147483647
	max.connections.per.ip.overrides = 
	max.incremental.fetch.session.cache.slots = 1000
	message.max.bytes = 1048588
	metadata.log.dir = C:\Users\tobia\AppData\Local\Temp\kafka-11562819809130378155\controller_0
	metadata.log.max.record.bytes.between.snapshots = 20971520
	metadata.log.max.snapshot.interval.ms = 3600000
	metadata.log.segment.bytes = 1073741824
	metadata.log.segment.min.bytes = 8388608
	metadata.log.segment.ms = 604800000
	metadata.max.idle.interval.ms = 500
	metadata.max.retention.bytes = 104857600
	metadata.max.retention.ms = 604800000
	metric.reporters = []
	metrics.num.samples = 2
	metrics.recording.level = INFO
	metrics.sample.window.ms = 30000
	min.insync.replicas = 1
	node.id = 0
	num.io.threads = 8
	num.network.threads = 3
	num.partitions = 1
	num.recovery.threads.per.data.dir = 1
	num.replica.alter.log.dirs.threads = null
	num.replica.fetchers = 1
	offset.metadata.max.bytes = 4096
	offsets.commit.required.acks = -1
	offsets.commit.timeout.ms = 5000
	offsets.load.buffer.size = 5242880
	offsets.retention.check.interval.ms = 600000
	offsets.retention.minutes = 10080
	offsets.topic.compression.codec = 0
	offsets.topic.num.partitions = 50
	offsets.topic.replication.factor = 1
	offsets.topic.segment.bytes = 104857600
	password.encoder.cipher.algorithm = AES/CBC/PKCS5Padding
	password.encoder.iterations = 4096
	password.encoder.key.length = 128
	password.encoder.keyfactory.algorithm = null
	password.encoder.old.secret = null
	password.encoder.secret = null
	principal.builder.class = class org.apache.kafka.common.security.authenticator.DefaultKafkaPrincipalBuilder
	process.roles = [broker, controller]
	producer.id.expiration.check.interval.ms = 600000
	producer.id.expiration.ms = 86400000
	producer.purgatory.purge.interval.requests = 1000
	queued.max.request.bytes = -1
	queued.max.requests = 500
	quota.window.num = 11
	quota.window.size.seconds = 1
	remote.log.index.file.cache.total.size.bytes = 1073741824
	remote.log.manager.task.interval.ms = 30000
	remote.log.manager.task.retry.backoff.max.ms = 30000
	remote.log.manager.task.retry.backoff.ms = 500
	remote.log.manager.task.retry.jitter = 0.2
	remote.log.manager.thread.pool.size = 10
	remote.log.metadata.custom.metadata.max.bytes = 128
	remote.log.metadata.manager.class.name = org.apache.kafka.server.log.remote.metadata.storage.TopicBasedRemoteLogMetadataManager
	remote.log.metadata.manager.class.path = null
	remote.log.metadata.manager.impl.prefix = rlmm.config.
	remote.log.metadata.manager.listener.name = null
	remote.log.reader.max.pending.tasks = 100
	remote.log.reader.threads = 10
	remote.log.storage.manager.class.name = null
	remote.log.storage.manager.class.path = null
	remote.log.storage.manager.impl.prefix = rsm.config.
	remote.log.storage.system.enable = false
	replica.fetch.backoff.ms = 1000
	replica.fetch.max.bytes = 1048576
	replica.fetch.min.bytes = 1
	replica.fetch.response.max.bytes = 10485760
	replica.fetch.wait.max.ms = 500
	replica.high.watermark.checkpoint.interval.ms = 5000
	replica.lag.time.max.ms = 30000
	replica.selector.class = null
	replica.socket.receive.buffer.bytes = 65536
	replica.socket.timeout.ms = 30000
	replication.quota.window.num = 11
	replication.quota.window.size.seconds = 1
	request.timeout.ms = 30000
	reserved.broker.max.id = 1000
	sasl.client.callback.handler.class = null
	sasl.enabled.mechanisms = [GSSAPI]
	sasl.jaas.config = null
	sasl.kerberos.kinit.cmd = /usr/bin/kinit
	sasl.kerberos.min.time.before.relogin = 60000
	sasl.kerberos.principal.to.local.rules = [DEFAULT]
	sasl.kerberos.service.name = null
	sasl.kerberos.ticket.renew.jitter = 0.05
	sasl.kerberos.ticket.renew.window.factor = 0.8
	sasl.login.callback.handler.class = null
	sasl.login.class = null
	sasl.login.connect.timeout.ms = null
	sasl.login.read.timeout.ms = null
	sasl.login.refresh.buffer.seconds = 300
	sasl.login.refresh.min.period.seconds = 60
	sasl.login.refresh.window.factor = 0.8
	sasl.login.refresh.window.jitter = 0.05
	sasl.login.retry.backoff.max.ms = 10000
	sasl.login.retry.backoff.ms = 100
	sasl.mechanism.controller.protocol = GSSAPI
	sasl.mechanism.inter.broker.protocol = GSSAPI
	sasl.oauthbearer.clock.skew.seconds = 30
	sasl.oauthbearer.expected.audience = null
	sasl.oauthbearer.expected.issuer = null
	sasl.oauthbearer.jwks.endpoint.refresh.ms = 3600000
	sasl.oauthbearer.jwks.endpoint.retry.backoff.max.ms = 10000
	sasl.oauthbearer.jwks.endpoint.retry.backoff.ms = 100
	sasl.oauthbearer.jwks.endpoint.url = null
	sasl.oauthbearer.scope.claim.name = scope
	sasl.oauthbearer.sub.claim.name = sub
	sasl.oauthbearer.token.endpoint.url = null
	sasl.server.callback.handler.class = null
	sasl.server.max.receive.size = 524288
	security.inter.broker.protocol = PLAINTEXT
	security.providers = null
	server.max.startup.time.ms = 600000
	socket.connection.setup.timeout.max.ms = 30000
	socket.connection.setup.timeout.ms = 10000
	socket.listen.backlog.size = 50
	socket.receive.buffer.bytes = 102400
	socket.request.max.bytes = 104857600
	socket.send.buffer.bytes = 102400
	ssl.cipher.suites = []
	ssl.client.auth = none
	ssl.enabled.protocols = [TLSv1.2, TLSv1.3]
	ssl.endpoint.identification.algorithm = https
	ssl.engine.factory.class = null
	ssl.key.password = null
	ssl.keymanager.algorithm = SunX509
	ssl.keystore.certificate.chain = null
	ssl.keystore.key = null
	ssl.keystore.location = null
	ssl.keystore.password = null
	ssl.keystore.type = JKS
	ssl.principal.mapping.rules = DEFAULT
	ssl.protocol = TLSv1.3
	ssl.provider = null
	ssl.secure.random.implementation = null
	ssl.trustmanager.algorithm = PKIX
	ssl.truststore.certificates = null
	ssl.truststore.location = null
	ssl.truststore.password = null
	ssl.truststore.type = JKS
	transaction.abort.timed.out.transaction.cleanup.interval.ms = 10000
	transaction.max.timeout.ms = 900000
	transaction.partition.verification.enable = true
	transaction.remove.expired.transaction.cleanup.interval.ms = 3600000
	transaction.state.log.load.buffer.size = 5242880
	transaction.state.log.min.isr = 2
	transaction.state.log.num.partitions = 50
	transaction.state.log.replication.factor = 3
	transaction.state.log.segment.bytes = 104857600
	transactional.id.expiration.ms = 604800000
	unclean.leader.election.enable = false
	unstable.api.versions.enable = false
	zookeeper.clientCnxnSocket = null
	zookeeper.connect = null
	zookeeper.connection.timeout.ms = null
	zookeeper.max.in.flight.requests = 10
	zookeeper.metadata.migration.enable = false
	zookeeper.session.timeout.ms = 18000
	zookeeper.set.acl = false
	zookeeper.ssl.cipher.suites = null
	zookeeper.ssl.client.enable = false
	zookeeper.ssl.crl.enable = false
	zookeeper.ssl.enabled.protocols = null
	zookeeper.ssl.endpoint.identification.algorithm = HTTPS
	zookeeper.ssl.keystore.location = null
	zookeeper.ssl.keystore.password = null
	zookeeper.ssl.keystore.type = null
	zookeeper.ssl.ocsp.enable = false
	zookeeper.ssl.protocol = TLSv1.2
	zookeeper.ssl.truststore.location = null
	zookeeper.ssl.truststore.password = null
	zookeeper.ssl.truststore.type = null

2024-03-05T07:49:42.719+01:00  INFO 11964 --- [-kit-executor-3] kafka.server.BrokerServer                : [BrokerServer id=0] Waiting for the broker to be unfenced
2024-03-05T07:49:42.721+01:00  INFO 11964 --- [0-event-handler] o.a.k.controller.BrokerHeartbeatManager  : [QuorumController id=0] The request from broker 0 to unfence has been granted because it has caught up with the offset of its register broker record 5.
2024-03-05T07:49:42.722+01:00  INFO 11964 --- [0-event-handler] o.a.k.controller.ClusterControlManager   : [QuorumController id=0] Replayed BrokerRegistrationChangeRecord modifying the registration for broker 0: BrokerRegistrationChangeRecord(brokerId=0, brokerEpoch=5, fenced=-1, inControlledShutdown=0)
2024-03-05T07:49:42.761+01:00  INFO 11964 --- [channel-manager] kafka.server.BrokerLifecycleManager      : [BrokerLifecycleManager id=0] The broker has been unfenced. Transitioning from RECOVERY to RUNNING.
2024-03-05T07:49:42.762+01:00  INFO 11964 --- [-kit-executor-3] kafka.server.BrokerServer                : [BrokerServer id=0] Finished waiting for the broker to be unfenced
2024-03-05T07:49:42.762+01:00  INFO 11964 --- [-kit-executor-3] o.a.k.s.network.EndpointReadyFutures     : authorizerStart completed for endpoint EXTERNAL. Endpoint is now READY.
2024-03-05T07:49:42.762+01:00  INFO 11964 --- [-kit-executor-3] kafka.network.SocketServer               : [SocketServer listenerType=BROKER, nodeId=0] Enabling request processing.
2024-03-05T07:49:42.763+01:00  INFO 11964 --- [-kit-executor-3] kafka.server.BrokerServer                : [BrokerServer id=0] Waiting for all of the authorizer futures to be completed
2024-03-05T07:49:42.763+01:00  INFO 11964 --- [-kit-executor-3] kafka.server.BrokerServer                : [BrokerServer id=0] Finished waiting for all of the authorizer futures to be completed
2024-03-05T07:49:42.763+01:00  INFO 11964 --- [-kit-executor-3] kafka.server.BrokerServer                : [BrokerServer id=0] Waiting for all of the SocketServer Acceptors to be started
2024-03-05T07:49:42.763+01:00  INFO 11964 --- [-kit-executor-3] kafka.server.BrokerServer                : [BrokerServer id=0] Finished waiting for all of the SocketServer Acceptors to be started
2024-03-05T07:49:42.763+01:00  INFO 11964 --- [-kit-executor-3] kafka.server.BrokerServer                : [BrokerServer id=0] Transition from STARTING to STARTED
2024-03-05T07:49:42.764+01:00  INFO 11964 --- [           main] o.a.k.clients.admin.AdminClientConfig    : AdminClientConfig values: 
	auto.include.jmx.reporter = true
	bootstrap.servers = [localhost:54080]
	client.dns.lookup = use_all_dns_ips
	client.id = 
	connections.max.idle.ms = 300000
	default.api.timeout.ms = 60000
	metadata.max.age.ms = 300000
	metric.reporters = []
	metrics.num.samples = 2
	metrics.recording.level = INFO
	metrics.sample.window.ms = 30000
	receive.buffer.bytes = 65536
	reconnect.backoff.max.ms = 1000
	reconnect.backoff.ms = 50
	request.timeout.ms = 30000
	retries = 2147483647
	retry.backoff.ms = 100
	sasl.client.callback.handler.class = null
	sasl.jaas.config = null
	sasl.kerberos.kinit.cmd = /usr/bin/kinit
	sasl.kerberos.min.time.before.relogin = 60000
	sasl.kerberos.service.name = null
	sasl.kerberos.ticket.renew.jitter = 0.05
	sasl.kerberos.ticket.renew.window.factor = 0.8
	sasl.login.callback.handler.class = null
	sasl.login.class = null
	sasl.login.connect.timeout.ms = null
	sasl.login.read.timeout.ms = null
	sasl.login.refresh.buffer.seconds = 300
	sasl.login.refresh.min.period.seconds = 60
	sasl.login.refresh.window.factor = 0.8
	sasl.login.refresh.window.jitter = 0.05
	sasl.login.retry.backoff.max.ms = 10000
	sasl.login.retry.backoff.ms = 100
	sasl.mechanism = GSSAPI
	sasl.oauthbearer.clock.skew.seconds = 30
	sasl.oauthbearer.expected.audience = null
	sasl.oauthbearer.expected.issuer = null
	sasl.oauthbearer.jwks.endpoint.refresh.ms = 3600000
	sasl.oauthbearer.jwks.endpoint.retry.backoff.max.ms = 10000
	sasl.oauthbearer.jwks.endpoint.retry.backoff.ms = 100
	sasl.oauthbearer.jwks.endpoint.url = null
	sasl.oauthbearer.scope.claim.name = scope
	sasl.oauthbearer.sub.claim.name = sub
	sasl.oauthbearer.token.endpoint.url = null
	security.protocol = PLAINTEXT
	security.providers = null
	send.buffer.bytes = 131072
	socket.connection.setup.timeout.max.ms = 30000
	socket.connection.setup.timeout.ms = 10000
	ssl.cipher.suites = null
	ssl.enabled.protocols = [TLSv1.2, TLSv1.3]
	ssl.endpoint.identification.algorithm = https
	ssl.engine.factory.class = null
	ssl.key.password = null
	ssl.keymanager.algorithm = SunX509
	ssl.keystore.certificate.chain = null
	ssl.keystore.key = null
	ssl.keystore.location = null
	ssl.keystore.password = null
	ssl.keystore.type = JKS
	ssl.protocol = TLSv1.3
	ssl.provider = null
	ssl.secure.random.implementation = null
	ssl.trustmanager.algorithm = PKIX
	ssl.truststore.certificates = null
	ssl.truststore.location = null
	ssl.truststore.password = null
	ssl.truststore.type = JKS

2024-03-05T07:49:42.774+01:00  INFO 11964 --- [           main] o.a.kafka.common.utils.AppInfoParser     : Kafka version: 3.6.1
2024-03-05T07:49:42.774+01:00  INFO 11964 --- [           main] o.a.kafka.common.utils.AppInfoParser     : Kafka commitId: 5e3c2b738d253ff5
2024-03-05T07:49:42.774+01:00  INFO 11964 --- [           main] o.a.kafka.common.utils.AppInfoParser     : Kafka startTimeMs: 1709621382774
2024-03-05T07:49:42.791+01:00  INFO 11964 --- [0-event-handler] o.a.k.c.ReplicationControlManager        : [QuorumController id=0] CreateTopics result(s): CreatableTopic(name='product-update', numPartitions=2, replicationFactor=1, assignments=[], configs=[]): SUCCESS, CreatableTopic(name='oneTimeTransaction-update', numPartitions=2, replicationFactor=1, assignments=[], configs=[]): SUCCESS, CreatableTopic(name='recurringTransaction-update', numPartitions=2, replicationFactor=1, assignments=[], configs=[]): SUCCESS
2024-03-05T07:49:42.792+01:00  INFO 11964 --- [0-event-handler] o.a.k.c.ReplicationControlManager        : [QuorumController id=0] Replayed TopicRecord for topic product-update with topic ID 5mAdO67jQSyA8cGwPcrR7w.
2024-03-05T07:49:42.792+01:00  INFO 11964 --- [0-event-handler] o.a.k.c.ReplicationControlManager        : [QuorumController id=0] Replayed PartitionRecord for new partition product-update-0 with topic ID 5mAdO67jQSyA8cGwPcrR7w and PartitionRegistration(replicas=[0], isr=[0], removingReplicas=[], addingReplicas=[], leader=0, leaderRecoveryState=RECOVERED, leaderEpoch=0, partitionEpoch=0).
2024-03-05T07:49:42.792+01:00  INFO 11964 --- [0-event-handler] o.a.k.c.ReplicationControlManager        : [QuorumController id=0] Replayed PartitionRecord for new partition product-update-1 with topic ID 5mAdO67jQSyA8cGwPcrR7w and PartitionRegistration(replicas=[0], isr=[0], removingReplicas=[], addingReplicas=[], leader=0, leaderRecoveryState=RECOVERED, leaderEpoch=0, partitionEpoch=0).
2024-03-05T07:49:42.792+01:00  INFO 11964 --- [0-event-handler] o.a.k.c.ReplicationControlManager        : [QuorumController id=0] Replayed TopicRecord for topic oneTimeTransaction-update with topic ID kQvyEbNORjOJFsKEo_8KxA.
2024-03-05T07:49:42.792+01:00  INFO 11964 --- [0-event-handler] o.a.k.c.ReplicationControlManager        : [QuorumController id=0] Replayed PartitionRecord for new partition oneTimeTransaction-update-0 with topic ID kQvyEbNORjOJFsKEo_8KxA and PartitionRegistration(replicas=[0], isr=[0], removingReplicas=[], addingReplicas=[], leader=0, leaderRecoveryState=RECOVERED, leaderEpoch=0, partitionEpoch=0).
2024-03-05T07:49:42.792+01:00  INFO 11964 --- [0-event-handler] o.a.k.c.ReplicationControlManager        : [QuorumController id=0] Replayed PartitionRecord for new partition oneTimeTransaction-update-1 with topic ID kQvyEbNORjOJFsKEo_8KxA and PartitionRegistration(replicas=[0], isr=[0], removingReplicas=[], addingReplicas=[], leader=0, leaderRecoveryState=RECOVERED, leaderEpoch=0, partitionEpoch=0).
2024-03-05T07:49:42.792+01:00  INFO 11964 --- [0-event-handler] o.a.k.c.ReplicationControlManager        : [QuorumController id=0] Replayed TopicRecord for topic recurringTransaction-update with topic ID fd3-pUM4R4OYIxzAtUnSZw.
2024-03-05T07:49:42.792+01:00  INFO 11964 --- [0-event-handler] o.a.k.c.ReplicationControlManager        : [QuorumController id=0] Replayed PartitionRecord for new partition recurringTransaction-update-0 with topic ID fd3-pUM4R4OYIxzAtUnSZw and PartitionRegistration(replicas=[0], isr=[0], removingReplicas=[], addingReplicas=[], leader=0, leaderRecoveryState=RECOVERED, leaderEpoch=0, partitionEpoch=0).
2024-03-05T07:49:42.792+01:00  INFO 11964 --- [0-event-handler] o.a.k.c.ReplicationControlManager        : [QuorumController id=0] Replayed PartitionRecord for new partition recurringTransaction-update-1 with topic ID fd3-pUM4R4OYIxzAtUnSZw and PartitionRegistration(replicas=[0], isr=[0], removingReplicas=[], addingReplicas=[], leader=0, leaderRecoveryState=RECOVERED, leaderEpoch=0, partitionEpoch=0).
2024-03-05T07:49:42.823+01:00  INFO 11964 --- [r-event-handler] state.change.logger                      : [Broker id=0] Transitioning 6 partition(s) to local leaders.
2024-03-05T07:49:42.823+01:00  INFO 11964 --- [r-event-handler] kafka.server.ReplicaFetcherManager       : [ReplicaFetcherManager on broker 0] Removed fetcher for partitions Set(product-update-1, oneTimeTransaction-update-0, recurringTransaction-update-0, product-update-0, oneTimeTransaction-update-1, recurringTransaction-update-1)
2024-03-05T07:49:42.823+01:00  INFO 11964 --- [r-event-handler] state.change.logger                      : [Broker id=0] Creating new partition product-update-1 with topic id 5mAdO67jQSyA8cGwPcrR7w.
2024-03-05T07:49:42.826+01:00  INFO 11964 --- [| adminclient-9] o.a.kafka.common.utils.AppInfoParser     : App info kafka.admin.client for adminclient-9 unregistered
2024-03-05T07:49:42.828+01:00  INFO 11964 --- [| adminclient-9] o.apache.kafka.common.metrics.Metrics    : Metrics scheduler closed
2024-03-05T07:49:42.828+01:00  INFO 11964 --- [| adminclient-9] o.apache.kafka.common.metrics.Metrics    : Closing reporter org.apache.kafka.common.metrics.JmxReporter
2024-03-05T07:49:42.828+01:00  INFO 11964 --- [| adminclient-9] o.apache.kafka.common.metrics.Metrics    : Metrics reporters closed
2024-03-05T07:49:42.831+01:00  INFO 11964 --- [           main] c.e.A.l.operations.BudgetServiceTest     : Starting BudgetServiceTest using Java 17.0.1 with PID 11964 (started by tobia in C:\Users\tobia\Documents\privat\KIT\Semester_China\financetracker\implementation\analytics)
2024-03-05T07:49:42.831+01:00  INFO 11964 --- [           main] c.e.A.l.operations.BudgetServiceTest     : No active profile set, falling back to 1 default profile: "default"
2024-03-05T07:49:42.840+01:00  INFO 11964 --- [r-event-handler] kafka.log.UnifiedLog$                    : [LogLoader partition=product-update-1, dir=C:\Users\tobia\AppData\Local\Temp\kafka-11562819809130378155\broker_0_data0] Loading producer state till offset 0 with message format version 2
2024-03-05T07:49:42.841+01:00  INFO 11964 --- [r-event-handler] kafka.log.LogManager                     : Created log for partition product-update-1 in C:\Users\tobia\AppData\Local\Temp\kafka-11562819809130378155\broker_0_data0\product-update-1 with properties {}
2024-03-05T07:49:42.841+01:00  INFO 11964 --- [r-event-handler] kafka.cluster.Partition                  : [Partition product-update-1 broker=0] No checkpointed highwatermark is found for partition product-update-1
2024-03-05T07:49:42.842+01:00  INFO 11964 --- [r-event-handler] kafka.cluster.Partition                  : [Partition product-update-1 broker=0] Log loaded for partition product-update-1 with initial high watermark 0
2024-03-05T07:49:42.842+01:00  INFO 11964 --- [r-event-handler] state.change.logger                      : [Broker id=0] Leader product-update-1 with topic id Some(5mAdO67jQSyA8cGwPcrR7w) starts at leader epoch 0 from offset 0 with partition epoch 0, high watermark 0, ISR [0], adding replicas [] and removing replicas [] . Previous leader None and previous leader epoch was -1.
2024-03-05T07:49:42.850+01:00  INFO 11964 --- [r-event-handler] state.change.logger                      : [Broker id=0] Creating new partition oneTimeTransaction-update-0 with topic id kQvyEbNORjOJFsKEo_8KxA.
2024-03-05T07:49:42.861+01:00  INFO 11964 --- [r-event-handler] kafka.log.UnifiedLog$                    : [LogLoader partition=oneTimeTransaction-update-0, dir=C:\Users\tobia\AppData\Local\Temp\kafka-11562819809130378155\broker_0_data0] Loading producer state till offset 0 with message format version 2
2024-03-05T07:49:42.861+01:00  INFO 11964 --- [r-event-handler] kafka.log.LogManager                     : Created log for partition oneTimeTransaction-update-0 in C:\Users\tobia\AppData\Local\Temp\kafka-11562819809130378155\broker_0_data0\oneTimeTransaction-update-0 with properties {}
2024-03-05T07:49:42.861+01:00  INFO 11964 --- [r-event-handler] kafka.cluster.Partition                  : [Partition oneTimeTransaction-update-0 broker=0] No checkpointed highwatermark is found for partition oneTimeTransaction-update-0
2024-03-05T07:49:42.861+01:00  INFO 11964 --- [r-event-handler] kafka.cluster.Partition                  : [Partition oneTimeTransaction-update-0 broker=0] Log loaded for partition oneTimeTransaction-update-0 with initial high watermark 0
2024-03-05T07:49:42.862+01:00  INFO 11964 --- [r-event-handler] state.change.logger                      : [Broker id=0] Leader oneTimeTransaction-update-0 with topic id Some(kQvyEbNORjOJFsKEo_8KxA) starts at leader epoch 0 from offset 0 with partition epoch 0, high watermark 0, ISR [0], adding replicas [] and removing replicas [] . Previous leader None and previous leader epoch was -1.
2024-03-05T07:49:42.874+01:00  INFO 11964 --- [r-event-handler] state.change.logger                      : [Broker id=0] Creating new partition recurringTransaction-update-0 with topic id fd3-pUM4R4OYIxzAtUnSZw.
2024-03-05T07:49:42.886+01:00  INFO 11964 --- [r-event-handler] kafka.log.UnifiedLog$                    : [LogLoader partition=recurringTransaction-update-0, dir=C:\Users\tobia\AppData\Local\Temp\kafka-11562819809130378155\broker_0_data0] Loading producer state till offset 0 with message format version 2
2024-03-05T07:49:42.887+01:00  INFO 11964 --- [r-event-handler] kafka.log.LogManager                     : Created log for partition recurringTransaction-update-0 in C:\Users\tobia\AppData\Local\Temp\kafka-11562819809130378155\broker_0_data0\recurringTransaction-update-0 with properties {}
2024-03-05T07:49:42.887+01:00  INFO 11964 --- [r-event-handler] kafka.cluster.Partition                  : [Partition recurringTransaction-update-0 broker=0] No checkpointed highwatermark is found for partition recurringTransaction-update-0
2024-03-05T07:49:42.887+01:00  INFO 11964 --- [r-event-handler] kafka.cluster.Partition                  : [Partition recurringTransaction-update-0 broker=0] Log loaded for partition recurringTransaction-update-0 with initial high watermark 0
2024-03-05T07:49:42.888+01:00  INFO 11964 --- [r-event-handler] state.change.logger                      : [Broker id=0] Leader recurringTransaction-update-0 with topic id Some(fd3-pUM4R4OYIxzAtUnSZw) starts at leader epoch 0 from offset 0 with partition epoch 0, high watermark 0, ISR [0], adding replicas [] and removing replicas [] . Previous leader None and previous leader epoch was -1.
2024-03-05T07:49:42.896+01:00  INFO 11964 --- [r-event-handler] state.change.logger                      : [Broker id=0] Creating new partition product-update-0 with topic id 5mAdO67jQSyA8cGwPcrR7w.
2024-03-05T07:49:42.910+01:00  INFO 11964 --- [r-event-handler] kafka.log.UnifiedLog$                    : [LogLoader partition=product-update-0, dir=C:\Users\tobia\AppData\Local\Temp\kafka-11562819809130378155\broker_0_data0] Loading producer state till offset 0 with message format version 2
2024-03-05T07:49:42.910+01:00  INFO 11964 --- [r-event-handler] kafka.log.LogManager                     : Created log for partition product-update-0 in C:\Users\tobia\AppData\Local\Temp\kafka-11562819809130378155\broker_0_data0\product-update-0 with properties {}
2024-03-05T07:49:42.910+01:00  INFO 11964 --- [r-event-handler] kafka.cluster.Partition                  : [Partition product-update-0 broker=0] No checkpointed highwatermark is found for partition product-update-0
2024-03-05T07:49:42.910+01:00  INFO 11964 --- [r-event-handler] kafka.cluster.Partition                  : [Partition product-update-0 broker=0] Log loaded for partition product-update-0 with initial high watermark 0
2024-03-05T07:49:42.911+01:00  INFO 11964 --- [r-event-handler] state.change.logger                      : [Broker id=0] Leader product-update-0 with topic id Some(5mAdO67jQSyA8cGwPcrR7w) starts at leader epoch 0 from offset 0 with partition epoch 0, high watermark 0, ISR [0], adding replicas [] and removing replicas [] . Previous leader None and previous leader epoch was -1.
2024-03-05T07:49:42.923+01:00  INFO 11964 --- [r-event-handler] state.change.logger                      : [Broker id=0] Creating new partition oneTimeTransaction-update-1 with topic id kQvyEbNORjOJFsKEo_8KxA.
2024-03-05T07:49:42.987+01:00  INFO 11964 --- [r-event-handler] kafka.log.UnifiedLog$                    : [LogLoader partition=oneTimeTransaction-update-1, dir=C:\Users\tobia\AppData\Local\Temp\kafka-11562819809130378155\broker_0_data0] Loading producer state till offset 0 with message format version 2
2024-03-05T07:49:42.988+01:00  INFO 11964 --- [r-event-handler] kafka.log.LogManager                     : Created log for partition oneTimeTransaction-update-1 in C:\Users\tobia\AppData\Local\Temp\kafka-11562819809130378155\broker_0_data0\oneTimeTransaction-update-1 with properties {}
2024-03-05T07:49:42.988+01:00  INFO 11964 --- [r-event-handler] kafka.cluster.Partition                  : [Partition oneTimeTransaction-update-1 broker=0] No checkpointed highwatermark is found for partition oneTimeTransaction-update-1
2024-03-05T07:49:42.989+01:00  INFO 11964 --- [r-event-handler] kafka.cluster.Partition                  : [Partition oneTimeTransaction-update-1 broker=0] Log loaded for partition oneTimeTransaction-update-1 with initial high watermark 0
2024-03-05T07:49:42.989+01:00  INFO 11964 --- [r-event-handler] state.change.logger                      : [Broker id=0] Leader oneTimeTransaction-update-1 with topic id Some(kQvyEbNORjOJFsKEo_8KxA) starts at leader epoch 0 from offset 0 with partition epoch 0, high watermark 0, ISR [0], adding replicas [] and removing replicas [] . Previous leader None and previous leader epoch was -1.
2024-03-05T07:49:42.998+01:00  INFO 11964 --- [r-event-handler] state.change.logger                      : [Broker id=0] Creating new partition recurringTransaction-update-1 with topic id fd3-pUM4R4OYIxzAtUnSZw.
2024-03-05T07:49:43.008+01:00  INFO 11964 --- [r-event-handler] kafka.log.UnifiedLog$                    : [LogLoader partition=recurringTransaction-update-1, dir=C:\Users\tobia\AppData\Local\Temp\kafka-11562819809130378155\broker_0_data0] Loading producer state till offset 0 with message format version 2
2024-03-05T07:49:43.009+01:00  INFO 11964 --- [r-event-handler] kafka.log.LogManager                     : Created log for partition recurringTransaction-update-1 in C:\Users\tobia\AppData\Local\Temp\kafka-11562819809130378155\broker_0_data0\recurringTransaction-update-1 with properties {}
2024-03-05T07:49:43.009+01:00  INFO 11964 --- [r-event-handler] kafka.cluster.Partition                  : [Partition recurringTransaction-update-1 broker=0] No checkpointed highwatermark is found for partition recurringTransaction-update-1
2024-03-05T07:49:43.009+01:00  INFO 11964 --- [r-event-handler] kafka.cluster.Partition                  : [Partition recurringTransaction-update-1 broker=0] Log loaded for partition recurringTransaction-update-1 with initial high watermark 0
2024-03-05T07:49:43.009+01:00  INFO 11964 --- [r-event-handler] state.change.logger                      : [Broker id=0] Leader recurringTransaction-update-1 with topic id Some(fd3-pUM4R4OYIxzAtUnSZw) starts at leader epoch 0 from offset 0 with partition epoch 0, high watermark 0, ISR [0], adding replicas [] and removing replicas [] . Previous leader None and previous leader epoch was -1.
2024-03-05T07:49:43.336+01:00  INFO 11964 --- [           main] .s.d.r.c.RepositoryConfigurationDelegate : Bootstrapping Spring Data JPA repositories in DEFAULT mode.
2024-03-05T07:49:43.383+01:00  INFO 11964 --- [           main] .s.d.r.c.RepositoryConfigurationDelegate : Finished Spring Data repository scanning in 47 ms. Found 5 JPA repository interfaces.
2024-03-05T07:49:43.537+01:00  INFO 11964 --- [           main] o.s.b.w.embedded.tomcat.TomcatWebServer  : Tomcat initialized with port 0 (http)
2024-03-05T07:49:43.538+01:00  INFO 11964 --- [           main] o.apache.catalina.core.StandardService   : Starting service [Tomcat]
2024-03-05T07:49:43.538+01:00  INFO 11964 --- [           main] o.apache.catalina.core.StandardEngine    : Starting Servlet engine: [Apache Tomcat/10.1.18]
2024-03-05T07:49:43.653+01:00  INFO 11964 --- [           main] o.a.c.c.C.[Tomcat].[localhost].[/]       : Initializing Spring embedded WebApplicationContext
2024-03-05T07:49:43.653+01:00  INFO 11964 --- [           main] w.s.c.ServletWebServerApplicationContext : Root WebApplicationContext: initialization completed in 818 ms
2024-03-05T07:49:43.676+01:00  INFO 11964 --- [           main] com.zaxxer.hikari.HikariDataSource       : HikariPool-9 - Starting...
2024-03-05T07:49:43.680+01:00  INFO 11964 --- [           main] com.zaxxer.hikari.pool.HikariPool        : HikariPool-9 - Added connection conn80: url=jdbc:h2:mem:analytics user=USERNAME
2024-03-05T07:49:43.680+01:00  INFO 11964 --- [           main] com.zaxxer.hikari.HikariDataSource       : HikariPool-9 - Start completed.
2024-03-05T07:49:43.680+01:00  INFO 11964 --- [           main] o.s.b.a.h2.H2ConsoleAutoConfiguration    : H2 console available at '/h2-console'. Database available at 'jdbc:h2:mem:analytics'
2024-03-05T07:49:43.746+01:00  INFO 11964 --- [           main] o.hibernate.jpa.internal.util.LogHelper  : HHH000204: Processing PersistenceUnitInfo [name: default]
2024-03-05T07:49:43.762+01:00  INFO 11964 --- [           main] o.h.c.internal.RegionFactoryInitiator    : HHH000026: Second-level cache disabled
2024-03-05T07:49:43.776+01:00  INFO 11964 --- [           main] o.s.o.j.p.SpringPersistenceUnitInfo      : No LoadTimeWeaver setup: ignoring JPA class transformer
2024-03-05T07:49:43.779+01:00  WARN 11964 --- [           main] org.hibernate.orm.deprecation            : HHH90000025: H2Dialect does not need to be specified explicitly using 'hibernate.dialect' (remove the property setting and it will be selected by default)
2024-03-05T07:49:43.999+01:00  INFO 11964 --- [           main] o.h.e.t.j.p.i.JtaPlatformInitiator       : HHH000489: No JTA platform available (set 'hibernate.transaction.jta.platform' to enable JTA platform integration)
2024-03-05T07:49:44.021+01:00  INFO 11964 --- [           main] j.LocalContainerEntityManagerFactoryBean : Initialized JPA EntityManagerFactory for persistence unit 'default'
2024-03-05T07:49:44.173+01:00  WARN 11964 --- [           main] JpaBaseConfiguration$JpaWebConfiguration : spring.jpa.open-in-view is enabled by default. Therefore, database queries may be performed during view rendering. Explicitly configure spring.jpa.open-in-view to disable this warning
2024-03-05T07:49:44.422+01:00  INFO 11964 --- [           main] o.s.b.w.embedded.tomcat.TomcatWebServer  : Tomcat started on port 54085 (http) with context path ''
2024-03-05T07:49:44.425+01:00  INFO 11964 --- [           main] o.a.k.clients.consumer.ConsumerConfig    : ConsumerConfig values: 
	allow.auto.create.topics = true
	auto.commit.interval.ms = 5000
	auto.include.jmx.reporter = true
	auto.offset.reset = earliest
	bootstrap.servers = [localhost:54080]
	check.crcs = true
	client.dns.lookup = use_all_dns_ips
	client.id = consumer-budget-25
	client.rack = 
	connections.max.idle.ms = 540000
	default.api.timeout.ms = 60000
	enable.auto.commit = false
	exclude.internal.topics = true
	fetch.max.bytes = 52428800
	fetch.max.wait.ms = 500
	fetch.min.bytes = 1
	group.id = budget
	group.instance.id = null
	heartbeat.interval.ms = 3000
	interceptor.classes = []
	internal.leave.group.on.close = true
	internal.throw.on.fetch.stable.offset.unsupported = false
	isolation.level = read_uncommitted
	key.deserializer = class org.apache.kafka.common.serialization.StringDeserializer
	max.partition.fetch.bytes = 1048576
	max.poll.interval.ms = 300000
	max.poll.records = 500
	metadata.max.age.ms = 300000
	metric.reporters = []
	metrics.num.samples = 2
	metrics.recording.level = INFO
	metrics.sample.window.ms = 30000
	partition.assignment.strategy = [class org.apache.kafka.clients.consumer.RangeAssignor, class org.apache.kafka.clients.consumer.CooperativeStickyAssignor]
	receive.buffer.bytes = 65536
	reconnect.backoff.max.ms = 1000
	reconnect.backoff.ms = 50
	request.timeout.ms = 30000
	retry.backoff.ms = 100
	sasl.client.callback.handler.class = null
	sasl.jaas.config = null
	sasl.kerberos.kinit.cmd = /usr/bin/kinit
	sasl.kerberos.min.time.before.relogin = 60000
	sasl.kerberos.service.name = null
	sasl.kerberos.ticket.renew.jitter = 0.05
	sasl.kerberos.ticket.renew.window.factor = 0.8
	sasl.login.callback.handler.class = null
	sasl.login.class = null
	sasl.login.connect.timeout.ms = null
	sasl.login.read.timeout.ms = null
	sasl.login.refresh.buffer.seconds = 300
	sasl.login.refresh.min.period.seconds = 60
	sasl.login.refresh.window.factor = 0.8
	sasl.login.refresh.window.jitter = 0.05
	sasl.login.retry.backoff.max.ms = 10000
	sasl.login.retry.backoff.ms = 100
	sasl.mechanism = GSSAPI
	sasl.oauthbearer.clock.skew.seconds = 30
	sasl.oauthbearer.expected.audience = null
	sasl.oauthbearer.expected.issuer = null
	sasl.oauthbearer.jwks.endpoint.refresh.ms = 3600000
	sasl.oauthbearer.jwks.endpoint.retry.backoff.max.ms = 10000
	sasl.oauthbearer.jwks.endpoint.retry.backoff.ms = 100
	sasl.oauthbearer.jwks.endpoint.url = null
	sasl.oauthbearer.scope.claim.name = scope
	sasl.oauthbearer.sub.claim.name = sub
	sasl.oauthbearer.token.endpoint.url = null
	security.protocol = PLAINTEXT
	security.providers = null
	send.buffer.bytes = 131072
	session.timeout.ms = 45000
	socket.connection.setup.timeout.max.ms = 30000
	socket.connection.setup.timeout.ms = 10000
	ssl.cipher.suites = null
	ssl.enabled.protocols = [TLSv1.2, TLSv1.3]
	ssl.endpoint.identification.algorithm = https
	ssl.engine.factory.class = null
	ssl.key.password = null
	ssl.keymanager.algorithm = SunX509
	ssl.keystore.certificate.chain = null
	ssl.keystore.key = null
	ssl.keystore.location = null
	ssl.keystore.password = null
	ssl.keystore.type = JKS
	ssl.protocol = TLSv1.3
	ssl.provider = null
	ssl.secure.random.implementation = null
	ssl.trustmanager.algorithm = PKIX
	ssl.truststore.certificates = null
	ssl.truststore.location = null
	ssl.truststore.password = null
	ssl.truststore.type = JKS
	value.deserializer = class org.springframework.kafka.support.serializer.JsonDeserializer

2024-03-05T07:49:44.431+01:00  INFO 11964 --- [           main] o.a.kafka.common.utils.AppInfoParser     : Kafka version: 3.6.1
2024-03-05T07:49:44.431+01:00  INFO 11964 --- [           main] o.a.kafka.common.utils.AppInfoParser     : Kafka commitId: 5e3c2b738d253ff5
2024-03-05T07:49:44.431+01:00  INFO 11964 --- [           main] o.a.kafka.common.utils.AppInfoParser     : Kafka startTimeMs: 1709621384431
2024-03-05T07:49:44.431+01:00  INFO 11964 --- [           main] fkaConsumerFactory$ExtendedKafkaConsumer : [Consumer clientId=consumer-budget-25, groupId=budget] Subscribed to topic(s): oneTimeTransaction-update
2024-03-05T07:49:44.433+01:00  INFO 11964 --- [           main] o.a.k.clients.consumer.ConsumerConfig    : ConsumerConfig values: 
	allow.auto.create.topics = true
	auto.commit.interval.ms = 5000
	auto.include.jmx.reporter = true
	auto.offset.reset = earliest
	bootstrap.servers = [localhost:54080]
	check.crcs = true
	client.dns.lookup = use_all_dns_ips
	client.id = consumer-product-26
	client.rack = 
	connections.max.idle.ms = 540000
	default.api.timeout.ms = 60000
	enable.auto.commit = false
	exclude.internal.topics = true
	fetch.max.bytes = 52428800
	fetch.max.wait.ms = 500
	fetch.min.bytes = 1
	group.id = product
	group.instance.id = null
	heartbeat.interval.ms = 3000
	interceptor.classes = []
	internal.leave.group.on.close = true
	internal.throw.on.fetch.stable.offset.unsupported = false
	isolation.level = read_uncommitted
	key.deserializer = class org.apache.kafka.common.serialization.StringDeserializer
	max.partition.fetch.bytes = 1048576
	max.poll.interval.ms = 300000
	max.poll.records = 500
	metadata.max.age.ms = 300000
	metric.reporters = []
	metrics.num.samples = 2
	metrics.recording.level = INFO
	metrics.sample.window.ms = 30000
	partition.assignment.strategy = [class org.apache.kafka.clients.consumer.RangeAssignor, class org.apache.kafka.clients.consumer.CooperativeStickyAssignor]
	receive.buffer.bytes = 65536
	reconnect.backoff.max.ms = 1000
	reconnect.backoff.ms = 50
	request.timeout.ms = 30000
	retry.backoff.ms = 100
	sasl.client.callback.handler.class = null
	sasl.jaas.config = null
	sasl.kerberos.kinit.cmd = /usr/bin/kinit
	sasl.kerberos.min.time.before.relogin = 60000
	sasl.kerberos.service.name = null
	sasl.kerberos.ticket.renew.jitter = 0.05
	sasl.kerberos.ticket.renew.window.factor = 0.8
	sasl.login.callback.handler.class = null
	sasl.login.class = null
	sasl.login.connect.timeout.ms = null
	sasl.login.read.timeout.ms = null
	sasl.login.refresh.buffer.seconds = 300
	sasl.login.refresh.min.period.seconds = 60
	sasl.login.refresh.window.factor = 0.8
	sasl.login.refresh.window.jitter = 0.05
	sasl.login.retry.backoff.max.ms = 10000
	sasl.login.retry.backoff.ms = 100
	sasl.mechanism = GSSAPI
	sasl.oauthbearer.clock.skew.seconds = 30
	sasl.oauthbearer.expected.audience = null
	sasl.oauthbearer.expected.issuer = null
	sasl.oauthbearer.jwks.endpoint.refresh.ms = 3600000
	sasl.oauthbearer.jwks.endpoint.retry.backoff.max.ms = 10000
	sasl.oauthbearer.jwks.endpoint.retry.backoff.ms = 100
	sasl.oauthbearer.jwks.endpoint.url = null
	sasl.oauthbearer.scope.claim.name = scope
	sasl.oauthbearer.sub.claim.name = sub
	sasl.oauthbearer.token.endpoint.url = null
	security.protocol = PLAINTEXT
	security.providers = null
	send.buffer.bytes = 131072
	session.timeout.ms = 45000
	socket.connection.setup.timeout.max.ms = 30000
	socket.connection.setup.timeout.ms = 10000
	ssl.cipher.suites = null
	ssl.enabled.protocols = [TLSv1.2, TLSv1.3]
	ssl.endpoint.identification.algorithm = https
	ssl.engine.factory.class = null
	ssl.key.password = null
	ssl.keymanager.algorithm = SunX509
	ssl.keystore.certificate.chain = null
	ssl.keystore.key = null
	ssl.keystore.location = null
	ssl.keystore.password = null
	ssl.keystore.type = JKS
	ssl.protocol = TLSv1.3
	ssl.provider = null
	ssl.secure.random.implementation = null
	ssl.trustmanager.algorithm = PKIX
	ssl.truststore.certificates = null
	ssl.truststore.location = null
	ssl.truststore.password = null
	ssl.truststore.type = JKS
	value.deserializer = class org.springframework.kafka.support.serializer.JsonDeserializer

2024-03-05T07:49:44.440+01:00  INFO 11964 --- [ntainer#2-0-C-1] org.apache.kafka.clients.Metadata        : [Consumer clientId=consumer-budget-25, groupId=budget] Cluster ID: cTTD3Rd5RmywtZAGy2ty9g
2024-03-05T07:49:44.441+01:00  INFO 11964 --- [quest-handler-4] k.s.DefaultAutoTopicCreationManager      : Sent auto-creation request for Set(__consumer_offsets) to the active controller.
2024-03-05T07:49:44.444+01:00  INFO 11964 --- [0-event-handler] o.a.k.c.ReplicationControlManager        : [QuorumController id=0] CreateTopics result(s): CreatableTopic(name='__consumer_offsets', numPartitions=50, replicationFactor=1, assignments=[], configs=[CreateableTopicConfig(name='compression.type', value='producer'), CreateableTopicConfig(name='cleanup.policy', value='compact'), CreateableTopicConfig(name='segment.bytes', value='104857600')]): SUCCESS
2024-03-05T07:49:44.444+01:00  INFO 11964 --- [0-event-handler] o.a.k.c.ReplicationControlManager        : [QuorumController id=0] Replayed TopicRecord for topic __consumer_offsets with topic ID LNXH-wc6S_m3224quRHaZA.
2024-03-05T07:49:44.444+01:00  INFO 11964 --- [0-event-handler] o.a.k.c.ConfigurationControlManager      : [QuorumController id=0] Replayed ConfigRecord for ConfigResource(type=TOPIC, name='__consumer_offsets') which set configuration compression.type to producer
2024-03-05T07:49:44.445+01:00  INFO 11964 --- [0-event-handler] o.a.k.c.ConfigurationControlManager      : [QuorumController id=0] Replayed ConfigRecord for ConfigResource(type=TOPIC, name='__consumer_offsets') which set configuration cleanup.policy to compact
2024-03-05T07:49:44.445+01:00  INFO 11964 --- [0-event-handler] o.a.k.c.ConfigurationControlManager      : [QuorumController id=0] Replayed ConfigRecord for ConfigResource(type=TOPIC, name='__consumer_offsets') which set configuration segment.bytes to 104857600
2024-03-05T07:49:44.445+01:00  INFO 11964 --- [0-event-handler] o.a.k.c.ReplicationControlManager        : [QuorumController id=0] Replayed PartitionRecord for new partition __consumer_offsets-0 with topic ID LNXH-wc6S_m3224quRHaZA and PartitionRegistration(replicas=[0], isr=[0], removingReplicas=[], addingReplicas=[], leader=0, leaderRecoveryState=RECOVERED, leaderEpoch=0, partitionEpoch=0).
2024-03-05T07:49:44.445+01:00  INFO 11964 --- [0-event-handler] o.a.k.c.ReplicationControlManager        : [QuorumController id=0] Replayed PartitionRecord for new partition __consumer_offsets-1 with topic ID LNXH-wc6S_m3224quRHaZA and PartitionRegistration(replicas=[0], isr=[0], removingReplicas=[], addingReplicas=[], leader=0, leaderRecoveryState=RECOVERED, leaderEpoch=0, partitionEpoch=0).
2024-03-05T07:49:44.445+01:00  INFO 11964 --- [0-event-handler] o.a.k.c.ReplicationControlManager        : [QuorumController id=0] Replayed PartitionRecord for new partition __consumer_offsets-2 with topic ID LNXH-wc6S_m3224quRHaZA and PartitionRegistration(replicas=[0], isr=[0], removingReplicas=[], addingReplicas=[], leader=0, leaderRecoveryState=RECOVERED, leaderEpoch=0, partitionEpoch=0).
2024-03-05T07:49:44.445+01:00  INFO 11964 --- [0-event-handler] o.a.k.c.ReplicationControlManager        : [QuorumController id=0] Replayed PartitionRecord for new partition __consumer_offsets-3 with topic ID LNXH-wc6S_m3224quRHaZA and PartitionRegistration(replicas=[0], isr=[0], removingReplicas=[], addingReplicas=[], leader=0, leaderRecoveryState=RECOVERED, leaderEpoch=0, partitionEpoch=0).
2024-03-05T07:49:44.445+01:00  INFO 11964 --- [0-event-handler] o.a.k.c.ReplicationControlManager        : [QuorumController id=0] Replayed PartitionRecord for new partition __consumer_offsets-4 with topic ID LNXH-wc6S_m3224quRHaZA and PartitionRegistration(replicas=[0], isr=[0], removingReplicas=[], addingReplicas=[], leader=0, leaderRecoveryState=RECOVERED, leaderEpoch=0, partitionEpoch=0).
2024-03-05T07:49:44.445+01:00  INFO 11964 --- [0-event-handler] o.a.k.c.ReplicationControlManager        : [QuorumController id=0] Replayed PartitionRecord for new partition __consumer_offsets-5 with topic ID LNXH-wc6S_m3224quRHaZA and PartitionRegistration(replicas=[0], isr=[0], removingReplicas=[], addingReplicas=[], leader=0, leaderRecoveryState=RECOVERED, leaderEpoch=0, partitionEpoch=0).
2024-03-05T07:49:44.445+01:00  INFO 11964 --- [0-event-handler] o.a.k.c.ReplicationControlManager        : [QuorumController id=0] Replayed PartitionRecord for new partition __consumer_offsets-6 with topic ID LNXH-wc6S_m3224quRHaZA and PartitionRegistration(replicas=[0], isr=[0], removingReplicas=[], addingReplicas=[], leader=0, leaderRecoveryState=RECOVERED, leaderEpoch=0, partitionEpoch=0).
2024-03-05T07:49:44.445+01:00  INFO 11964 --- [0-event-handler] o.a.k.c.ReplicationControlManager        : [QuorumController id=0] Replayed PartitionRecord for new partition __consumer_offsets-7 with topic ID LNXH-wc6S_m3224quRHaZA and PartitionRegistration(replicas=[0], isr=[0], removingReplicas=[], addingReplicas=[], leader=0, leaderRecoveryState=RECOVERED, leaderEpoch=0, partitionEpoch=0).
2024-03-05T07:49:44.445+01:00  INFO 11964 --- [0-event-handler] o.a.k.c.ReplicationControlManager        : [QuorumController id=0] Replayed PartitionRecord for new partition __consumer_offsets-8 with topic ID LNXH-wc6S_m3224quRHaZA and PartitionRegistration(replicas=[0], isr=[0], removingReplicas=[], addingReplicas=[], leader=0, leaderRecoveryState=RECOVERED, leaderEpoch=0, partitionEpoch=0).
2024-03-05T07:49:44.445+01:00  INFO 11964 --- [0-event-handler] o.a.k.c.ReplicationControlManager        : [QuorumController id=0] Replayed PartitionRecord for new partition __consumer_offsets-9 with topic ID LNXH-wc6S_m3224quRHaZA and PartitionRegistration(replicas=[0], isr=[0], removingReplicas=[], addingReplicas=[], leader=0, leaderRecoveryState=RECOVERED, leaderEpoch=0, partitionEpoch=0).
2024-03-05T07:49:44.445+01:00  INFO 11964 --- [0-event-handler] o.a.k.c.ReplicationControlManager        : [QuorumController id=0] Replayed PartitionRecord for new partition __consumer_offsets-10 with topic ID LNXH-wc6S_m3224quRHaZA and PartitionRegistration(replicas=[0], isr=[0], removingReplicas=[], addingReplicas=[], leader=0, leaderRecoveryState=RECOVERED, leaderEpoch=0, partitionEpoch=0).
2024-03-05T07:49:44.445+01:00  INFO 11964 --- [0-event-handler] o.a.k.c.ReplicationControlManager        : [QuorumController id=0] Replayed PartitionRecord for new partition __consumer_offsets-11 with topic ID LNXH-wc6S_m3224quRHaZA and PartitionRegistration(replicas=[0], isr=[0], removingReplicas=[], addingReplicas=[], leader=0, leaderRecoveryState=RECOVERED, leaderEpoch=0, partitionEpoch=0).
2024-03-05T07:49:44.445+01:00  INFO 11964 --- [0-event-handler] o.a.k.c.ReplicationControlManager        : [QuorumController id=0] Replayed PartitionRecord for new partition __consumer_offsets-12 with topic ID LNXH-wc6S_m3224quRHaZA and PartitionRegistration(replicas=[0], isr=[0], removingReplicas=[], addingReplicas=[], leader=0, leaderRecoveryState=RECOVERED, leaderEpoch=0, partitionEpoch=0).
2024-03-05T07:49:44.445+01:00  INFO 11964 --- [0-event-handler] o.a.k.c.ReplicationControlManager        : [QuorumController id=0] Replayed PartitionRecord for new partition __consumer_offsets-13 with topic ID LNXH-wc6S_m3224quRHaZA and PartitionRegistration(replicas=[0], isr=[0], removingReplicas=[], addingReplicas=[], leader=0, leaderRecoveryState=RECOVERED, leaderEpoch=0, partitionEpoch=0).
2024-03-05T07:49:44.445+01:00  INFO 11964 --- [0-event-handler] o.a.k.c.ReplicationControlManager        : [QuorumController id=0] Replayed PartitionRecord for new partition __consumer_offsets-14 with topic ID LNXH-wc6S_m3224quRHaZA and PartitionRegistration(replicas=[0], isr=[0], removingReplicas=[], addingReplicas=[], leader=0, leaderRecoveryState=RECOVERED, leaderEpoch=0, partitionEpoch=0).
2024-03-05T07:49:44.445+01:00  INFO 11964 --- [0-event-handler] o.a.k.c.ReplicationControlManager        : [QuorumController id=0] Replayed PartitionRecord for new partition __consumer_offsets-15 with topic ID LNXH-wc6S_m3224quRHaZA and PartitionRegistration(replicas=[0], isr=[0], removingReplicas=[], addingReplicas=[], leader=0, leaderRecoveryState=RECOVERED, leaderEpoch=0, partitionEpoch=0).
2024-03-05T07:49:44.445+01:00  INFO 11964 --- [0-event-handler] o.a.k.c.ReplicationControlManager        : [QuorumController id=0] Replayed PartitionRecord for new partition __consumer_offsets-16 with topic ID LNXH-wc6S_m3224quRHaZA and PartitionRegistration(replicas=[0], isr=[0], removingReplicas=[], addingReplicas=[], leader=0, leaderRecoveryState=RECOVERED, leaderEpoch=0, partitionEpoch=0).
2024-03-05T07:49:44.446+01:00  INFO 11964 --- [0-event-handler] o.a.k.c.ReplicationControlManager        : [QuorumController id=0] Replayed PartitionRecord for new partition __consumer_offsets-17 with topic ID LNXH-wc6S_m3224quRHaZA and PartitionRegistration(replicas=[0], isr=[0], removingReplicas=[], addingReplicas=[], leader=0, leaderRecoveryState=RECOVERED, leaderEpoch=0, partitionEpoch=0).
2024-03-05T07:49:44.446+01:00  INFO 11964 --- [0-event-handler] o.a.k.c.ReplicationControlManager        : [QuorumController id=0] Replayed PartitionRecord for new partition __consumer_offsets-18 with topic ID LNXH-wc6S_m3224quRHaZA and PartitionRegistration(replicas=[0], isr=[0], removingReplicas=[], addingReplicas=[], leader=0, leaderRecoveryState=RECOVERED, leaderEpoch=0, partitionEpoch=0).
2024-03-05T07:49:44.446+01:00  INFO 11964 --- [0-event-handler] o.a.k.c.ReplicationControlManager        : [QuorumController id=0] Replayed PartitionRecord for new partition __consumer_offsets-19 with topic ID LNXH-wc6S_m3224quRHaZA and PartitionRegistration(replicas=[0], isr=[0], removingReplicas=[], addingReplicas=[], leader=0, leaderRecoveryState=RECOVERED, leaderEpoch=0, partitionEpoch=0).
2024-03-05T07:49:44.446+01:00  INFO 11964 --- [0-event-handler] o.a.k.c.ReplicationControlManager        : [QuorumController id=0] Replayed PartitionRecord for new partition __consumer_offsets-20 with topic ID LNXH-wc6S_m3224quRHaZA and PartitionRegistration(replicas=[0], isr=[0], removingReplicas=[], addingReplicas=[], leader=0, leaderRecoveryState=RECOVERED, leaderEpoch=0, partitionEpoch=0).
2024-03-05T07:49:44.446+01:00  INFO 11964 --- [0-event-handler] o.a.k.c.ReplicationControlManager        : [QuorumController id=0] Replayed PartitionRecord for new partition __consumer_offsets-21 with topic ID LNXH-wc6S_m3224quRHaZA and PartitionRegistration(replicas=[0], isr=[0], removingReplicas=[], addingReplicas=[], leader=0, leaderRecoveryState=RECOVERED, leaderEpoch=0, partitionEpoch=0).
2024-03-05T07:49:44.446+01:00  INFO 11964 --- [0-event-handler] o.a.k.c.ReplicationControlManager        : [QuorumController id=0] Replayed PartitionRecord for new partition __consumer_offsets-22 with topic ID LNXH-wc6S_m3224quRHaZA and PartitionRegistration(replicas=[0], isr=[0], removingReplicas=[], addingReplicas=[], leader=0, leaderRecoveryState=RECOVERED, leaderEpoch=0, partitionEpoch=0).
2024-03-05T07:49:44.446+01:00  INFO 11964 --- [0-event-handler] o.a.k.c.ReplicationControlManager        : [QuorumController id=0] Replayed PartitionRecord for new partition __consumer_offsets-23 with topic ID LNXH-wc6S_m3224quRHaZA and PartitionRegistration(replicas=[0], isr=[0], removingReplicas=[], addingReplicas=[], leader=0, leaderRecoveryState=RECOVERED, leaderEpoch=0, partitionEpoch=0).
2024-03-05T07:49:44.446+01:00  INFO 11964 --- [0-event-handler] o.a.k.c.ReplicationControlManager        : [QuorumController id=0] Replayed PartitionRecord for new partition __consumer_offsets-24 with topic ID LNXH-wc6S_m3224quRHaZA and PartitionRegistration(replicas=[0], isr=[0], removingReplicas=[], addingReplicas=[], leader=0, leaderRecoveryState=RECOVERED, leaderEpoch=0, partitionEpoch=0).
2024-03-05T07:49:44.446+01:00  INFO 11964 --- [0-event-handler] o.a.k.c.ReplicationControlManager        : [QuorumController id=0] Replayed PartitionRecord for new partition __consumer_offsets-25 with topic ID LNXH-wc6S_m3224quRHaZA and PartitionRegistration(replicas=[0], isr=[0], removingReplicas=[], addingReplicas=[], leader=0, leaderRecoveryState=RECOVERED, leaderEpoch=0, partitionEpoch=0).
2024-03-05T07:49:44.446+01:00  INFO 11964 --- [0-event-handler] o.a.k.c.ReplicationControlManager        : [QuorumController id=0] Replayed PartitionRecord for new partition __consumer_offsets-26 with topic ID LNXH-wc6S_m3224quRHaZA and PartitionRegistration(replicas=[0], isr=[0], removingReplicas=[], addingReplicas=[], leader=0, leaderRecoveryState=RECOVERED, leaderEpoch=0, partitionEpoch=0).
2024-03-05T07:49:44.446+01:00  INFO 11964 --- [0-event-handler] o.a.k.c.ReplicationControlManager        : [QuorumController id=0] Replayed PartitionRecord for new partition __consumer_offsets-27 with topic ID LNXH-wc6S_m3224quRHaZA and PartitionRegistration(replicas=[0], isr=[0], removingReplicas=[], addingReplicas=[], leader=0, leaderRecoveryState=RECOVERED, leaderEpoch=0, partitionEpoch=0).
2024-03-05T07:49:44.446+01:00  INFO 11964 --- [0-event-handler] o.a.k.c.ReplicationControlManager        : [QuorumController id=0] Replayed PartitionRecord for new partition __consumer_offsets-28 with topic ID LNXH-wc6S_m3224quRHaZA and PartitionRegistration(replicas=[0], isr=[0], removingReplicas=[], addingReplicas=[], leader=0, leaderRecoveryState=RECOVERED, leaderEpoch=0, partitionEpoch=0).
2024-03-05T07:49:44.446+01:00  INFO 11964 --- [0-event-handler] o.a.k.c.ReplicationControlManager        : [QuorumController id=0] Replayed PartitionRecord for new partition __consumer_offsets-29 with topic ID LNXH-wc6S_m3224quRHaZA and PartitionRegistration(replicas=[0], isr=[0], removingReplicas=[], addingReplicas=[], leader=0, leaderRecoveryState=RECOVERED, leaderEpoch=0, partitionEpoch=0).
[...]
2024-03-05T07:49:46.739+01:00  INFO 11964 --- [adata-manager-0] k.c.group.GroupMetadataManager           : [GroupMetadataManager brokerId=0] Finished loading offsets and group metadata from __consumer_offsets-36 in 10 milliseconds for epoch 0, of which 10 milliseconds was spent in the scheduler.
2024-03-05T07:49:46.739+01:00  INFO 11964 --- [adata-manager-0] k.c.group.GroupMetadataManager           : [GroupMetadataManager brokerId=0] Finished loading offsets and group metadata from __consumer_offsets-47 in 10 milliseconds for epoch 0, of which 10 milliseconds was spent in the scheduler.
2024-03-05T07:49:46.739+01:00  INFO 11964 --- [adata-manager-0] k.c.group.GroupMetadataManager           : [GroupMetadataManager brokerId=0] Finished loading offsets and group metadata from __consumer_offsets-14 in 10 milliseconds for epoch 0, of which 10 milliseconds was spent in the scheduler.
2024-03-05T07:49:46.739+01:00  INFO 11964 --- [adata-manager-0] k.c.group.GroupMetadataManager           : [GroupMetadataManager brokerId=0] Finished loading offsets and group metadata from __consumer_offsets-43 in 10 milliseconds for epoch 0, of which 10 milliseconds was spent in the scheduler.
2024-03-05T07:49:46.739+01:00  INFO 11964 --- [adata-manager-0] k.c.group.GroupMetadataManager           : [GroupMetadataManager brokerId=0] Finished loading offsets and group metadata from __consumer_offsets-10 in 10 milliseconds for epoch 0, of which 10 milliseconds was spent in the scheduler.
2024-03-05T07:49:46.740+01:00  INFO 11964 --- [adata-manager-0] k.c.group.GroupMetadataManager           : [GroupMetadataManager brokerId=0] Finished loading offsets and group metadata from __consumer_offsets-22 in 11 milliseconds for epoch 0, of which 10 milliseconds was spent in the scheduler.
2024-03-05T07:49:46.740+01:00  INFO 11964 --- [adata-manager-0] k.c.group.GroupMetadataManager           : [GroupMetadataManager brokerId=0] Finished loading offsets and group metadata from __consumer_offsets-18 in 11 milliseconds for epoch 0, of which 11 milliseconds was spent in the scheduler.
2024-03-05T07:49:46.740+01:00  INFO 11964 --- [adata-manager-0] k.c.group.GroupMetadataManager           : [GroupMetadataManager brokerId=0] Finished loading offsets and group metadata from __consumer_offsets-31 in 11 milliseconds for epoch 0, of which 11 milliseconds was spent in the scheduler.
2024-03-05T07:49:46.740+01:00  INFO 11964 --- [adata-manager-0] k.c.group.GroupMetadataManager           : [GroupMetadataManager brokerId=0] Finished loading offsets and group metadata from __consumer_offsets-27 in 11 milliseconds for epoch 0, of which 11 milliseconds was spent in the scheduler.
2024-03-05T07:49:46.740+01:00  INFO 11964 --- [adata-manager-0] k.c.group.GroupMetadataManager           : [GroupMetadataManager brokerId=0] Finished loading offsets and group metadata from __consumer_offsets-39 in 11 milliseconds for epoch 0, of which 11 milliseconds was spent in the scheduler.
2024-03-05T07:49:46.740+01:00  INFO 11964 --- [adata-manager-0] k.c.group.GroupMetadataManager           : [GroupMetadataManager brokerId=0] Finished loading offsets and group metadata from __consumer_offsets-6 in 11 milliseconds for epoch 0, of which 11 milliseconds was spent in the scheduler.
2024-03-05T07:49:46.740+01:00  INFO 11964 --- [adata-manager-0] k.c.group.GroupMetadataManager           : [GroupMetadataManager brokerId=0] Finished loading offsets and group metadata from __consumer_offsets-35 in 11 milliseconds for epoch 0, of which 11 milliseconds was spent in the scheduler.
2024-03-05T07:49:46.740+01:00  INFO 11964 --- [adata-manager-0] k.c.group.GroupMetadataManager           : [GroupMetadataManager brokerId=0] Finished loading offsets and group metadata from __consumer_offsets-2 in 11 milliseconds for epoch 0, of which 11 milliseconds was spent in the scheduler.
2024-03-05T07:49:46.791+01:00  INFO 11964 --- [ntainer#2-0-C-1] o.a.k.c.c.internals.ConsumerCoordinator  : [Consumer clientId=consumer-budget-25, groupId=budget] Discovered group coordinator localhost:54080 (id: 2147483647 rack: null)
2024-03-05T07:49:46.793+01:00  INFO 11964 --- [ntainer#2-0-C-1] o.a.k.c.c.internals.ConsumerCoordinator  : [Consumer clientId=consumer-budget-25, groupId=budget] Request joining group due to: rebalance failed due to 'This is not the correct coordinator.' (NotCoordinatorException)
2024-03-05T07:49:46.793+01:00  INFO 11964 --- [ntainer#2-0-C-1] o.a.k.c.c.internals.ConsumerCoordinator  : [Consumer clientId=consumer-budget-25, groupId=budget] (Re-)joining group
2024-03-05T07:49:46.800+01:00  INFO 11964 --- [quest-handler-2] k.coordinator.group.GroupCoordinator     : [GroupCoordinator 0]: Dynamic member with unknown member id joins group budget in Empty state. Created a new member id consumer-budget-25-8c018e21-8cde-495a-ac16-1a34a1188036 and request the member to rejoin with this id.
2024-03-05T07:49:46.802+01:00  INFO 11964 --- [ntainer#2-0-C-1] o.a.k.c.c.internals.ConsumerCoordinator  : [Consumer clientId=consumer-budget-25, groupId=budget] Request joining group due to: need to re-join with the given member-id: consumer-budget-25-8c018e21-8cde-495a-ac16-1a34a1188036
2024-03-05T07:49:46.802+01:00  INFO 11964 --- [ntainer#2-0-C-1] o.a.k.c.c.internals.ConsumerCoordinator  : [Consumer clientId=consumer-budget-25, groupId=budget] Request joining group due to: rebalance failed due to 'The group member needs to have a valid member id before actually entering a consumer group.' (MemberIdRequiredException)
2024-03-05T07:49:46.802+01:00  INFO 11964 --- [ntainer#2-0-C-1] o.a.k.c.c.internals.ConsumerCoordinator  : [Consumer clientId=consumer-budget-25, groupId=budget] (Re-)joining group
2024-03-05T07:49:46.805+01:00  INFO 11964 --- [ntainer#0-0-C-1] o.a.k.c.c.internals.ConsumerCoordinator  : [Consumer clientId=consumer-product-26, groupId=product] Discovered group coordinator localhost:54080 (id: 2147483647 rack: null)
2024-03-05T07:49:46.806+01:00  INFO 11964 --- [ntainer#0-0-C-1] o.a.k.c.c.internals.ConsumerCoordinator  : [Consumer clientId=consumer-product-26, groupId=product] Request joining group due to: rebalance failed due to 'This is not the correct coordinator.' (NotCoordinatorException)
2024-03-05T07:49:46.811+01:00  INFO 11964 --- [ntainer#0-0-C-1] o.a.k.c.c.internals.ConsumerCoordinator  : [Consumer clientId=consumer-product-26, groupId=product] (Re-)joining group
2024-03-05T07:49:46.817+01:00  INFO 11964 --- [quest-handler-1] k.coordinator.group.GroupCoordinator     : [GroupCoordinator 0]: Preparing to rebalance group budget in state PreparingRebalance with old generation 0 (__consumer_offsets-11) (reason: Adding new member consumer-budget-25-8c018e21-8cde-495a-ac16-1a34a1188036 with group instance id None; client reason: rebalance failed due to MemberIdRequiredException)
2024-03-05T07:49:46.822+01:00  INFO 11964 --- [quest-handler-6] k.coordinator.group.GroupCoordinator     : [GroupCoordinator 0]: Dynamic member with unknown member id joins group product in Empty state. Created a new member id consumer-product-26-f4eceee1-8fbe-46b1-940a-f7fe2ff87479 and request the member to rejoin with this id.
2024-03-05T07:49:46.823+01:00  INFO 11964 --- [ntainer#0-0-C-1] o.a.k.c.c.internals.ConsumerCoordinator  : [Consumer clientId=consumer-product-26, groupId=product] Request joining group due to: need to re-join with the given member-id: consumer-product-26-f4eceee1-8fbe-46b1-940a-f7fe2ff87479
2024-03-05T07:49:46.824+01:00  INFO 11964 --- [ntainer#0-0-C-1] o.a.k.c.c.internals.ConsumerCoordinator  : [Consumer clientId=consumer-product-26, groupId=product] Request joining group due to: rebalance failed due to 'The group member needs to have a valid member id before actually entering a consumer group.' (MemberIdRequiredException)
2024-03-05T07:49:46.824+01:00  INFO 11964 --- [ntainer#0-0-C-1] o.a.k.c.c.internals.ConsumerCoordinator  : [Consumer clientId=consumer-product-26, groupId=product] (Re-)joining group
2024-03-05T07:49:46.825+01:00  INFO 11964 --- [ntainer#1-0-C-1] o.a.k.c.c.internals.ConsumerCoordinator  : [Consumer clientId=consumer-budget-27, groupId=budget] Discovered group coordinator localhost:54080 (id: 2147483647 rack: null)
2024-03-05T07:49:46.826+01:00  INFO 11964 --- [ntainer#1-0-C-1] o.a.k.c.c.internals.ConsumerCoordinator  : [Consumer clientId=consumer-budget-27, groupId=budget] Request joining group due to: rebalance failed due to 'This is not the correct coordinator.' (NotCoordinatorException)
2024-03-05T07:49:46.827+01:00  INFO 11964 --- [ntainer#1-0-C-1] o.a.k.c.c.internals.ConsumerCoordinator  : [Consumer clientId=consumer-budget-27, groupId=budget] (Re-)joining group
2024-03-05T07:49:46.827+01:00  INFO 11964 --- [quest-handler-4] k.coordinator.group.GroupCoordinator     : [GroupCoordinator 0]: Preparing to rebalance group product in state PreparingRebalance with old generation 0 (__consumer_offsets-15) (reason: Adding new member consumer-product-26-f4eceee1-8fbe-46b1-940a-f7fe2ff87479 with group instance id None; client reason: rebalance failed due to MemberIdRequiredException)
2024-03-05T07:49:46.830+01:00  INFO 11964 --- [quest-handler-6] k.coordinator.group.GroupCoordinator     : [GroupCoordinator 0]: Dynamic member with unknown member id joins group budget in PreparingRebalance state. Created a new member id consumer-budget-27-73925bc7-bfbc-44f2-8f31-7751481be913 and request the member to rejoin with this id.
2024-03-05T07:49:46.830+01:00  INFO 11964 --- [ntainer#1-0-C-1] o.a.k.c.c.internals.ConsumerCoordinator  : [Consumer clientId=consumer-budget-27, groupId=budget] Request joining group due to: need to re-join with the given member-id: consumer-budget-27-73925bc7-bfbc-44f2-8f31-7751481be913
2024-03-05T07:49:46.831+01:00  INFO 11964 --- [ntainer#1-0-C-1] o.a.k.c.c.internals.ConsumerCoordinator  : [Consumer clientId=consumer-budget-27, groupId=budget] Request joining group due to: rebalance failed due to 'The group member needs to have a valid member id before actually entering a consumer group.' (MemberIdRequiredException)
2024-03-05T07:49:46.831+01:00  INFO 11964 --- [ntainer#1-0-C-1] o.a.k.c.c.internals.ConsumerCoordinator  : [Consumer clientId=consumer-budget-27, groupId=budget] (Re-)joining group
2024-03-05T07:49:46.842+01:00  INFO 11964 --- [cutor-Rebalance] k.coordinator.group.GroupCoordinator     : [GroupCoordinator 0]: Stabilized group product generation 1 (__consumer_offsets-15) with 1 members
2024-03-05T07:49:46.843+01:00  INFO 11964 --- [ntainer#0-0-C-1] o.a.k.c.c.internals.ConsumerCoordinator  : [Consumer clientId=consumer-product-26, groupId=product] Successfully joined group with generation Generation{generationId=1, memberId='consumer-product-26-f4eceee1-8fbe-46b1-940a-f7fe2ff87479', protocol='range'}
2024-03-05T07:49:46.844+01:00  INFO 11964 --- [ntainer#0-0-C-1] o.a.k.c.c.internals.ConsumerCoordinator  : [Consumer clientId=consumer-product-26, groupId=product] Finished assignment for group at generation 1: {consumer-product-26-f4eceee1-8fbe-46b1-940a-f7fe2ff87479=Assignment(partitions=[product-update-0, product-update-1])}
2024-03-05T07:49:46.845+01:00  INFO 11964 --- [cutor-Rebalance] k.coordinator.group.GroupCoordinator     : [GroupCoordinator 0]: Stabilized group budget generation 1 (__consumer_offsets-11) with 2 members
2024-03-05T07:49:46.846+01:00  INFO 11964 --- [ntainer#2-0-C-1] o.a.k.c.c.internals.ConsumerCoordinator  : [Consumer clientId=consumer-budget-25, groupId=budget] Successfully joined group with generation Generation{generationId=1, memberId='consumer-budget-25-8c018e21-8cde-495a-ac16-1a34a1188036', protocol='range'}
2024-03-05T07:49:46.846+01:00  INFO 11964 --- [ntainer#1-0-C-1] o.a.k.c.c.internals.ConsumerCoordinator  : [Consumer clientId=consumer-budget-27, groupId=budget] Successfully joined group with generation Generation{generationId=1, memberId='consumer-budget-27-73925bc7-bfbc-44f2-8f31-7751481be913', protocol='range'}
2024-03-05T07:49:46.853+01:00  INFO 11964 --- [quest-handler-4] k.coordinator.group.GroupCoordinator     : [GroupCoordinator 0]: Assignment received from leader consumer-product-26-f4eceee1-8fbe-46b1-940a-f7fe2ff87479 for group product for generation 1. The group has 1 members, 0 of which are static.
2024-03-05T07:49:46.853+01:00  INFO 11964 --- [ntainer#2-0-C-1] o.a.k.c.c.internals.ConsumerCoordinator  : [Consumer clientId=consumer-budget-25, groupId=budget] Finished assignment for group at generation 1: {consumer-budget-25-8c018e21-8cde-495a-ac16-1a34a1188036=Assignment(partitions=[oneTimeTransaction-update-0, oneTimeTransaction-update-1]), consumer-budget-27-73925bc7-bfbc-44f2-8f31-7751481be913=Assignment(partitions=[recurringTransaction-update-0, recurringTransaction-update-1])}
2024-03-05T07:49:46.858+01:00  INFO 11964 --- [ntainer#0-0-C-1] o.a.k.c.c.internals.ConsumerCoordinator  : [Consumer clientId=consumer-product-26, groupId=product] Successfully synced group in generation Generation{generationId=1, memberId='consumer-product-26-f4eceee1-8fbe-46b1-940a-f7fe2ff87479', protocol='range'}
2024-03-05T07:49:46.858+01:00  INFO 11964 --- [ntainer#0-0-C-1] o.a.k.c.c.internals.ConsumerCoordinator  : [Consumer clientId=consumer-product-26, groupId=product] Notifying assignor about the new Assignment(partitions=[product-update-0, product-update-1])
2024-03-05T07:49:46.858+01:00  INFO 11964 --- [ntainer#0-0-C-1] o.a.k.c.c.internals.ConsumerCoordinator  : [Consumer clientId=consumer-product-26, groupId=product] Adding newly assigned partitions: product-update-0, product-update-1
2024-03-05T07:49:46.858+01:00  INFO 11964 --- [quest-handler-4] k.coordinator.group.GroupCoordinator     : [GroupCoordinator 0]: Assignment received from leader consumer-budget-25-8c018e21-8cde-495a-ac16-1a34a1188036 for group budget for generation 1. The group has 2 members, 0 of which are static.
2024-03-05T07:49:46.860+01:00  INFO 11964 --- [ntainer#0-0-C-1] o.a.k.c.c.internals.ConsumerCoordinator  : [Consumer clientId=consumer-product-26, groupId=product] Found no committed offset for partition product-update-1
2024-03-05T07:49:46.860+01:00  INFO 11964 --- [ntainer#0-0-C-1] o.a.k.c.c.internals.ConsumerCoordinator  : [Consumer clientId=consumer-product-26, groupId=product] Found no committed offset for partition product-update-0
2024-03-05T07:49:46.863+01:00  INFO 11964 --- [ntainer#1-0-C-1] o.a.k.c.c.internals.ConsumerCoordinator  : [Consumer clientId=consumer-budget-27, groupId=budget] Successfully synced group in generation Generation{generationId=1, memberId='consumer-budget-27-73925bc7-bfbc-44f2-8f31-7751481be913', protocol='range'}
2024-03-05T07:49:46.863+01:00  INFO 11964 --- [ntainer#2-0-C-1] o.a.k.c.c.internals.ConsumerCoordinator  : [Consumer clientId=consumer-budget-25, groupId=budget] Successfully synced group in generation Generation{generationId=1, memberId='consumer-budget-25-8c018e21-8cde-495a-ac16-1a34a1188036', protocol='range'}
2024-03-05T07:49:46.863+01:00  INFO 11964 --- [ntainer#1-0-C-1] o.a.k.c.c.internals.ConsumerCoordinator  : [Consumer clientId=consumer-budget-27, groupId=budget] Notifying assignor about the new Assignment(partitions=[recurringTransaction-update-0, recurringTransaction-update-1])
2024-03-05T07:49:46.863+01:00  INFO 11964 --- [ntainer#1-0-C-1] o.a.k.c.c.internals.ConsumerCoordinator  : [Consumer clientId=consumer-budget-27, groupId=budget] Adding newly assigned partitions: recurringTransaction-update-0, recurringTransaction-update-1
2024-03-05T07:49:46.863+01:00  INFO 11964 --- [ntainer#2-0-C-1] o.a.k.c.c.internals.ConsumerCoordinator  : [Consumer clientId=consumer-budget-25, groupId=budget] Notifying assignor about the new Assignment(partitions=[oneTimeTransaction-update-0, oneTimeTransaction-update-1])
2024-03-05T07:49:46.863+01:00  INFO 11964 --- [ntainer#2-0-C-1] o.a.k.c.c.internals.ConsumerCoordinator  : [Consumer clientId=consumer-budget-25, groupId=budget] Adding newly assigned partitions: oneTimeTransaction-update-0, oneTimeTransaction-update-1
2024-03-05T07:49:46.864+01:00  INFO 11964 --- [ntainer#0-0-C-1] o.a.k.c.c.internals.SubscriptionState    : [Consumer clientId=consumer-product-26, groupId=product] Resetting offset for partition product-update-1 to position FetchPosition{offset=0, offsetEpoch=Optional.empty, currentLeader=LeaderAndEpoch{leader=Optional[localhost:54080 (id: 0 rack: null)], epoch=0}}.
2024-03-05T07:49:46.864+01:00  INFO 11964 --- [ntainer#0-0-C-1] o.a.k.c.c.internals.SubscriptionState    : [Consumer clientId=consumer-product-26, groupId=product] Resetting offset for partition product-update-0 to position FetchPosition{offset=0, offsetEpoch=Optional.empty, currentLeader=LeaderAndEpoch{leader=Optional[localhost:54080 (id: 0 rack: null)], epoch=0}}.
2024-03-05T07:49:46.864+01:00  INFO 11964 --- [ntainer#0-0-C-1] o.s.k.l.KafkaMessageListenerContainer    : product: partitions assigned: [product-update-0, product-update-1]
2024-03-05T07:49:46.866+01:00  INFO 11964 --- [ntainer#2-0-C-1] o.a.k.c.c.internals.ConsumerCoordinator  : [Consumer clientId=consumer-budget-25, groupId=budget] Found no committed offset for partition oneTimeTransaction-update-0
2024-03-05T07:49:46.866+01:00  INFO 11964 --- [ntainer#2-0-C-1] o.a.k.c.c.internals.ConsumerCoordinator  : [Consumer clientId=consumer-budget-25, groupId=budget] Found no committed offset for partition oneTimeTransaction-update-1
2024-03-05T07:49:46.866+01:00  INFO 11964 --- [ntainer#1-0-C-1] o.a.k.c.c.internals.ConsumerCoordinator  : [Consumer clientId=consumer-budget-27, groupId=budget] Found no committed offset for partition recurringTransaction-update-0
2024-03-05T07:49:46.866+01:00  INFO 11964 --- [ntainer#1-0-C-1] o.a.k.c.c.internals.ConsumerCoordinator  : [Consumer clientId=consumer-budget-27, groupId=budget] Found no committed offset for partition recurringTransaction-update-1
2024-03-05T07:49:46.867+01:00  INFO 11964 --- [ntainer#2-0-C-1] o.a.k.c.c.internals.SubscriptionState    : [Consumer clientId=consumer-budget-25, groupId=budget] Resetting offset for partition oneTimeTransaction-update-0 to position FetchPosition{offset=0, offsetEpoch=Optional.empty, currentLeader=LeaderAndEpoch{leader=Optional[localhost:54080 (id: 0 rack: null)], epoch=0}}.
2024-03-05T07:49:46.868+01:00  INFO 11964 --- [ntainer#2-0-C-1] o.a.k.c.c.internals.SubscriptionState    : [Consumer clientId=consumer-budget-25, groupId=budget] Resetting offset for partition oneTimeTransaction-update-1 to position FetchPosition{offset=0, offsetEpoch=Optional.empty, currentLeader=LeaderAndEpoch{leader=Optional[localhost:54080 (id: 0 rack: null)], epoch=0}}.
2024-03-05T07:49:46.868+01:00  INFO 11964 --- [ntainer#2-0-C-1] o.s.k.l.KafkaMessageListenerContainer    : budget: partitions assigned: [oneTimeTransaction-update-0, oneTimeTransaction-update-1]
2024-03-05T07:49:46.868+01:00  INFO 11964 --- [ntainer#1-0-C-1] o.a.k.c.c.internals.SubscriptionState    : [Consumer clientId=consumer-budget-27, groupId=budget] Resetting offset for partition recurringTransaction-update-0 to position FetchPosition{offset=0, offsetEpoch=Optional.empty, currentLeader=LeaderAndEpoch{leader=Optional[localhost:54080 (id: 0 rack: null)], epoch=0}}.
2024-03-05T07:49:46.868+01:00  INFO 11964 --- [ntainer#1-0-C-1] o.a.k.c.c.internals.SubscriptionState    : [Consumer clientId=consumer-budget-27, groupId=budget] Resetting offset for partition recurringTransaction-update-1 to position FetchPosition{offset=0, offsetEpoch=Optional.empty, currentLeader=LeaderAndEpoch{leader=Optional[localhost:54080 (id: 0 rack: null)], epoch=0}}.
2024-03-05T07:49:46.869+01:00  INFO 11964 --- [ntainer#1-0-C-1] o.s.k.l.KafkaMessageListenerContainer    : budget: partitions assigned: [recurringTransaction-update-0, recurringTransaction-update-1]
]]></system-out>
  </testcase>
</testsuite>