<?xml version="1.0" encoding="UTF-8"?>
<testsuite xmlns:xsi="http://www.w3.org/2001/XMLSchema-instance" xsi:noNamespaceSchemaLocation="https://maven.apache.org/surefire/maven-surefire-plugin/xsd/surefire-test-report-3.0.xsd" version="3.0" name="com.example.Analytics.logic.operations.ProductServiceTest" time="3.129" tests="6" errors="0" skipped="0" failures="0">
  <properties>
[...]
</properties>
  <testcase name="testProductReceivePoductDto_whenCreated_thenExists" classname="com.example.Analytics.logic.operations.ProductServiceTest" time="0.031">
    <system-out><![CDATA[2024-03-05T07:49:52.032+01:00  INFO 11964 --- [           main] t.c.s.AnnotationConfigContextLoaderUtils : Could not detect default configuration classes for test class [com.example.Analytics.logic.operations.ProductServiceTest]: ProductServiceTest does not declare any static, non-private, non-final, nested classes annotated with @Configuration.
2024-03-05T07:49:52.034+01:00  INFO 11964 --- [           main] .b.t.c.SpringBootTestContextBootstrapper : Found @SpringBootConfiguration com.example.Analytics.AnalyticsApplication for test class com.example.Analytics.logic.operations.ProductServiceTest

  .   ____          _            __ _ _
 /\\ / ___'_ __ _ _(_)_ __  __ _ \ \ \ \
( ( )\___ | '_ | '_| | '_ \/ _` | \ \ \ \
 \\/  ___)| |_)| | | | | || (_| |  ) ) ) )
  '  |____| .__|_| |_|_| |_\__, | / / / /
 =========|_|==============|___/=/_/_/_/
 :: Spring Boot ::                (v3.2.2)

2024-03-05T07:49:52.121+01:00  INFO 11964 --- [-kit-executor-1] kafka.server.ControllerServer            : Formatting C:\Users\tobia\AppData\Local\Temp\kafka-15961589820718089310\controller_0 with metadata.version 3.3-IV0.
2024-03-05T07:49:52.122+01:00  INFO 11964 --- [-kit-executor-2] kafka.server.ControllerServer            : [ControllerServer id=0] Starting controller
2024-03-05T07:49:52.122+01:00  INFO 11964 --- [-kit-executor-3] kafka.server.BrokerServer                : [BrokerServer id=0] Transition from SHUTDOWN to STARTING
2024-03-05T07:49:52.122+01:00  INFO 11964 --- [-kit-executor-3] kafka.server.SharedServer                : [SharedServer id=0] Starting SharedServer
2024-03-05T07:49:52.125+01:00  INFO 11964 --- [-kit-executor-2] o.a.k.s.network.EndpointReadyFutures     : authorizerStart completed for endpoint CONTROLLER. Endpoint is now READY.
2024-03-05T07:49:52.136+01:00  INFO 11964 --- [-kit-executor-3] kafka.log.UnifiedLog$                    : [LogLoader partition=__cluster_metadata-0, dir=C:\Users\tobia\AppData\Local\Temp\kafka-15961589820718089310\controller_0] Loading producer state till offset 0 with message format version 2
2024-03-05T07:49:52.136+01:00  INFO 11964 --- [-kit-executor-3] kafka.log.UnifiedLog$                    : [LogLoader partition=__cluster_metadata-0, dir=C:\Users\tobia\AppData\Local\Temp\kafka-15961589820718089310\controller_0] Reloading from producer snapshot and rebuilding producer state from offset 0
2024-03-05T07:49:52.136+01:00  INFO 11964 --- [-kit-executor-3] kafka.log.UnifiedLog$                    : [LogLoader partition=__cluster_metadata-0, dir=C:\Users\tobia\AppData\Local\Temp\kafka-15961589820718089310\controller_0] Producer state recovery took 0ms for snapshot load and 0ms for segment recovery from offset 0
2024-03-05T07:49:52.137+01:00  INFO 11964 --- [-kit-executor-3] kafka.raft.KafkaMetadataLog$             : Initialized snapshots with IDs SortedSet() from C:\Users\tobia\AppData\Local\Temp\kafka-15961589820718089310\controller_0\__cluster_metadata-0
2024-03-05T07:49:52.140+01:00  INFO 11964 --- [piration-reaper] ExpirationService$ExpiredOperationReaper : [raft-expiration-reaper]: Starting
2024-03-05T07:49:52.142+01:00  INFO 11964 --- [-kit-executor-2] kafka.network.ConnectionQuotas           : Updated connection-accept-rate max connection creation rate to 2147483647
2024-03-05T07:49:52.145+01:00  INFO 11964 --- [-kit-executor-2] kafka.network.DataPlaneAcceptor          : Awaiting socket connections on localhost:54167.
2024-03-05T07:49:52.145+01:00  INFO 11964 --- [-kit-executor-2] kafka.network.DataPlaneAcceptor          : Opened wildcard endpoint localhost:54167
2024-03-05T07:49:52.154+01:00  INFO 11964 --- [-kit-executor-3] org.apache.kafka.raft.QuorumState        : [RaftManager id=0] Completed transition to Unattached(epoch=0, voters=[0], electionTimeoutMs=1204) from null
2024-03-05T07:49:52.155+01:00  INFO 11964 --- [-kit-executor-2] kafka.network.SocketServer               : [SocketServer listenerType=CONTROLLER, nodeId=0] Created data-plane acceptor and processors for endpoint : ListenerName(CONTROLLER)
2024-03-05T07:49:52.161+01:00  INFO 11964 --- [-kit-executor-3] org.apache.kafka.raft.QuorumState        : [RaftManager id=0] Completed transition to CandidateState(localId=0, epoch=1, retries=1, voteStates={0=GRANTED}, highWatermark=Optional.empty, electionTimeoutMs=1628) from Unattached(epoch=0, voters=[0], electionTimeoutMs=1204)
2024-03-05T07:49:52.168+01:00  INFO 11964 --- [-kit-executor-3] org.apache.kafka.raft.QuorumState        : [RaftManager id=0] Completed transition to Leader(localId=0, epoch=1, epochStartOffset=0, highWatermark=Optional.empty, voterStates={0=ReplicaState(nodeId=0, endOffset=Optional.empty, lastFetchTimestamp=-1, lastCaughtUpTimestamp=-1, hasAcknowledgedLeader=true)}) from CandidateState(localId=0, epoch=1, retries=1, voteStates={0=GRANTED}, highWatermark=Optional.empty, electionTimeoutMs=1628)
2024-03-05T07:49:52.174+01:00  INFO 11964 --- [-request-thread] kafka.raft.RaftSendThread                : [kafka-0-raft-outbound-request-thread]: Starting
2024-03-05T07:49:52.174+01:00  INFO 11964 --- [-raft-io-thread] k.raft.KafkaRaftManager$RaftIoThread     : [kafka-0-raft-io-thread]: Starting
2024-03-05T07:49:52.174+01:00  INFO 11964 --- [-kit-executor-3] kafka.server.BrokerServer                : [BrokerServer id=0] Starting broker
2024-03-05T07:49:52.174+01:00  INFO 11964 --- [-kit-executor-2] kafka.server.ControllerServer            : [ControllerServer id=0] Waiting for controller quorum voters future
2024-03-05T07:49:52.174+01:00  INFO 11964 --- [-kit-executor-2] kafka.server.ControllerServer            : [ControllerServer id=0] Finished waiting for controller quorum voters future
2024-03-05T07:49:52.175+01:00  INFO 11964 --- [-raft-io-thread] org.apache.kafka.raft.LeaderState        : [RaftManager id=0] High watermark set to LogOffsetMetadata(offset=1, metadata=Optional[(segmentBaseOffset=0,relativePositionInSegment=91)]) for the first time for epoch 1 based on indexOfHw 0 and voters [ReplicaState(nodeId=0, endOffset=Optional[LogOffsetMetadata(offset=1, metadata=Optional[(segmentBaseOffset=0,relativePositionInSegment=91)])], lastFetchTimestamp=-1, lastCaughtUpTimestamp=-1, hasAcknowledgedLeader=true)]
2024-03-05T07:49:52.175+01:00  INFO 11964 --- [-kit-executor-2] o.a.kafka.controller.QuorumController    : [QuorumController id=0] Creating new QuorumController with clusterId lOZQUKVSQ-i_3GlTqLeesA.
2024-03-05T07:49:52.175+01:00  INFO 11964 --- [r-event-handler] o.a.kafka.image.loader.MetadataLoader    : [MetadataLoader id=0] initializeNewPublishers: the loader is still catching up because we still don't know the high water mark yet.
2024-03-05T07:49:52.176+01:00  INFO 11964 --- [nelReaper-Fetch] lientQuotaManager$ThrottledChannelReaper : [controller-0-ThrottledChannelReaper-Fetch]: Starting
2024-03-05T07:49:52.176+01:00  INFO 11964 --- [lReaper-Produce] lientQuotaManager$ThrottledChannelReaper : [controller-0-ThrottledChannelReaper-Produce]: Starting
2024-03-05T07:49:52.176+01:00  INFO 11964 --- [lReaper-Request] lientQuotaManager$ThrottledChannelReaper : [controller-0-ThrottledChannelReaper-Request]: Starting
2024-03-05T07:49:52.177+01:00  INFO 11964 --- [trollerMutation] lientQuotaManager$ThrottledChannelReaper : [controller-0-ThrottledChannelReaper-ControllerMutation]: Starting
2024-03-05T07:49:52.177+01:00  INFO 11964 --- [per-0-AlterAcls] perationPurgatory$ExpiredOperationReaper : [ExpirationReaper-0-AlterAcls]: Starting
2024-03-05T07:49:52.178+01:00  INFO 11964 --- [-raft-io-thread] org.apache.kafka.raft.KafkaRaftClient    : [RaftManager id=0] Registered the listener org.apache.kafka.image.loader.MetadataLoader@1184319659
2024-03-05T07:49:52.179+01:00  INFO 11964 --- [-raft-io-thread] org.apache.kafka.raft.KafkaRaftClient    : [RaftManager id=0] Registered the listener org.apache.kafka.controller.QuorumController$QuorumMetaLogListener@1213251081
2024-03-05T07:49:52.179+01:00  INFO 11964 --- [-kit-executor-2] kafka.server.ControllerServer            : [ControllerServer id=0] Waiting for the controller metadata publishers to be installed
2024-03-05T07:49:52.179+01:00  INFO 11964 --- [r-event-handler] o.a.kafka.image.loader.MetadataLoader    : [MetadataLoader id=0] initializeNewPublishers: The loader is still catching up because we have loaded up to offset -1, but the high water mark is 1
2024-03-05T07:49:52.179+01:00  INFO 11964 --- [-kit-executor-3] kafka.log.LogManager                     : Log directory C:\Users\tobia\AppData\Local\Temp\kafka-15961589820718089310\broker_0_data0 not found, creating it.
2024-03-05T07:49:52.179+01:00  INFO 11964 --- [-kit-executor-2] kafka.server.ControllerServer            : [ControllerServer id=0] Finished waiting for the controller metadata publishers to be installed
2024-03-05T07:49:52.179+01:00  INFO 11964 --- [-kit-executor-2] kafka.network.SocketServer               : [SocketServer listenerType=CONTROLLER, nodeId=0] Enabling request processing.
2024-03-05T07:49:52.179+01:00  INFO 11964 --- [r-event-handler] o.a.kafka.image.loader.MetadataLoader    : [MetadataLoader id=0] maybePublishMetadata(LOG_DELTA): The loader is still catching up because we have not loaded a controller record as of offset 0 and high water mark is 1
2024-03-05T07:49:52.180+01:00  INFO 11964 --- [0-event-handler] o.a.kafka.controller.QuorumController    : [QuorumController id=0] Becoming the active controller at epoch 1, next write offset 1.
2024-03-05T07:49:52.180+01:00  INFO 11964 --- [-kit-executor-2] kafka.server.ControllerServer            : [ControllerServer id=0] Waiting for all of the authorizer futures to be completed
2024-03-05T07:49:52.180+01:00  INFO 11964 --- [-kit-executor-2] kafka.server.ControllerServer            : [ControllerServer id=0] Finished waiting for all of the authorizer futures to be completed
2024-03-05T07:49:52.180+01:00  INFO 11964 --- [-kit-executor-2] kafka.server.ControllerServer            : [ControllerServer id=0] Waiting for all of the SocketServer Acceptors to be started
2024-03-05T07:49:52.180+01:00  INFO 11964 --- [-kit-executor-2] kafka.server.ControllerServer            : [ControllerServer id=0] Finished waiting for all of the SocketServer Acceptors to be started
2024-03-05T07:49:52.180+01:00  WARN 11964 --- [0-event-handler] o.a.kafka.controller.QuorumController    : [QuorumController id=0] Performing controller activation. The metadata log appears to be empty. Appending 1 bootstrap record(s) in metadata transaction at metadata.version 3.6-IV2 from bootstrap source 'testkit'. Setting the ZK migration state to NONE since this is a de-novo KRaft cluster.
2024-03-05T07:49:52.180+01:00  INFO 11964 --- [0-event-handler] o.a.k.controller.OffsetControlManager    : [QuorumController id=0] Replayed BeginTransactionRecord(name='Bootstrap records') at offset 1.
2024-03-05T07:49:52.180+01:00  INFO 11964 --- [0-event-handler] o.a.k.controller.FeatureControlManager   : [QuorumController id=0] Replayed a FeatureLevelRecord setting metadata version to 3.6-IV2
2024-03-05T07:49:52.180+01:00  INFO 11964 --- [0-event-handler] o.a.k.controller.OffsetControlManager    : [QuorumController id=0] Replayed EndTransactionRecord() at offset 4.
2024-03-05T07:49:52.181+01:00  INFO 11964 --- [nelReaper-Fetch] lientQuotaManager$ThrottledChannelReaper : [broker-0-ThrottledChannelReaper-Fetch]: Starting
2024-03-05T07:49:52.181+01:00  INFO 11964 --- [lReaper-Produce] lientQuotaManager$ThrottledChannelReaper : [broker-0-ThrottledChannelReaper-Produce]: Starting
2024-03-05T07:49:52.182+01:00  INFO 11964 --- [lReaper-Request] lientQuotaManager$ThrottledChannelReaper : [broker-0-ThrottledChannelReaper-Request]: Starting
2024-03-05T07:49:52.182+01:00  INFO 11964 --- [trollerMutation] lientQuotaManager$ThrottledChannelReaper : [broker-0-ThrottledChannelReaper-ControllerMutation]: Starting
2024-03-05T07:49:52.184+01:00  INFO 11964 --- [-kit-executor-3] kafka.server.BrokerServer                : [BrokerServer id=0] Waiting for controller quorum voters future
2024-03-05T07:49:52.184+01:00  INFO 11964 --- [-kit-executor-3] kafka.server.BrokerServer                : [BrokerServer id=0] Finished waiting for controller quorum voters future
2024-03-05T07:49:52.186+01:00  INFO 11964 --- [channel-manager] k.s.BrokerToControllerRequestThread      : [broker-0-to-controller-forwarding-channel-manager]: Starting
2024-03-05T07:49:52.186+01:00  INFO 11964 --- [channel-manager] k.s.BrokerToControllerRequestThread      : [broker-0-to-controller-forwarding-channel-manager]: Recorded new controller, from now on will use node localhost:54167 (id: 0 rack: null)
2024-03-05T07:49:52.202+01:00  INFO 11964 --- [-kit-executor-3] kafka.network.ConnectionQuotas           : Updated connection-accept-rate max connection creation rate to 2147483647
2024-03-05T07:49:52.204+01:00  INFO 11964 --- [-kit-executor-3] kafka.network.DataPlaneAcceptor          : Awaiting socket connections on localhost:54168.
2024-03-05T07:49:52.204+01:00  INFO 11964 --- [-kit-executor-3] kafka.network.DataPlaneAcceptor          : Opened wildcard endpoint localhost:54168
2024-03-05T07:49:52.211+01:00  INFO 11964 --- [r-event-handler] o.a.kafka.image.loader.MetadataLoader    : [MetadataLoader id=0] maybePublishMetadata(LOG_DELTA): The loader finished catching up to the current high water mark of 5
2024-03-05T07:49:52.214+01:00  INFO 11964 --- [-kit-executor-3] kafka.network.SocketServer               : [SocketServer listenerType=BROKER, nodeId=0] Created data-plane acceptor and processors for endpoint : ListenerName(EXTERNAL)
2024-03-05T07:49:52.217+01:00  INFO 11964 --- [channel-manager] k.s.BrokerToControllerRequestThread      : [broker-0-to-controller-alter-partition-channel-manager]: Starting
2024-03-05T07:49:52.217+01:00  INFO 11964 --- [channel-manager] k.s.BrokerToControllerRequestThread      : [broker-0-to-controller-alter-partition-channel-manager]: Recorded new controller, from now on will use node localhost:54167 (id: 0 rack: null)
2024-03-05T07:49:52.220+01:00  INFO 11964 --- [eaper-0-Produce] perationPurgatory$ExpiredOperationReaper : [ExpirationReaper-0-Produce]: Starting
2024-03-05T07:49:52.221+01:00  INFO 11964 --- [nReaper-0-Fetch] perationPurgatory$ExpiredOperationReaper : [ExpirationReaper-0-Fetch]: Starting
2024-03-05T07:49:52.221+01:00  INFO 11964 --- [0-DeleteRecords] perationPurgatory$ExpiredOperationReaper : [ExpirationReaper-0-DeleteRecords]: Starting
2024-03-05T07:49:52.221+01:00  INFO 11964 --- [r-0-ElectLeader] perationPurgatory$ExpiredOperationReaper : [ExpirationReaper-0-ElectLeader]: Starting
2024-03-05T07:49:52.222+01:00  INFO 11964 --- [r-0-RemoteFetch] perationPurgatory$ExpiredOperationReaper : [ExpirationReaper-0-RemoteFetch]: Starting
2024-03-05T07:49:52.223+01:00  INFO 11964 --- [per-0-Heartbeat] perationPurgatory$ExpiredOperationReaper : [ExpirationReaper-0-Heartbeat]: Starting
2024-03-05T07:49:52.224+01:00  INFO 11964 --- [per-0-Rebalance] perationPurgatory$ExpiredOperationReaper : [ExpirationReaper-0-Rebalance]: Starting
2024-03-05T07:49:52.231+01:00  INFO 11964 --- [r-event-handler] kafka.server.BrokerLifecycleManager      : [BrokerLifecycleManager id=0] Incarnation i4cWHoE6R7S7yAwTS7q4TA of broker 0 in cluster lOZQUKVSQ-i_3GlTqLeesA is now STARTING.
2024-03-05T07:49:52.231+01:00  INFO 11964 --- [channel-manager] k.s.BrokerToControllerRequestThread      : [broker-0-to-controller-heartbeat-channel-manager]: Starting
2024-03-05T07:49:52.231+01:00  INFO 11964 --- [channel-manager] k.s.BrokerToControllerRequestThread      : [broker-0-to-controller-heartbeat-channel-manager]: Recorded new controller, from now on will use node localhost:54167 (id: 0 rack: null)
2024-03-05T07:49:52.233+01:00  INFO 11964 --- [per-0-AlterAcls] perationPurgatory$ExpiredOperationReaper : [ExpirationReaper-0-AlterAcls]: Starting
2024-03-05T07:49:52.234+01:00  INFO 11964 --- [0-event-handler] o.a.k.controller.ClusterControlManager   : [QuorumController id=0] Replayed initial RegisterBrokerRecord for broker 0: RegisterBrokerRecord(brokerId=0, isMigratingZkBroker=false, incarnationId=i4cWHoE6R7S7yAwTS7q4TA, brokerEpoch=5, endPoints=[BrokerEndpoint(name='EXTERNAL', host='localhost', port=54168, securityProtocol=0)], features=[BrokerFeature(name='metadata.version', minSupportedVersion=1, maxSupportedVersion=14)], rack=null, fenced=true, inControlledShutdown=false)
2024-03-05T07:49:52.236+01:00  INFO 11964 --- [-kit-executor-3] kafka.server.BrokerServer                : [BrokerServer id=0] Waiting for the broker metadata publishers to be installed
2024-03-05T07:49:52.236+01:00  INFO 11964 --- [-kit-executor-3] kafka.server.BrokerServer                : [BrokerServer id=0] Finished waiting for the broker metadata publishers to be installed
2024-03-05T07:49:52.236+01:00  INFO 11964 --- [-kit-executor-3] kafka.server.BrokerServer                : [BrokerServer id=0] Waiting for the controller to acknowledge that we are caught up
2024-03-05T07:49:52.236+01:00  INFO 11964 --- [r-event-handler] o.a.kafka.image.loader.MetadataLoader    : [MetadataLoader id=0] InitializeNewPublishers: initializing SnapshotGenerator with a snapshot at offset 4
2024-03-05T07:49:52.236+01:00  INFO 11964 --- [r-event-handler] o.a.kafka.image.loader.MetadataLoader    : [MetadataLoader id=0] InitializeNewPublishers: initializing FeaturesPublisher with a snapshot at offset 4
2024-03-05T07:49:52.236+01:00  INFO 11964 --- [r-event-handler] o.a.kafka.image.loader.MetadataLoader    : [MetadataLoader id=0] InitializeNewPublishers: initializing DynamicConfigPublisher controller id=0 with a snapshot at offset 4
2024-03-05T07:49:52.236+01:00  INFO 11964 --- [r-event-handler] o.a.kafka.image.loader.MetadataLoader    : [MetadataLoader id=0] InitializeNewPublishers: initializing DynamicClientQuotaPublisher controller id=0 with a snapshot at offset 4
2024-03-05T07:49:52.236+01:00  INFO 11964 --- [r-event-handler] o.a.kafka.image.loader.MetadataLoader    : [MetadataLoader id=0] InitializeNewPublishers: initializing ScramPublisher controller id=0 with a snapshot at offset 4
2024-03-05T07:49:52.236+01:00  INFO 11964 --- [r-event-handler] o.a.kafka.image.loader.MetadataLoader    : [MetadataLoader id=0] InitializeNewPublishers: initializing DelegationTokenPublisher controller id=0 with a snapshot at offset 4
2024-03-05T07:49:52.236+01:00  INFO 11964 --- [r-event-handler] o.a.kafka.image.loader.MetadataLoader    : [MetadataLoader id=0] InitializeNewPublishers: initializing ControllerMetadataMetricsPublisher with a snapshot at offset 4
2024-03-05T07:49:52.236+01:00  INFO 11964 --- [r-event-handler] o.a.kafka.image.loader.MetadataLoader    : [MetadataLoader id=0] InitializeNewPublishers: initializing AclPublisher controller id=0 with a snapshot at offset 4
2024-03-05T07:49:52.236+01:00  INFO 11964 --- [r-event-handler] o.a.kafka.image.loader.MetadataLoader    : [MetadataLoader id=0] InitializeNewPublishers: initializing BrokerMetadataPublisher with a snapshot at offset 4
2024-03-05T07:49:52.236+01:00  INFO 11964 --- [r-event-handler] k.s.metadata.BrokerMetadataPublisher     : [BrokerMetadataPublisher id=0] Publishing initial metadata at offset OffsetAndEpoch(offset=4, epoch=1) with metadata.version 3.6-IV2.
2024-03-05T07:49:52.236+01:00  INFO 11964 --- [r-event-handler] kafka.log.LogManager                     : Loading logs from log dirs ArraySeq(C:\Users\tobia\AppData\Local\Temp\kafka-15961589820718089310\broker_0_data0)
2024-03-05T07:49:52.238+01:00  INFO 11964 --- [r-event-handler] kafka.log.LogManager                     : No logs found to be loaded in C:\Users\tobia\AppData\Local\Temp\kafka-15961589820718089310\broker_0_data0
2024-03-05T07:49:52.238+01:00  INFO 11964 --- [r-event-handler] kafka.log.LogManager                     : Loaded 0 logs in 2ms
2024-03-05T07:49:52.238+01:00  INFO 11964 --- [r-event-handler] kafka.log.LogManager                     : Starting log cleanup with a period of 300000 ms.
2024-03-05T07:49:52.239+01:00  INFO 11964 --- [r-event-handler] kafka.log.LogManager                     : Starting log flusher with a default period of 9223372036854775807 ms.
2024-03-05T07:49:52.240+01:00  INFO 11964 --- [r-event-handler] kafka.log.LogCleaner                     : Starting the log cleaner
2024-03-05T07:49:52.242+01:00  INFO 11964 --- [leaner-thread-0] kafka.log.LogCleaner$CleanerThread       : [kafka-log-cleaner-thread-0]: Starting
2024-03-05T07:49:52.242+01:00  INFO 11964 --- [r-event-handler] k.coordinator.group.GroupCoordinator     : [GroupCoordinator 0]: Starting up.
2024-03-05T07:49:52.242+01:00  INFO 11964 --- [r-event-handler] k.coordinator.group.GroupCoordinator     : [GroupCoordinator 0]: Startup complete.
2024-03-05T07:49:52.242+01:00  INFO 11964 --- [r-event-handler] k.c.transaction.TransactionCoordinator   : [TransactionCoordinator id=0] Starting up.
2024-03-05T07:49:52.242+01:00  INFO 11964 --- [r-event-handler] k.c.transaction.TransactionCoordinator   : [TransactionCoordinator id=0] Startup complete.
2024-03-05T07:49:52.242+01:00  INFO 11964 --- [r-event-handler] k.s.metadata.BrokerMetadataPublisher     : [BrokerMetadataPublisher id=0] Updating metadata.version to 14 at offset OffsetAndEpoch(offset=4, epoch=1).
2024-03-05T07:49:52.242+01:00  INFO 11964 --- [rFailureHandler] k.s.ReplicaManager$LogDirFailureHandler  : [LogDirFailureHandler]: Starting
2024-03-05T07:49:52.243+01:00  INFO 11964 --- [nSenderThread-0] kafka.server.AddPartitionsToTxnManager   : [AddPartitionsToTxnSenderThread-0]: Starting
2024-03-05T07:49:52.243+01:00  INFO 11964 --- [rSenderThread-0] k.c.t.TransactionMarkerChannelManager    : [TxnMarkerSenderThread-0]: Starting
2024-03-05T07:49:52.273+01:00  INFO 11964 --- [channel-manager] kafka.server.BrokerLifecycleManager      : [BrokerLifecycleManager id=0] Successfully registered broker 0 with broker epoch 5
2024-03-05T07:49:52.274+01:00  INFO 11964 --- [channel-manager] kafka.server.BrokerLifecycleManager      : [BrokerLifecycleManager id=0] The broker has caught up. Transitioning from STARTING to RECOVERY.
2024-03-05T07:49:52.274+01:00  INFO 11964 --- [-kit-executor-3] kafka.server.BrokerServer                : [BrokerServer id=0] Finished waiting for the controller to acknowledge that we are caught up
2024-03-05T07:49:52.274+01:00  INFO 11964 --- [-kit-executor-3] kafka.server.BrokerServer                : [BrokerServer id=0] Waiting for the initial broker metadata update to be published
2024-03-05T07:49:52.275+01:00  INFO 11964 --- [-kit-executor-3] kafka.server.BrokerServer                : [BrokerServer id=0] Finished waiting for the initial broker metadata update to be published
2024-03-05T07:49:52.275+01:00  INFO 11964 --- [-kit-executor-3] kafka.server.KafkaConfig                 : KafkaConfig values: 
	advertised.listeners = null
	alter.config.policy.class.name = null
	alter.log.dirs.replication.quota.window.num = 11
	alter.log.dirs.replication.quota.window.size.seconds = 1
	authorizer.class.name = 
	auto.create.topics.enable = true
	auto.include.jmx.reporter = true
	auto.leader.rebalance.enable = true
	background.threads = 10
	broker.heartbeat.interval.ms = 2000
	broker.id = 0
	broker.id.generation.enable = true
	broker.rack = null
	broker.session.timeout.ms = 9000
	client.quota.callback.class = null
	compression.type = producer
	connection.failed.authentication.delay.ms = 100
	connections.max.idle.ms = 600000
	connections.max.reauth.ms = 0
	control.plane.listener.name = null
	controlled.shutdown.enable = true
	controlled.shutdown.max.retries = 3
	controlled.shutdown.retry.backoff.ms = 5000
	controller.listener.names = CONTROLLER
	controller.quorum.append.linger.ms = 25
	controller.quorum.election.backoff.max.ms = 1000
	controller.quorum.election.timeout.ms = 1000
	controller.quorum.fetch.timeout.ms = 2000
	controller.quorum.request.timeout.ms = 2000
	controller.quorum.retry.backoff.ms = 20
	controller.quorum.voters = [0@0.0.0.0:0]
	controller.quota.window.num = 11
	controller.quota.window.size.seconds = 1
	controller.socket.timeout.ms = 30000
	create.topic.policy.class.name = null
	default.replication.factor = 1
	delegation.token.expiry.check.interval.ms = 3600000
	delegation.token.expiry.time.ms = 86400000
	delegation.token.master.key = null
	delegation.token.max.lifetime.ms = 604800000
	delegation.token.secret.key = null
	delete.records.purgatory.purge.interval.requests = 1
	delete.topic.enable = true
	early.start.listeners = null
	fetch.max.bytes = 57671680
	fetch.purgatory.purge.interval.requests = 1000
	group.consumer.assignors = [org.apache.kafka.coordinator.group.assignor.RangeAssignor]
	group.consumer.heartbeat.interval.ms = 5000
	group.consumer.max.heartbeat.interval.ms = 15000
	group.consumer.max.session.timeout.ms = 60000
	group.consumer.max.size = 2147483647
	group.consumer.min.heartbeat.interval.ms = 5000
	group.consumer.min.session.timeout.ms = 45000
	group.consumer.session.timeout.ms = 45000
	group.coordinator.new.enable = false
	group.coordinator.threads = 1
	group.initial.rebalance.delay.ms = 0
	group.max.session.timeout.ms = 1800000
	group.max.size = 2147483647
	group.min.session.timeout.ms = 6000
	initial.broker.registration.timeout.ms = 60000
	inter.broker.listener.name = EXTERNAL
	inter.broker.protocol.version = 3.6-IV2
	kafka.metrics.polling.interval.secs = 10
	kafka.metrics.reporters = []
	leader.imbalance.check.interval.seconds = 300
	leader.imbalance.per.broker.percentage = 10
	listener.security.protocol.map = EXTERNAL:PLAINTEXT,CONTROLLER:PLAINTEXT
	listeners = EXTERNAL://localhost:0,CONTROLLER://localhost:0
	log.cleaner.backoff.ms = 15000
	log.cleaner.dedupe.buffer.size = 2097152
	log.cleaner.delete.retention.ms = 86400000
	log.cleaner.enable = true
	log.cleaner.io.buffer.load.factor = 0.9
	log.cleaner.io.buffer.size = 524288
	log.cleaner.io.max.bytes.per.second = 1.7976931348623157E308
	log.cleaner.max.compaction.lag.ms = 9223372036854775807
	log.cleaner.min.cleanable.ratio = 0.5
	log.cleaner.min.compaction.lag.ms = 0
	log.cleaner.threads = 1
	log.cleanup.policy = [delete]
	log.dir = /tmp/kafka-logs
	log.dirs = C:\Users\tobia\AppData\Local\Temp\kafka-15961589820718089310\broker_0_data0
	log.flush.interval.messages = 9223372036854775807
	log.flush.interval.ms = null
	log.flush.offset.checkpoint.interval.ms = 60000
	log.flush.scheduler.interval.ms = 9223372036854775807
	log.flush.start.offset.checkpoint.interval.ms = 60000
	log.index.interval.bytes = 4096
	log.index.size.max.bytes = 10485760
	log.local.retention.bytes = -2
	log.local.retention.ms = -2
	log.message.downconversion.enable = true
	log.message.format.version = 3.0-IV1
	log.message.timestamp.after.max.ms = 9223372036854775807
	log.message.timestamp.before.max.ms = 9223372036854775807
	log.message.timestamp.difference.max.ms = 9223372036854775807
	log.message.timestamp.type = CreateTime
	log.preallocate = false
	log.retention.bytes = -1
	log.retention.check.interval.ms = 300000
	log.retention.hours = 168
	log.retention.minutes = null
	log.retention.ms = null
	log.roll.hours = 168
	log.roll.jitter.hours = 0
	log.roll.jitter.ms = null
	log.roll.ms = null
	log.segment.bytes = 1073741824
	log.segment.delete.delay.ms = 60000
	max.connection.creation.rate = 2147483647
	max.connections = 2147483647
	max.connections.per.ip = 2147483647
	max.connections.per.ip.overrides = 
	max.incremental.fetch.session.cache.slots = 1000
	message.max.bytes = 1048588
	metadata.log.dir = C:\Users\tobia\AppData\Local\Temp\kafka-15961589820718089310\controller_0
	metadata.log.max.record.bytes.between.snapshots = 20971520
	metadata.log.max.snapshot.interval.ms = 3600000
	metadata.log.segment.bytes = 1073741824
	metadata.log.segment.min.bytes = 8388608
	metadata.log.segment.ms = 604800000
	metadata.max.idle.interval.ms = 500
	metadata.max.retention.bytes = 104857600
	metadata.max.retention.ms = 604800000
	metric.reporters = []
	metrics.num.samples = 2
	metrics.recording.level = INFO
	metrics.sample.window.ms = 30000
	min.insync.replicas = 1
	node.id = 0
	num.io.threads = 8
	num.network.threads = 3
	num.partitions = 1
	num.recovery.threads.per.data.dir = 1
	num.replica.alter.log.dirs.threads = null
	num.replica.fetchers = 1
	offset.metadata.max.bytes = 4096
	offsets.commit.required.acks = -1
	offsets.commit.timeout.ms = 5000
	offsets.load.buffer.size = 5242880
	offsets.retention.check.interval.ms = 600000
	offsets.retention.minutes = 10080
	offsets.topic.compression.codec = 0
	offsets.topic.num.partitions = 50
	offsets.topic.replication.factor = 1
	offsets.topic.segment.bytes = 104857600
	password.encoder.cipher.algorithm = AES/CBC/PKCS5Padding
	password.encoder.iterations = 4096
	password.encoder.key.length = 128
	password.encoder.keyfactory.algorithm = null
	password.encoder.old.secret = null
	password.encoder.secret = null
	principal.builder.class = class org.apache.kafka.common.security.authenticator.DefaultKafkaPrincipalBuilder
	process.roles = [broker, controller]
	producer.id.expiration.check.interval.ms = 600000
	producer.id.expiration.ms = 86400000
	producer.purgatory.purge.interval.requests = 1000
	queued.max.request.bytes = -1
	queued.max.requests = 500
	quota.window.num = 11
	quota.window.size.seconds = 1
	remote.log.index.file.cache.total.size.bytes = 1073741824
	remote.log.manager.task.interval.ms = 30000
	remote.log.manager.task.retry.backoff.max.ms = 30000
	remote.log.manager.task.retry.backoff.ms = 500
	remote.log.manager.task.retry.jitter = 0.2
	remote.log.manager.thread.pool.size = 10
	remote.log.metadata.custom.metadata.max.bytes = 128
	remote.log.metadata.manager.class.name = org.apache.kafka.server.log.remote.metadata.storage.TopicBasedRemoteLogMetadataManager
	remote.log.metadata.manager.class.path = null
	remote.log.metadata.manager.impl.prefix = rlmm.config.
	remote.log.metadata.manager.listener.name = null
	remote.log.reader.max.pending.tasks = 100
	remote.log.reader.threads = 10
	remote.log.storage.manager.class.name = null
	remote.log.storage.manager.class.path = null
	remote.log.storage.manager.impl.prefix = rsm.config.
	remote.log.storage.system.enable = false
	replica.fetch.backoff.ms = 1000
	replica.fetch.max.bytes = 1048576
	replica.fetch.min.bytes = 1
	replica.fetch.response.max.bytes = 10485760
	replica.fetch.wait.max.ms = 500
	replica.high.watermark.checkpoint.interval.ms = 5000
	replica.lag.time.max.ms = 30000
	replica.selector.class = null
	replica.socket.receive.buffer.bytes = 65536
	replica.socket.timeout.ms = 30000
	replication.quota.window.num = 11
	replication.quota.window.size.seconds = 1
	request.timeout.ms = 30000
	reserved.broker.max.id = 1000
	sasl.client.callback.handler.class = null
	sasl.enabled.mechanisms = [GSSAPI]
	sasl.jaas.config = null
	sasl.kerberos.kinit.cmd = /usr/bin/kinit
	sasl.kerberos.min.time.before.relogin = 60000
	sasl.kerberos.principal.to.local.rules = [DEFAULT]
	sasl.kerberos.service.name = null
	sasl.kerberos.ticket.renew.jitter = 0.05
	sasl.kerberos.ticket.renew.window.factor = 0.8
	sasl.login.callback.handler.class = null
	sasl.login.class = null
	sasl.login.connect.timeout.ms = null
	sasl.login.read.timeout.ms = null
	sasl.login.refresh.buffer.seconds = 300
	sasl.login.refresh.min.period.seconds = 60
	sasl.login.refresh.window.factor = 0.8
	sasl.login.refresh.window.jitter = 0.05
	sasl.login.retry.backoff.max.ms = 10000
	sasl.login.retry.backoff.ms = 100
	sasl.mechanism.controller.protocol = GSSAPI
	sasl.mechanism.inter.broker.protocol = GSSAPI
	sasl.oauthbearer.clock.skew.seconds = 30
	sasl.oauthbearer.expected.audience = null
	sasl.oauthbearer.expected.issuer = null
	sasl.oauthbearer.jwks.endpoint.refresh.ms = 3600000
	sasl.oauthbearer.jwks.endpoint.retry.backoff.max.ms = 10000
	sasl.oauthbearer.jwks.endpoint.retry.backoff.ms = 100
	sasl.oauthbearer.jwks.endpoint.url = null
	sasl.oauthbearer.scope.claim.name = scope
	sasl.oauthbearer.sub.claim.name = sub
	sasl.oauthbearer.token.endpoint.url = null
	sasl.server.callback.handler.class = null
	sasl.server.max.receive.size = 524288
	security.inter.broker.protocol = PLAINTEXT
	security.providers = null
	server.max.startup.time.ms = 600000
	socket.connection.setup.timeout.max.ms = 30000
	socket.connection.setup.timeout.ms = 10000
	socket.listen.backlog.size = 50
	socket.receive.buffer.bytes = 102400
	socket.request.max.bytes = 104857600
	socket.send.buffer.bytes = 102400
	ssl.cipher.suites = []
	ssl.client.auth = none
	ssl.enabled.protocols = [TLSv1.2, TLSv1.3]
	ssl.endpoint.identification.algorithm = https
	ssl.engine.factory.class = null
	ssl.key.password = null
	ssl.keymanager.algorithm = SunX509
	ssl.keystore.certificate.chain = null
	ssl.keystore.key = null
	ssl.keystore.location = null
	ssl.keystore.password = null
	ssl.keystore.type = JKS
	ssl.principal.mapping.rules = DEFAULT
	ssl.protocol = TLSv1.3
	ssl.provider = null
	ssl.secure.random.implementation = null
	ssl.trustmanager.algorithm = PKIX
	ssl.truststore.certificates = null
	ssl.truststore.location = null
	ssl.truststore.password = null
	ssl.truststore.type = JKS
	transaction.abort.timed.out.transaction.cleanup.interval.ms = 10000
	transaction.max.timeout.ms = 900000
	transaction.partition.verification.enable = true
	transaction.remove.expired.transaction.cleanup.interval.ms = 3600000
	transaction.state.log.load.buffer.size = 5242880
	transaction.state.log.min.isr = 2
	transaction.state.log.num.partitions = 50
	transaction.state.log.replication.factor = 3
	transaction.state.log.segment.bytes = 104857600
	transactional.id.expiration.ms = 604800000
	unclean.leader.election.enable = false
	unstable.api.versions.enable = false
	zookeeper.clientCnxnSocket = null
	zookeeper.connect = null
	zookeeper.connection.timeout.ms = null
	zookeeper.max.in.flight.requests = 10
	zookeeper.metadata.migration.enable = false
	zookeeper.session.timeout.ms = 18000
	zookeeper.set.acl = false
	zookeeper.ssl.cipher.suites = null
	zookeeper.ssl.client.enable = false
	zookeeper.ssl.crl.enable = false
	zookeeper.ssl.enabled.protocols = null
	zookeeper.ssl.endpoint.identification.algorithm = HTTPS
	zookeeper.ssl.keystore.location = null
	zookeeper.ssl.keystore.password = null
	zookeeper.ssl.keystore.type = null
	zookeeper.ssl.ocsp.enable = false
	zookeeper.ssl.protocol = TLSv1.2
	zookeeper.ssl.truststore.location = null
	zookeeper.ssl.truststore.password = null
	zookeeper.ssl.truststore.type = null

2024-03-05T07:49:52.278+01:00  INFO 11964 --- [-kit-executor-3] kafka.server.BrokerServer                : [BrokerServer id=0] Waiting for the broker to be unfenced
2024-03-05T07:49:52.278+01:00  INFO 11964 --- [0-event-handler] o.a.k.controller.BrokerHeartbeatManager  : [QuorumController id=0] The request from broker 0 to unfence has been granted because it has caught up with the offset of its register broker record 5.
2024-03-05T07:49:52.278+01:00  INFO 11964 --- [0-event-handler] o.a.k.controller.ClusterControlManager   : [QuorumController id=0] Replayed BrokerRegistrationChangeRecord modifying the registration for broker 0: BrokerRegistrationChangeRecord(brokerId=0, brokerEpoch=5, fenced=-1, inControlledShutdown=0)
2024-03-05T07:49:52.319+01:00  INFO 11964 --- [channel-manager] kafka.server.BrokerLifecycleManager      : [BrokerLifecycleManager id=0] The broker has been unfenced. Transitioning from RECOVERY to RUNNING.
2024-03-05T07:49:52.319+01:00  INFO 11964 --- [-kit-executor-3] kafka.server.BrokerServer                : [BrokerServer id=0] Finished waiting for the broker to be unfenced
2024-03-05T07:49:52.320+01:00  INFO 11964 --- [-kit-executor-3] o.a.k.s.network.EndpointReadyFutures     : authorizerStart completed for endpoint EXTERNAL. Endpoint is now READY.
2024-03-05T07:49:52.320+01:00  INFO 11964 --- [-kit-executor-3] kafka.network.SocketServer               : [SocketServer listenerType=BROKER, nodeId=0] Enabling request processing.
2024-03-05T07:49:52.320+01:00  INFO 11964 --- [-kit-executor-3] kafka.server.BrokerServer                : [BrokerServer id=0] Waiting for all of the authorizer futures to be completed
2024-03-05T07:49:52.320+01:00  INFO 11964 --- [-kit-executor-3] kafka.server.BrokerServer                : [BrokerServer id=0] Finished waiting for all of the authorizer futures to be completed
2024-03-05T07:49:52.320+01:00  INFO 11964 --- [-kit-executor-3] kafka.server.BrokerServer                : [BrokerServer id=0] Waiting for all of the SocketServer Acceptors to be started
2024-03-05T07:49:52.320+01:00  INFO 11964 --- [-kit-executor-3] kafka.server.BrokerServer                : [BrokerServer id=0] Finished waiting for all of the SocketServer Acceptors to be started
2024-03-05T07:49:52.320+01:00  INFO 11964 --- [-kit-executor-3] kafka.server.BrokerServer                : [BrokerServer id=0] Transition from STARTING to STARTED
2024-03-05T07:49:52.321+01:00  INFO 11964 --- [           main] o.a.k.clients.admin.AdminClientConfig    : AdminClientConfig values: 
	auto.include.jmx.reporter = true
	bootstrap.servers = [localhost:54168]
	client.dns.lookup = use_all_dns_ips
	client.id = 
	connections.max.idle.ms = 300000
	default.api.timeout.ms = 60000
	metadata.max.age.ms = 300000
	metric.reporters = []
	metrics.num.samples = 2
	metrics.recording.level = INFO
	metrics.sample.window.ms = 30000
	receive.buffer.bytes = 65536
	reconnect.backoff.max.ms = 1000
	reconnect.backoff.ms = 50
	request.timeout.ms = 30000
	retries = 2147483647
	retry.backoff.ms = 100
	sasl.client.callback.handler.class = null
	sasl.jaas.config = null
	sasl.kerberos.kinit.cmd = /usr/bin/kinit
	sasl.kerberos.min.time.before.relogin = 60000
	sasl.kerberos.service.name = null
	sasl.kerberos.ticket.renew.jitter = 0.05
	sasl.kerberos.ticket.renew.window.factor = 0.8
	sasl.login.callback.handler.class = null
	sasl.login.class = null
	sasl.login.connect.timeout.ms = null
	sasl.login.read.timeout.ms = null
	sasl.login.refresh.buffer.seconds = 300
	sasl.login.refresh.min.period.seconds = 60
	sasl.login.refresh.window.factor = 0.8
	sasl.login.refresh.window.jitter = 0.05
	sasl.login.retry.backoff.max.ms = 10000
	sasl.login.retry.backoff.ms = 100
	sasl.mechanism = GSSAPI
	sasl.oauthbearer.clock.skew.seconds = 30
	sasl.oauthbearer.expected.audience = null
	sasl.oauthbearer.expected.issuer = null
	sasl.oauthbearer.jwks.endpoint.refresh.ms = 3600000
	sasl.oauthbearer.jwks.endpoint.retry.backoff.max.ms = 10000
	sasl.oauthbearer.jwks.endpoint.retry.backoff.ms = 100
	sasl.oauthbearer.jwks.endpoint.url = null
	sasl.oauthbearer.scope.claim.name = scope
	sasl.oauthbearer.sub.claim.name = sub
	sasl.oauthbearer.token.endpoint.url = null
	security.protocol = PLAINTEXT
	security.providers = null
	send.buffer.bytes = 131072
	socket.connection.setup.timeout.max.ms = 30000
	socket.connection.setup.timeout.ms = 10000
	ssl.cipher.suites = null
	ssl.enabled.protocols = [TLSv1.2, TLSv1.3]
	ssl.endpoint.identification.algorithm = https
	ssl.engine.factory.class = null
	ssl.key.password = null
	ssl.keymanager.algorithm = SunX509
	ssl.keystore.certificate.chain = null
	ssl.keystore.key = null
	ssl.keystore.location = null
	ssl.keystore.password = null
	ssl.keystore.type = JKS
	ssl.protocol = TLSv1.3
	ssl.provider = null
	ssl.secure.random.implementation = null
	ssl.trustmanager.algorithm = PKIX
	ssl.truststore.certificates = null
	ssl.truststore.location = null
	ssl.truststore.password = null
	ssl.truststore.type = JKS

2024-03-05T07:49:52.324+01:00  INFO 11964 --- [           main] o.a.kafka.common.utils.AppInfoParser     : Kafka version: 3.6.1
2024-03-05T07:49:52.324+01:00  INFO 11964 --- [           main] o.a.kafka.common.utils.AppInfoParser     : Kafka commitId: 5e3c2b738d253ff5
2024-03-05T07:49:52.324+01:00  INFO 11964 --- [           main] o.a.kafka.common.utils.AppInfoParser     : Kafka startTimeMs: 1709621392324
2024-03-05T07:49:52.333+01:00  INFO 11964 --- [0-event-handler] o.a.k.c.ReplicationControlManager        : [QuorumController id=0] CreateTopics result(s): CreatableTopic(name='product-update', numPartitions=2, replicationFactor=1, assignments=[], configs=[]): SUCCESS, CreatableTopic(name='oneTimeTransaction-update', numPartitions=2, replicationFactor=1, assignments=[], configs=[]): SUCCESS, CreatableTopic(name='recurringTransaction-update', numPartitions=2, replicationFactor=1, assignments=[], configs=[]): SUCCESS
2024-03-05T07:49:52.333+01:00  INFO 11964 --- [0-event-handler] o.a.k.c.ReplicationControlManager        : [QuorumController id=0] Replayed TopicRecord for topic product-update with topic ID DA00gWuBT4KacL9BHcyWEg.
2024-03-05T07:49:52.333+01:00  INFO 11964 --- [0-event-handler] o.a.k.c.ReplicationControlManager        : [QuorumController id=0] Replayed PartitionRecord for new partition product-update-0 with topic ID DA00gWuBT4KacL9BHcyWEg and PartitionRegistration(replicas=[0], isr=[0], removingReplicas=[], addingReplicas=[], leader=0, leaderRecoveryState=RECOVERED, leaderEpoch=0, partitionEpoch=0).
2024-03-05T07:49:52.333+01:00  INFO 11964 --- [0-event-handler] o.a.k.c.ReplicationControlManager        : [QuorumController id=0] Replayed PartitionRecord for new partition product-update-1 with topic ID DA00gWuBT4KacL9BHcyWEg and PartitionRegistration(replicas=[0], isr=[0], removingReplicas=[], addingReplicas=[], leader=0, leaderRecoveryState=RECOVERED, leaderEpoch=0, partitionEpoch=0).
2024-03-05T07:49:52.333+01:00  INFO 11964 --- [0-event-handler] o.a.k.c.ReplicationControlManager        : [QuorumController id=0] Replayed TopicRecord for topic oneTimeTransaction-update with topic ID nCBf9w5DQwy6PVxHpnWtbw.
2024-03-05T07:49:52.333+01:00  INFO 11964 --- [0-event-handler] o.a.k.c.ReplicationControlManager        : [QuorumController id=0] Replayed PartitionRecord for new partition oneTimeTransaction-update-0 with topic ID nCBf9w5DQwy6PVxHpnWtbw and PartitionRegistration(replicas=[0], isr=[0], removingReplicas=[], addingReplicas=[], leader=0, leaderRecoveryState=RECOVERED, leaderEpoch=0, partitionEpoch=0).
2024-03-05T07:49:52.333+01:00  INFO 11964 --- [0-event-handler] o.a.k.c.ReplicationControlManager        : [QuorumController id=0] Replayed PartitionRecord for new partition oneTimeTransaction-update-1 with topic ID nCBf9w5DQwy6PVxHpnWtbw and PartitionRegistration(replicas=[0], isr=[0], removingReplicas=[], addingReplicas=[], leader=0, leaderRecoveryState=RECOVERED, leaderEpoch=0, partitionEpoch=0).
2024-03-05T07:49:52.333+01:00  INFO 11964 --- [0-event-handler] o.a.k.c.ReplicationControlManager        : [QuorumController id=0] Replayed TopicRecord for topic recurringTransaction-update with topic ID YZbdeJvPSB2S2ggcElG6VQ.
2024-03-05T07:49:52.333+01:00  INFO 11964 --- [0-event-handler] o.a.k.c.ReplicationControlManager        : [QuorumController id=0] Replayed PartitionRecord for new partition recurringTransaction-update-0 with topic ID YZbdeJvPSB2S2ggcElG6VQ and PartitionRegistration(replicas=[0], isr=[0], removingReplicas=[], addingReplicas=[], leader=0, leaderRecoveryState=RECOVERED, leaderEpoch=0, partitionEpoch=0).
2024-03-05T07:49:52.333+01:00  INFO 11964 --- [0-event-handler] o.a.k.c.ReplicationControlManager        : [QuorumController id=0] Replayed PartitionRecord for new partition recurringTransaction-update-1 with topic ID YZbdeJvPSB2S2ggcElG6VQ and PartitionRegistration(replicas=[0], isr=[0], removingReplicas=[], addingReplicas=[], leader=0, leaderRecoveryState=RECOVERED, leaderEpoch=0, partitionEpoch=0).
2024-03-05T07:49:52.366+01:00  INFO 11964 --- [r-event-handler] state.change.logger                      : [Broker id=0] Transitioning 6 partition(s) to local leaders.
2024-03-05T07:49:52.367+01:00  INFO 11964 --- [r-event-handler] kafka.server.ReplicaFetcherManager       : [ReplicaFetcherManager on broker 0] Removed fetcher for partitions Set(product-update-1, oneTimeTransaction-update-0, recurringTransaction-update-0, product-update-0, oneTimeTransaction-update-1, recurringTransaction-update-1)
2024-03-05T07:49:52.367+01:00  INFO 11964 --- [r-event-handler] state.change.logger                      : [Broker id=0] Creating new partition product-update-1 with topic id DA00gWuBT4KacL9BHcyWEg.
2024-03-05T07:49:52.368+01:00  INFO 11964 --- [ adminclient-11] o.a.kafka.common.utils.AppInfoParser     : App info kafka.admin.client for adminclient-11 unregistered
2024-03-05T07:49:52.369+01:00  INFO 11964 --- [ adminclient-11] o.apache.kafka.common.metrics.Metrics    : Metrics scheduler closed
2024-03-05T07:49:52.369+01:00  INFO 11964 --- [ adminclient-11] o.apache.kafka.common.metrics.Metrics    : Closing reporter org.apache.kafka.common.metrics.JmxReporter
2024-03-05T07:49:52.369+01:00  INFO 11964 --- [ adminclient-11] o.apache.kafka.common.metrics.Metrics    : Metrics reporters closed
2024-03-05T07:49:52.371+01:00  INFO 11964 --- [           main] c.e.A.l.operations.ProductServiceTest    : Starting ProductServiceTest using Java 17.0.1 with PID 11964 (started by tobia in C:\Users\tobia\Documents\privat\KIT\Semester_China\financetracker\implementation\analytics)
2024-03-05T07:49:52.371+01:00  INFO 11964 --- [           main] c.e.A.l.operations.ProductServiceTest    : No active profile set, falling back to 1 default profile: "default"
2024-03-05T07:49:52.374+01:00  INFO 11964 --- [r-event-handler] kafka.log.UnifiedLog$                    : [LogLoader partition=product-update-1, dir=C:\Users\tobia\AppData\Local\Temp\kafka-15961589820718089310\broker_0_data0] Loading producer state till offset 0 with message format version 2
2024-03-05T07:49:52.375+01:00  INFO 11964 --- [r-event-handler] kafka.log.LogManager                     : Created log for partition product-update-1 in C:\Users\tobia\AppData\Local\Temp\kafka-15961589820718089310\broker_0_data0\product-update-1 with properties {}
2024-03-05T07:49:52.376+01:00  INFO 11964 --- [r-event-handler] kafka.cluster.Partition                  : [Partition product-update-1 broker=0] No checkpointed highwatermark is found for partition product-update-1
2024-03-05T07:49:52.376+01:00  INFO 11964 --- [r-event-handler] kafka.cluster.Partition                  : [Partition product-update-1 broker=0] Log loaded for partition product-update-1 with initial high watermark 0
2024-03-05T07:49:52.376+01:00  INFO 11964 --- [r-event-handler] state.change.logger                      : [Broker id=0] Leader product-update-1 with topic id Some(DA00gWuBT4KacL9BHcyWEg) starts at leader epoch 0 from offset 0 with partition epoch 0, high watermark 0, ISR [0], adding replicas [] and removing replicas [] . Previous leader None and previous leader epoch was -1.
2024-03-05T07:49:52.386+01:00  INFO 11964 --- [r-event-handler] state.change.logger                      : [Broker id=0] Creating new partition oneTimeTransaction-update-0 with topic id nCBf9w5DQwy6PVxHpnWtbw.
2024-03-05T07:49:52.394+01:00  INFO 11964 --- [r-event-handler] kafka.log.UnifiedLog$                    : [LogLoader partition=oneTimeTransaction-update-0, dir=C:\Users\tobia\AppData\Local\Temp\kafka-15961589820718089310\broker_0_data0] Loading producer state till offset 0 with message format version 2
2024-03-05T07:49:52.394+01:00  INFO 11964 --- [r-event-handler] kafka.log.LogManager                     : Created log for partition oneTimeTransaction-update-0 in C:\Users\tobia\AppData\Local\Temp\kafka-15961589820718089310\broker_0_data0\oneTimeTransaction-update-0 with properties {}
2024-03-05T07:49:52.395+01:00  INFO 11964 --- [r-event-handler] kafka.cluster.Partition                  : [Partition oneTimeTransaction-update-0 broker=0] No checkpointed highwatermark is found for partition oneTimeTransaction-update-0
2024-03-05T07:49:52.395+01:00  INFO 11964 --- [r-event-handler] kafka.cluster.Partition                  : [Partition oneTimeTransaction-update-0 broker=0] Log loaded for partition oneTimeTransaction-update-0 with initial high watermark 0
2024-03-05T07:49:52.395+01:00  INFO 11964 --- [r-event-handler] state.change.logger                      : [Broker id=0] Leader oneTimeTransaction-update-0 with topic id Some(nCBf9w5DQwy6PVxHpnWtbw) starts at leader epoch 0 from offset 0 with partition epoch 0, high watermark 0, ISR [0], adding replicas [] and removing replicas [] . Previous leader None and previous leader epoch was -1.
2024-03-05T07:49:52.402+01:00  INFO 11964 --- [r-event-handler] state.change.logger                      : [Broker id=0] Creating new partition recurringTransaction-update-0 with topic id YZbdeJvPSB2S2ggcElG6VQ.
2024-03-05T07:49:52.411+01:00  INFO 11964 --- [r-event-handler] kafka.log.UnifiedLog$                    : [LogLoader partition=recurringTransaction-update-0, dir=C:\Users\tobia\AppData\Local\Temp\kafka-15961589820718089310\broker_0_data0] Loading producer state till offset 0 with message format version 2
2024-03-05T07:49:52.411+01:00  INFO 11964 --- [r-event-handler] kafka.log.LogManager                     : Created log for partition recurringTransaction-update-0 in C:\Users\tobia\AppData\Local\Temp\kafka-15961589820718089310\broker_0_data0\recurringTransaction-update-0 with properties {}
2024-03-05T07:49:52.411+01:00  INFO 11964 --- [r-event-handler] kafka.cluster.Partition                  : [Partition recurringTransaction-update-0 broker=0] No checkpointed highwatermark is found for partition recurringTransaction-update-0
2024-03-05T07:49:52.411+01:00  INFO 11964 --- [r-event-handler] kafka.cluster.Partition                  : [Partition recurringTransaction-update-0 broker=0] Log loaded for partition recurringTransaction-update-0 with initial high watermark 0
2024-03-05T07:49:52.411+01:00  INFO 11964 --- [r-event-handler] state.change.logger                      : [Broker id=0] Leader recurringTransaction-update-0 with topic id Some(YZbdeJvPSB2S2ggcElG6VQ) starts at leader epoch 0 from offset 0 with partition epoch 0, high watermark 0, ISR [0], adding replicas [] and removing replicas [] . Previous leader None and previous leader epoch was -1.
2024-03-05T07:49:52.419+01:00  INFO 11964 --- [r-event-handler] state.change.logger                      : [Broker id=0] Creating new partition product-update-0 with topic id DA00gWuBT4KacL9BHcyWEg.
2024-03-05T07:49:52.428+01:00  INFO 11964 --- [r-event-handler] kafka.log.UnifiedLog$                    : [LogLoader partition=product-update-0, dir=C:\Users\tobia\AppData\Local\Temp\kafka-15961589820718089310\broker_0_data0] Loading producer state till offset 0 with message format version 2
2024-03-05T07:49:52.429+01:00  INFO 11964 --- [r-event-handler] kafka.log.LogManager                     : Created log for partition product-update-0 in C:\Users\tobia\AppData\Local\Temp\kafka-15961589820718089310\broker_0_data0\product-update-0 with properties {}
2024-03-05T07:49:52.429+01:00  INFO 11964 --- [r-event-handler] kafka.cluster.Partition                  : [Partition product-update-0 broker=0] No checkpointed highwatermark is found for partition product-update-0
2024-03-05T07:49:52.430+01:00  INFO 11964 --- [r-event-handler] kafka.cluster.Partition                  : [Partition product-update-0 broker=0] Log loaded for partition product-update-0 with initial high watermark 0
2024-03-05T07:49:52.430+01:00  INFO 11964 --- [r-event-handler] state.change.logger                      : [Broker id=0] Leader product-update-0 with topic id Some(DA00gWuBT4KacL9BHcyWEg) starts at leader epoch 0 from offset 0 with partition epoch 0, high watermark 0, ISR [0], adding replicas [] and removing replicas [] . Previous leader None and previous leader epoch was -1.
2024-03-05T07:49:52.436+01:00  INFO 11964 --- [r-event-handler] state.change.logger                      : [Broker id=0] Creating new partition oneTimeTransaction-update-1 with topic id nCBf9w5DQwy6PVxHpnWtbw.
2024-03-05T07:49:52.446+01:00  INFO 11964 --- [r-event-handler] kafka.log.UnifiedLog$                    : [LogLoader partition=oneTimeTransaction-update-1, dir=C:\Users\tobia\AppData\Local\Temp\kafka-15961589820718089310\broker_0_data0] Loading producer state till offset 0 with message format version 2
2024-03-05T07:49:52.446+01:00  INFO 11964 --- [r-event-handler] kafka.log.LogManager                     : Created log for partition oneTimeTransaction-update-1 in C:\Users\tobia\AppData\Local\Temp\kafka-15961589820718089310\broker_0_data0\oneTimeTransaction-update-1 with properties {}
2024-03-05T07:49:52.446+01:00  INFO 11964 --- [r-event-handler] kafka.cluster.Partition                  : [Partition oneTimeTransaction-update-1 broker=0] No checkpointed highwatermark is found for partition oneTimeTransaction-update-1
2024-03-05T07:49:52.447+01:00  INFO 11964 --- [r-event-handler] kafka.cluster.Partition                  : [Partition oneTimeTransaction-update-1 broker=0] Log loaded for partition oneTimeTransaction-update-1 with initial high watermark 0
2024-03-05T07:49:52.447+01:00  INFO 11964 --- [r-event-handler] state.change.logger                      : [Broker id=0] Leader oneTimeTransaction-update-1 with topic id Some(nCBf9w5DQwy6PVxHpnWtbw) starts at leader epoch 0 from offset 0 with partition epoch 0, high watermark 0, ISR [0], adding replicas [] and removing replicas [] . Previous leader None and previous leader epoch was -1.
2024-03-05T07:49:52.462+01:00  INFO 11964 --- [r-event-handler] state.change.logger                      : [Broker id=0] Creating new partition recurringTransaction-update-1 with topic id YZbdeJvPSB2S2ggcElG6VQ.
2024-03-05T07:49:52.470+01:00  INFO 11964 --- [r-event-handler] kafka.log.UnifiedLog$                    : [LogLoader partition=recurringTransaction-update-1, dir=C:\Users\tobia\AppData\Local\Temp\kafka-15961589820718089310\broker_0_data0] Loading producer state till offset 0 with message format version 2
2024-03-05T07:49:52.471+01:00  INFO 11964 --- [r-event-handler] kafka.log.LogManager                     : Created log for partition recurringTransaction-update-1 in C:\Users\tobia\AppData\Local\Temp\kafka-15961589820718089310\broker_0_data0\recurringTransaction-update-1 with properties {}
2024-03-05T07:49:52.471+01:00  INFO 11964 --- [r-event-handler] kafka.cluster.Partition                  : [Partition recurringTransaction-update-1 broker=0] No checkpointed highwatermark is found for partition recurringTransaction-update-1
2024-03-05T07:49:52.471+01:00  INFO 11964 --- [r-event-handler] kafka.cluster.Partition                  : [Partition recurringTransaction-update-1 broker=0] Log loaded for partition recurringTransaction-update-1 with initial high watermark 0
2024-03-05T07:49:52.471+01:00  INFO 11964 --- [r-event-handler] state.change.logger                      : [Broker id=0] Leader recurringTransaction-update-1 with topic id Some(YZbdeJvPSB2S2ggcElG6VQ) starts at leader epoch 0 from offset 0 with partition epoch 0, high watermark 0, ISR [0], adding replicas [] and removing replicas [] . Previous leader None and previous leader epoch was -1.
2024-03-05T07:49:52.740+01:00  INFO 11964 --- [           main] .s.d.r.c.RepositoryConfigurationDelegate : Bootstrapping Spring Data JPA repositories in DEFAULT mode.
2024-03-05T07:49:52.768+01:00  INFO 11964 --- [           main] .s.d.r.c.RepositoryConfigurationDelegate : Finished Spring Data repository scanning in 27 ms. Found 5 JPA repository interfaces.
2024-03-05T07:49:52.898+01:00  INFO 11964 --- [           main] o.s.b.w.embedded.tomcat.TomcatWebServer  : Tomcat initialized with port 0 (http)
2024-03-05T07:49:52.899+01:00  INFO 11964 --- [           main] o.apache.catalina.core.StandardService   : Starting service [Tomcat]
2024-03-05T07:49:52.899+01:00  INFO 11964 --- [           main] o.apache.catalina.core.StandardEngine    : Starting Servlet engine: [Apache Tomcat/10.1.18]
2024-03-05T07:49:52.965+01:00  INFO 11964 --- [           main] o.a.c.c.C.[Tomcat].[localhost].[/]       : Initializing Spring embedded WebApplicationContext
2024-03-05T07:49:52.965+01:00  INFO 11964 --- [           main] w.s.c.ServletWebServerApplicationContext : Root WebApplicationContext: initialization completed in 591 ms
2024-03-05T07:49:52.981+01:00  INFO 11964 --- [           main] com.zaxxer.hikari.HikariDataSource       : HikariPool-11 - Starting...
2024-03-05T07:49:52.984+01:00  INFO 11964 --- [           main] com.zaxxer.hikari.pool.HikariPool        : HikariPool-11 - Added connection conn100: url=jdbc:h2:mem:analytics user=USERNAME
2024-03-05T07:49:52.984+01:00  INFO 11964 --- [           main] com.zaxxer.hikari.HikariDataSource       : HikariPool-11 - Start completed.
2024-03-05T07:49:52.984+01:00  INFO 11964 --- [           main] o.s.b.a.h2.H2ConsoleAutoConfiguration    : H2 console available at '/h2-console'. Database available at 'jdbc:h2:mem:analytics'
2024-03-05T07:49:53.021+01:00  INFO 11964 --- [           main] o.hibernate.jpa.internal.util.LogHelper  : HHH000204: Processing PersistenceUnitInfo [name: default]
2024-03-05T07:49:53.027+01:00  INFO 11964 --- [           main] o.h.c.internal.RegionFactoryInitiator    : HHH000026: Second-level cache disabled
2024-03-05T07:49:53.036+01:00  INFO 11964 --- [           main] o.s.o.j.p.SpringPersistenceUnitInfo      : No LoadTimeWeaver setup: ignoring JPA class transformer
2024-03-05T07:49:53.038+01:00  WARN 11964 --- [           main] org.hibernate.orm.deprecation            : HHH90000025: H2Dialect does not need to be specified explicitly using 'hibernate.dialect' (remove the property setting and it will be selected by default)
2024-03-05T07:49:53.191+01:00  INFO 11964 --- [           main] o.h.e.t.j.p.i.JtaPlatformInitiator       : HHH000489: No JTA platform available (set 'hibernate.transaction.jta.platform' to enable JTA platform integration)
2024-03-05T07:49:53.208+01:00  INFO 11964 --- [           main] j.LocalContainerEntityManagerFactoryBean : Initialized JPA EntityManagerFactory for persistence unit 'default'
2024-03-05T07:49:53.313+01:00  WARN 11964 --- [           main] JpaBaseConfiguration$JpaWebConfiguration : spring.jpa.open-in-view is enabled by default. Therefore, database queries may be performed during view rendering. Explicitly configure spring.jpa.open-in-view to disable this warning
2024-03-05T07:49:53.472+01:00  INFO 11964 --- [           main] o.s.b.w.embedded.tomcat.TomcatWebServer  : Tomcat started on port 54173 (http) with context path ''
2024-03-05T07:49:53.473+01:00  INFO 11964 --- [           main] o.a.k.clients.consumer.ConsumerConfig    : ConsumerConfig values: 
	allow.auto.create.topics = true
	auto.commit.interval.ms = 5000
	auto.include.jmx.reporter = true
	auto.offset.reset = earliest
	bootstrap.servers = [localhost:54168]
	check.crcs = true
	client.dns.lookup = use_all_dns_ips
	client.id = consumer-budget-31
	client.rack = 
	connections.max.idle.ms = 540000
	default.api.timeout.ms = 60000
	enable.auto.commit = false
	exclude.internal.topics = true
	fetch.max.bytes = 52428800
	fetch.max.wait.ms = 500
	fetch.min.bytes = 1
	group.id = budget
	group.instance.id = null
	heartbeat.interval.ms = 3000
	interceptor.classes = []
	internal.leave.group.on.close = true
	internal.throw.on.fetch.stable.offset.unsupported = false
	isolation.level = read_uncommitted
	key.deserializer = class org.apache.kafka.common.serialization.StringDeserializer
	max.partition.fetch.bytes = 1048576
	max.poll.interval.ms = 300000
	max.poll.records = 500
	metadata.max.age.ms = 300000
	metric.reporters = []
	metrics.num.samples = 2
	metrics.recording.level = INFO
	metrics.sample.window.ms = 30000
	partition.assignment.strategy = [class org.apache.kafka.clients.consumer.RangeAssignor, class org.apache.kafka.clients.consumer.CooperativeStickyAssignor]
	receive.buffer.bytes = 65536
	reconnect.backoff.max.ms = 1000
	reconnect.backoff.ms = 50
	request.timeout.ms = 30000
	retry.backoff.ms = 100
	sasl.client.callback.handler.class = null
	sasl.jaas.config = null
	sasl.kerberos.kinit.cmd = /usr/bin/kinit
	sasl.kerberos.min.time.before.relogin = 60000
	sasl.kerberos.service.name = null
	sasl.kerberos.ticket.renew.jitter = 0.05
	sasl.kerberos.ticket.renew.window.factor = 0.8
	sasl.login.callback.handler.class = null
	sasl.login.class = null
	sasl.login.connect.timeout.ms = null
	sasl.login.read.timeout.ms = null
	sasl.login.refresh.buffer.seconds = 300
	sasl.login.refresh.min.period.seconds = 60
	sasl.login.refresh.window.factor = 0.8
	sasl.login.refresh.window.jitter = 0.05
	sasl.login.retry.backoff.max.ms = 10000
	sasl.login.retry.backoff.ms = 100
	sasl.mechanism = GSSAPI
	sasl.oauthbearer.clock.skew.seconds = 30
	sasl.oauthbearer.expected.audience = null
	sasl.oauthbearer.expected.issuer = null
	sasl.oauthbearer.jwks.endpoint.refresh.ms = 3600000
	sasl.oauthbearer.jwks.endpoint.retry.backoff.max.ms = 10000
	sasl.oauthbearer.jwks.endpoint.retry.backoff.ms = 100
	sasl.oauthbearer.jwks.endpoint.url = null
	sasl.oauthbearer.scope.claim.name = scope
	sasl.oauthbearer.sub.claim.name = sub
	sasl.oauthbearer.token.endpoint.url = null
	security.protocol = PLAINTEXT
	security.providers = null
	send.buffer.bytes = 131072
	session.timeout.ms = 45000
	socket.connection.setup.timeout.max.ms = 30000
	socket.connection.setup.timeout.ms = 10000
	ssl.cipher.suites = null
	ssl.enabled.protocols = [TLSv1.2, TLSv1.3]
	ssl.endpoint.identification.algorithm = https
	ssl.engine.factory.class = null
	ssl.key.password = null
	ssl.keymanager.algorithm = SunX509
	ssl.keystore.certificate.chain = null
	ssl.keystore.key = null
	ssl.keystore.location = null
	ssl.keystore.password = null
	ssl.keystore.type = JKS
	ssl.protocol = TLSv1.3
	ssl.provider = null
	ssl.secure.random.implementation = null
	ssl.trustmanager.algorithm = PKIX
	ssl.truststore.certificates = null
	ssl.truststore.location = null
	ssl.truststore.password = null
	ssl.truststore.type = JKS
	value.deserializer = class org.springframework.kafka.support.serializer.JsonDeserializer

2024-03-05T07:49:53.478+01:00  INFO 11964 --- [           main] o.a.kafka.common.utils.AppInfoParser     : Kafka version: 3.6.1
2024-03-05T07:49:53.478+01:00  INFO 11964 --- [           main] o.a.kafka.common.utils.AppInfoParser     : Kafka commitId: 5e3c2b738d253ff5
2024-03-05T07:49:53.478+01:00  INFO 11964 --- [           main] o.a.kafka.common.utils.AppInfoParser     : Kafka startTimeMs: 1709621393478
2024-03-05T07:49:53.478+01:00  INFO 11964 --- [           main] fkaConsumerFactory$ExtendedKafkaConsumer : [Consumer clientId=consumer-budget-31, groupId=budget] Subscribed to topic(s): oneTimeTransaction-update
2024-03-05T07:49:53.479+01:00  INFO 11964 --- [           main] o.a.k.clients.consumer.ConsumerConfig    : ConsumerConfig values: 
	allow.auto.create.topics = true
	auto.commit.interval.ms = 5000
	auto.include.jmx.reporter = true
	auto.offset.reset = earliest
	bootstrap.servers = [localhost:54168]
	check.crcs = true
	client.dns.lookup = use_all_dns_ips
	client.id = consumer-product-32
	client.rack = 
	connections.max.idle.ms = 540000
	default.api.timeout.ms = 60000
	enable.auto.commit = false
	exclude.internal.topics = true
	fetch.max.bytes = 52428800
	fetch.max.wait.ms = 500
	fetch.min.bytes = 1
	group.id = product
	group.instance.id = null
	heartbeat.interval.ms = 3000
	interceptor.classes = []
	internal.leave.group.on.close = true
	internal.throw.on.fetch.stable.offset.unsupported = false
	isolation.level = read_uncommitted
	key.deserializer = class org.apache.kafka.common.serialization.StringDeserializer
	max.partition.fetch.bytes = 1048576
	max.poll.interval.ms = 300000
	max.poll.records = 500
	metadata.max.age.ms = 300000
	metric.reporters = []
	metrics.num.samples = 2
	metrics.recording.level = INFO
	metrics.sample.window.ms = 30000
	partition.assignment.strategy = [class org.apache.kafka.clients.consumer.RangeAssignor, class org.apache.kafka.clients.consumer.CooperativeStickyAssignor]
	receive.buffer.bytes = 65536
	reconnect.backoff.max.ms = 1000
	reconnect.backoff.ms = 50
	request.timeout.ms = 30000
	retry.backoff.ms = 100
	sasl.client.callback.handler.class = null
	sasl.jaas.config = null
	sasl.kerberos.kinit.cmd = /usr/bin/kinit
	sasl.kerberos.min.time.before.relogin = 60000
	sasl.kerberos.service.name = null
	sasl.kerberos.ticket.renew.jitter = 0.05
	sasl.kerberos.ticket.renew.window.factor = 0.8
	sasl.login.callback.handler.class = null
	sasl.login.class = null
	sasl.login.connect.timeout.ms = null
	sasl.login.read.timeout.ms = null
	sasl.login.refresh.buffer.seconds = 300
	sasl.login.refresh.min.period.seconds = 60
	sasl.login.refresh.window.factor = 0.8
	sasl.login.refresh.window.jitter = 0.05
	sasl.login.retry.backoff.max.ms = 10000
	sasl.login.retry.backoff.ms = 100
	sasl.mechanism = GSSAPI
	sasl.oauthbearer.clock.skew.seconds = 30
	sasl.oauthbearer.expected.audience = null
	sasl.oauthbearer.expected.issuer = null
	sasl.oauthbearer.jwks.endpoint.refresh.ms = 3600000
	sasl.oauthbearer.jwks.endpoint.retry.backoff.max.ms = 10000
	sasl.oauthbearer.jwks.endpoint.retry.backoff.ms = 100
	sasl.oauthbearer.jwks.endpoint.url = null
	sasl.oauthbearer.scope.claim.name = scope
	sasl.oauthbearer.sub.claim.name = sub
	sasl.oauthbearer.token.endpoint.url = null
	security.protocol = PLAINTEXT
	security.providers = null
	send.buffer.bytes = 131072
	session.timeout.ms = 45000
	socket.connection.setup.timeout.max.ms = 30000
	socket.connection.setup.timeout.ms = 10000
	ssl.cipher.suites = null
	ssl.enabled.protocols = [TLSv1.2, TLSv1.3]
	ssl.endpoint.identification.algorithm = https
	ssl.engine.factory.class = null
	ssl.key.password = null
	ssl.keymanager.algorithm = SunX509
	ssl.keystore.certificate.chain = null
	ssl.keystore.key = null
	ssl.keystore.location = null
	ssl.keystore.password = null
	ssl.keystore.type = JKS
	ssl.protocol = TLSv1.3
	ssl.provider = null
	ssl.secure.random.implementation = null
	ssl.trustmanager.algorithm = PKIX
	ssl.truststore.certificates = null
	ssl.truststore.location = null
	ssl.truststore.password = null
	ssl.truststore.type = JKS
	value.deserializer = class org.springframework.kafka.support.serializer.JsonDeserializer

2024-03-05T07:49:53.486+01:00  INFO 11964 --- [ntainer#2-0-C-1] org.apache.kafka.clients.Metadata        : [Consumer clientId=consumer-budget-31, groupId=budget] Cluster ID: lOZQUKVSQ-i_3GlTqLeesA
2024-03-05T07:49:53.487+01:00  INFO 11964 --- [quest-handler-0] k.s.DefaultAutoTopicCreationManager      : Sent auto-creation request for Set(__consumer_offsets) to the active controller.
2024-03-05T07:49:53.488+01:00  INFO 11964 --- [           main] o.a.kafka.common.utils.AppInfoParser     : Kafka version: 3.6.1
2024-03-05T07:49:53.488+01:00  INFO 11964 --- [           main] o.a.kafka.common.utils.AppInfoParser     : Kafka commitId: 5e3c2b738d253ff5
2024-03-05T07:49:53.488+01:00  INFO 11964 --- [           main] o.a.kafka.common.utils.AppInfoParser     : Kafka startTimeMs: 1709621393488
2024-03-05T07:49:53.488+01:00  INFO 11964 --- [           main] fkaConsumerFactory$ExtendedKafkaConsumer : [Consumer clientId=consumer-product-32, groupId=product] Subscribed to topic(s): product-update
2024-03-05T07:49:53.488+01:00  INFO 11964 --- [0-event-handler] o.a.k.c.ReplicationControlManager        : [QuorumController id=0] CreateTopics result(s): CreatableTopic(name='__consumer_offsets', numPartitions=50, replicationFactor=1, assignments=[], configs=[CreateableTopicConfig(name='compression.type', value='producer'), CreateableTopicConfig(name='cleanup.policy', value='compact'), CreateableTopicConfig(name='segment.bytes', value='104857600')]): SUCCESS
2024-03-05T07:49:53.488+01:00  INFO 11964 --- [0-event-handler] o.a.k.c.ReplicationControlManager        : [QuorumController id=0] Replayed TopicRecord for topic __consumer_offsets with topic ID nq7a7O4sTde0F_cMcj9bPg.
2024-03-05T07:49:53.488+01:00  INFO 11964 --- [0-event-handler] o.a.k.c.ConfigurationControlManager      : [QuorumController id=0] Replayed ConfigRecord for ConfigResource(type=TOPIC, name='__consumer_offsets') which set configuration compression.type to producer
2024-03-05T07:49:53.488+01:00  INFO 11964 --- [0-event-handler] o.a.k.c.ConfigurationControlManager      : [QuorumController id=0] Replayed ConfigRecord for ConfigResource(type=TOPIC, name='__consumer_offsets') which set configuration cleanup.policy to compact
2024-03-05T07:49:53.488+01:00  INFO 11964 --- [0-event-handler] o.a.k.c.ConfigurationControlManager      : [QuorumController id=0] Replayed ConfigRecord for ConfigResource(type=TOPIC, name='__consumer_offsets') which set configuration segment.bytes to 104857600
2024-03-05T07:49:53.488+01:00  INFO 11964 --- [0-event-handler] o.a.k.c.ReplicationControlManager        : [QuorumController id=0] Replayed PartitionRecord for new partition __consumer_offsets-0 with topic ID nq7a7O4sTde0F_cMcj9bPg and PartitionRegistration(replicas=[0], isr=[0], removingReplicas=[], addingReplicas=[], leader=0, leaderRecoveryState=RECOVERED, leaderEpoch=0, partitionEpoch=0).
2024-03-05T07:49:53.488+01:00  INFO 11964 --- [0-event-handler] o.a.k.c.ReplicationControlManager        : [QuorumController id=0] Replayed PartitionRecord for new partition __consumer_offsets-1 with topic ID nq7a7O4sTde0F_cMcj9bPg and PartitionRegistration(replicas=[0], isr=[0], removingReplicas=[], addingReplicas=[], leader=0, leaderRecoveryState=RECOVERED, leaderEpoch=0, partitionEpoch=0).
2024-03-05T07:49:53.488+01:00  INFO 11964 --- [0-event-handler] o.a.k.c.ReplicationControlManager        : [QuorumController id=0] Replayed PartitionRecord for new partition __consumer_offsets-2 with topic ID nq7a7O4sTde0F_cMcj9bPg and PartitionRegistration(replicas=[0], isr=[0], removingReplicas=[], addingReplicas=[], leader=0, leaderRecoveryState=RECOVERED, leaderEpoch=0, partitionEpoch=0).
2024-03-05T07:49:53.488+01:00  INFO 11964 --- [0-event-handler] o.a.k.c.ReplicationControlManager        : [QuorumController id=0] Replayed PartitionRecord for new partition __consumer_offsets-3 with topic ID nq7a7O4sTde0F_cMcj9bPg and PartitionRegistration(replicas=[0], isr=[0], removingReplicas=[], addingReplicas=[], leader=0, leaderRecoveryState=RECOVERED, leaderEpoch=0, partitionEpoch=0).
2024-03-05T07:49:53.488+01:00  INFO 11964 --- [0-event-handler] o.a.k.c.ReplicationControlManager        : [QuorumController id=0] Replayed PartitionRecord for new partition __consumer_offsets-4 with topic ID nq7a7O4sTde0F_cMcj9bPg and PartitionRegistration(replicas=[0], isr=[0], removingReplicas=[], addingReplicas=[], leader=0, leaderRecoveryState=RECOVERED, leaderEpoch=0, partitionEpoch=0).
2024-03-05T07:49:53.489+01:00  INFO 11964 --- [0-event-handler] o.a.k.c.ReplicationControlManager        : [QuorumController id=0] Replayed PartitionRecord for new partition __consumer_offsets-5 with topic ID nq7a7O4sTde0F_cMcj9bPg and PartitionRegistration(replicas=[0], isr=[0], removingReplicas=[], addingReplicas=[], leader=0, leaderRecoveryState=RECOVERED, leaderEpoch=0, partitionEpoch=0).
2024-03-05T07:49:53.489+01:00  INFO 11964 --- [0-event-handler] o.a.k.c.ReplicationControlManager        : [QuorumController id=0] Replayed PartitionRecord for new partition __consumer_offsets-6 with topic ID nq7a7O4sTde0F_cMcj9bPg and PartitionRegistration(replicas=[0], isr=[0], removingReplicas=[], addingReplicas=[], leader=0, leaderRecoveryState=RECOVERED, leaderEpoch=0, partitionEpoch=0).
2024-03-05T07:49:53.489+01:00  INFO 11964 --- [0-event-handler] o.a.k.c.ReplicationControlManager        : [QuorumController id=0] Replayed PartitionRecord for new partition __consumer_offsets-7 with topic ID nq7a7O4sTde0F_cMcj9bPg and PartitionRegistration(replicas=[0], isr=[0], removingReplicas=[], addingReplicas=[], leader=0, leaderRecoveryState=RECOVERED, leaderEpoch=0, partitionEpoch=0).
2024-03-05T07:49:53.489+01:00  INFO 11964 --- [0-event-handler] o.a.k.c.ReplicationControlManager        : [QuorumController id=0] Replayed PartitionRecord for new partition __consumer_offsets-8 with topic ID nq7a7O4sTde0F_cMcj9bPg and PartitionRegistration(replicas=[0], isr=[0], removingReplicas=[], addingReplicas=[], leader=0, leaderRecoveryState=RECOVERED, leaderEpoch=0, partitionEpoch=0).
2024-03-05T07:49:53.489+01:00  INFO 11964 --- [0-event-handler] o.a.k.c.ReplicationControlManager        : [QuorumController id=0] Replayed PartitionRecord for new partition __consumer_offsets-9 with topic ID nq7a7O4sTde0F_cMcj9bPg and PartitionRegistration(replicas=[0], isr=[0], removingReplicas=[], addingReplicas=[], leader=0, leaderRecoveryState=RECOVERED, leaderEpoch=0, partitionEpoch=0).
2024-03-05T07:49:53.489+01:00  INFO 11964 --- [0-event-handler] o.a.k.c.ReplicationControlManager        : [QuorumController id=0] Replayed PartitionRecord for new partition __consumer_offsets-10 with topic ID nq7a7O4sTde0F_cMcj9bPg and PartitionRegistration(replicas=[0], isr=[0], removingReplicas=[], addingReplicas=[], leader=0, leaderRecoveryState=RECOVERED, leaderEpoch=0, partitionEpoch=0).
2024-03-05T07:49:53.489+01:00  INFO 11964 --- [0-event-handler] o.a.k.c.ReplicationControlManager        : [QuorumController id=0] Replayed PartitionRecord for new partition __consumer_offsets-11 with topic ID nq7a7O4sTde0F_cMcj9bPg and PartitionRegistration(replicas=[0], isr=[0], removingReplicas=[], addingReplicas=[], leader=0, leaderRecoveryState=RECOVERED, leaderEpoch=0, partitionEpoch=0).
2024-03-05T07:49:53.489+01:00  INFO 11964 --- [0-event-handler] o.a.k.c.ReplicationControlManager        : [QuorumController id=0] Replayed PartitionRecord for new partition __consumer_offsets-12 with topic ID nq7a7O4sTde0F_cMcj9bPg and PartitionRegistration(replicas=[0], isr=[0], removingReplicas=[], addingReplicas=[], leader=0, leaderRecoveryState=RECOVERED, leaderEpoch=0, partitionEpoch=0).
2024-03-05T07:49:53.489+01:00  INFO 11964 --- [0-event-handler] o.a.k.c.ReplicationControlManager        : [QuorumController id=0] Replayed PartitionRecord for new partition __consumer_offsets-13 with topic ID nq7a7O4sTde0F_cMcj9bPg and PartitionRegistration(replicas=[0], isr=[0], removingReplicas=[], addingReplicas=[], leader=0, leaderRecoveryState=RECOVERED, leaderEpoch=0, partitionEpoch=0).
2024-03-05T07:49:53.489+01:00  INFO 11964 --- [0-event-handler] o.a.k.c.ReplicationControlManager        : [QuorumController id=0] Replayed PartitionRecord for new partition __consumer_offsets-14 with topic ID nq7a7O4sTde0F_cMcj9bPg and PartitionRegistration(replicas=[0], isr=[0], removingReplicas=[], addingReplicas=[], leader=0, leaderRecoveryState=RECOVERED, leaderEpoch=0, partitionEpoch=0).
2024-03-05T07:49:53.489+01:00  INFO 11964 --- [0-event-handler] o.a.k.c.ReplicationControlManager        : [QuorumController id=0] Replayed PartitionRecord for new partition __consumer_offsets-15 with topic ID nq7a7O4sTde0F_cMcj9bPg and PartitionRegistration(replicas=[0], isr=[0], removingReplicas=[], addingReplicas=[], leader=0, leaderRecoveryState=RECOVERED, leaderEpoch=0, partitionEpoch=0).
2024-03-05T07:49:53.489+01:00  INFO 11964 --- [0-event-handler] o.a.k.c.ReplicationControlManager        : [QuorumController id=0] Replayed PartitionRecord for new partition __consumer_offsets-16 with topic ID nq7a7O4sTde0F_cMcj9bPg and PartitionRegistration(replicas=[0], isr=[0], removingReplicas=[], addingReplicas=[], leader=0, leaderRecoveryState=RECOVERED, leaderEpoch=0, partitionEpoch=0).
2024-03-05T07:49:53.489+01:00  INFO 11964 --- [0-event-handler] o.a.k.c.ReplicationControlManager        : [QuorumController id=0] Replayed PartitionRecord for new partition __consumer_offsets-17 with topic ID nq7a7O4sTde0F_cMcj9bPg and PartitionRegistration(replicas=[0], isr=[0], removingReplicas=[], addingReplicas=[], leader=0, leaderRecoveryState=RECOVERED, leaderEpoch=0, partitionEpoch=0).
2024-03-05T07:49:53.489+01:00  INFO 11964 --- [0-event-handler] o.a.k.c.ReplicationControlManager        : [QuorumController id=0] Replayed PartitionRecord for new partition __consumer_offsets-18 with topic ID nq7a7O4sTde0F_cMcj9bPg and PartitionRegistration(replicas=[0], isr=[0], removingReplicas=[], addingReplicas=[], leader=0, leaderRecoveryState=RECOVERED, leaderEpoch=0, partitionEpoch=0).
2024-03-05T07:49:53.489+01:00  INFO 11964 --- [0-event-handler] o.a.k.c.ReplicationControlManager        : [QuorumController id=0] Replayed PartitionRecord for new partition __consumer_offsets-19 with topic ID nq7a7O4sTde0F_cMcj9bPg and PartitionRegistration(replicas=[0], isr=[0], removingReplicas=[], addingReplicas=[], leader=0, leaderRecoveryState=RECOVERED, leaderEpoch=0, partitionEpoch=0).
2024-03-05T07:49:53.489+01:00  INFO 11964 --- [0-event-handler] o.a.k.c.ReplicationControlManager        : [QuorumController id=0] Replayed PartitionRecord for new partition __consumer_offsets-20 with topic ID nq7a7O4sTde0F_cMcj9bPg and PartitionRegistration(replicas=[0], isr=[0], removingReplicas=[], addingReplicas=[], leader=0, leaderRecoveryState=RECOVERED, leaderEpoch=0, partitionEpoch=0).
2024-03-05T07:49:53.489+01:00  INFO 11964 --- [0-event-handler] o.a.k.c.ReplicationControlManager        : [QuorumController id=0] Replayed PartitionRecord for new partition __consumer_offsets-21 with topic ID nq7a7O4sTde0F_cMcj9bPg and PartitionRegistration(replicas=[0], isr=[0], removingReplicas=[], addingReplicas=[], leader=0, leaderRecoveryState=RECOVERED, leaderEpoch=0, partitionEpoch=0).
2024-03-05T07:49:53.489+01:00  INFO 11964 --- [0-event-handler] o.a.k.c.ReplicationControlManager        : [QuorumController id=0] Replayed PartitionRecord for new partition __consumer_offsets-22 with topic ID nq7a7O4sTde0F_cMcj9bPg and PartitionRegistration(replicas=[0], isr=[0], removingReplicas=[], addingReplicas=[], leader=0, leaderRecoveryState=RECOVERED, leaderEpoch=0, partitionEpoch=0).
2024-03-05T07:49:53.489+01:00  INFO 11964 --- [0-event-handler] o.a.k.c.ReplicationControlManager        : [QuorumController id=0] Replayed PartitionRecord for new partition __consumer_offsets-23 with topic ID nq7a7O4sTde0F_cMcj9bPg and PartitionRegistration(replicas=[0], isr=[0], removingReplicas=[], addingReplicas=[], leader=0, leaderRecoveryState=RECOVERED, leaderEpoch=0, partitionEpoch=0).
2024-03-05T07:49:53.489+01:00  INFO 11964 --- [0-event-handler] o.a.k.c.ReplicationControlManager        : [QuorumController id=0] Replayed PartitionRecord for new partition __consumer_offsets-24 with topic ID nq7a7O4sTde0F_cMcj9bPg and PartitionRegistration(replicas=[0], isr=[0], removingReplicas=[], addingReplicas=[], leader=0, leaderRecoveryState=RECOVERED, leaderEpoch=0, partitionEpoch=0).
2024-03-05T07:49:53.489+01:00  INFO 11964 --- [0-event-handler] o.a.k.c.ReplicationControlManager        : [QuorumController id=0] Replayed PartitionRecord for new partition __consumer_offsets-25 with topic ID nq7a7O4sTde0F_cMcj9bPg and PartitionRegistration(replicas=[0], isr=[0], removingReplicas=[], addingReplicas=[], leader=0, leaderRecoveryState=RECOVERED, leaderEpoch=0, partitionEpoch=0).
2024-03-05T07:49:53.489+01:00  INFO 11964 --- [0-event-handler] o.a.k.c.ReplicationControlManager        : [QuorumController id=0] Replayed PartitionRecord for new partition __consumer_offsets-26 with topic ID nq7a7O4sTde0F_cMcj9bPg and PartitionRegistration(replicas=[0], isr=[0], removingReplicas=[], addingReplicas=[], leader=0, leaderRecoveryState=RECOVERED, leaderEpoch=0, partitionEpoch=0).
2024-03-05T07:49:53.489+01:00  INFO 11964 --- [0-event-handler] o.a.k.c.ReplicationControlManager        : [QuorumController id=0] Replayed PartitionRecord for new partition __consumer_offsets-27 with topic ID nq7a7O4sTde0F_cMcj9bPg and PartitionRegistration(replicas=[0], isr=[0], removingReplicas=[], addingReplicas=[], leader=0, leaderRecoveryState=RECOVERED, leaderEpoch=0, partitionEpoch=0).
[...]
	ssl.truststore.certificates = null
	ssl.truststore.location = null
	ssl.truststore.password = null
	ssl.truststore.type = JKS
	value.deserializer = class org.springframework.kafka.support.serializer.JsonDeserializer

2024-03-05T07:49:53.491+01:00  INFO 11964 --- [0-event-handler] o.a.k.c.ReplicationControlManager        : [QuorumController id=0] Replayed PartitionRecord for new partition __consumer_offsets-41 with topic ID nq7a7O4sTde0F_cMcj9bPg and PartitionRegistration(replicas=[0], isr=[0], removingReplicas=[], addingReplicas=[], leader=0, leaderRecoveryState=RECOVERED, leaderEpoch=0, partitionEpoch=0).
2024-03-05T07:49:53.491+01:00  INFO 11964 --- [0-event-handler] o.a.k.c.ReplicationControlManager        : [QuorumController id=0] Replayed PartitionRecord for new partition __consumer_offsets-42 with topic ID nq7a7O4sTde0F_cMcj9bPg and PartitionRegistration(replicas=[0], isr=[0], removingReplicas=[], addingReplicas=[], leader=0, leaderRecoveryState=RECOVERED, leaderEpoch=0, partitionEpoch=0).
2024-03-05T07:49:53.491+01:00  INFO 11964 --- [0-event-handler] o.a.k.c.ReplicationControlManager        : [QuorumController id=0] Replayed PartitionRecord for new partition __consumer_offsets-43 with topic ID nq7a7O4sTde0F_cMcj9bPg and PartitionRegistration(replicas=[0], isr=[0], removingReplicas=[], addingReplicas=[], leader=0, leaderRecoveryState=RECOVERED, leaderEpoch=0, partitionEpoch=0).
2024-03-05T07:49:53.491+01:00  INFO 11964 --- [0-event-handler] o.a.k.c.ReplicationControlManager        : [QuorumController id=0] Replayed PartitionRecord for new partition __consumer_offsets-44 with topic ID nq7a7O4sTde0F_cMcj9bPg and PartitionRegistration(replicas=[0], isr=[0], removingReplicas=[], addingReplicas=[], leader=0, leaderRecoveryState=RECOVERED, leaderEpoch=0, partitionEpoch=0).
2024-03-05T07:49:53.491+01:00  INFO 11964 --- [0-event-handler] o.a.k.c.ReplicationControlManager        : [QuorumController id=0] Replayed PartitionRecord for new partition __consumer_offsets-45 with topic ID nq7a7O4sTde0F_cMcj9bPg and PartitionRegistration(replicas=[0], isr=[0], removingReplicas=[], addingReplicas=[], leader=0, leaderRecoveryState=RECOVERED, leaderEpoch=0, partitionEpoch=0).
2024-03-05T07:49:53.491+01:00  INFO 11964 --- [0-event-handler] o.a.k.c.ReplicationControlManager        : [QuorumController id=0] Replayed PartitionRecord for new partition __consumer_offsets-46 with topic ID nq7a7O4sTde0F_cMcj9bPg and PartitionRegistration(replicas=[0], isr=[0], removingReplicas=[], addingReplicas=[], leader=0, leaderRecoveryState=RECOVERED, leaderEpoch=0, partitionEpoch=0).
2024-03-05T07:49:53.491+01:00  INFO 11964 --- [0-event-handler] o.a.k.c.ReplicationControlManager        : [QuorumController id=0] Replayed PartitionRecord for new partition __consumer_offsets-47 with topic ID nq7a7O4sTde0F_cMcj9bPg and PartitionRegistration(replicas=[0], isr=[0], removingReplicas=[], addingReplicas=[], leader=0, leaderRecoveryState=RECOVERED, leaderEpoch=0, partitionEpoch=0).
2024-03-05T07:49:53.491+01:00  INFO 11964 --- [0-event-handler] o.a.k.c.ReplicationControlManager        : [QuorumController id=0] Replayed PartitionRecord for new partition __consumer_offsets-48 with topic ID nq7a7O4sTde0F_cMcj9bPg and PartitionRegistration(replicas=[0], isr=[0], removingReplicas=[], addingReplicas=[], leader=0, leaderRecoveryState=RECOVERED, leaderEpoch=0, partitionEpoch=0).
2024-03-05T07:49:53.491+01:00  INFO 11964 --- [0-event-handler] o.a.k.c.ReplicationControlManager        : [QuorumController id=0] Replayed PartitionRecord for new partition __consumer_offsets-49 with topic ID nq7a7O4sTde0F_cMcj9bPg and PartitionRegistration(replicas=[0], isr=[0], removingReplicas=[], addingReplicas=[], leader=0, leaderRecoveryState=RECOVERED, leaderEpoch=0, partitionEpoch=0).
2024-03-05T07:49:53.495+01:00  INFO 11964 --- [ntainer#0-0-C-1] org.apache.kafka.clients.Metadata        : [Consumer clientId=consumer-product-32, groupId=product] Cluster ID: lOZQUKVSQ-i_3GlTqLeesA
2024-03-05T07:49:53.495+01:00  INFO 11964 --- [           main] o.a.kafka.common.utils.AppInfoParser     : Kafka version: 3.6.1
2024-03-05T07:49:53.495+01:00  INFO 11964 --- [           main] o.a.kafka.common.utils.AppInfoParser     : Kafka commitId: 5e3c2b738d253ff5
2024-03-05T07:49:53.495+01:00  INFO 11964 --- [           main] o.a.kafka.common.utils.AppInfoParser     : Kafka startTimeMs: 1709621393495
2024-03-05T07:49:53.495+01:00  INFO 11964 --- [           main] fkaConsumerFactory$ExtendedKafkaConsumer : [Consumer clientId=consumer-budget-33, groupId=budget] Subscribed to topic(s): recurringTransaction-update
2024-03-05T07:49:53.500+01:00  INFO 11964 --- [           main] c.e.A.l.operations.ProductServiceTest    : Started ProductServiceTest in 1.461 seconds (process running for 105.902)
2024-03-05T07:49:53.501+01:00  INFO 11964 --- [ntainer#1-0-C-1] org.apache.kafka.clients.Metadata        : [Consumer clientId=consumer-budget-33, groupId=budget] Cluster ID: lOZQUKVSQ-i_3GlTqLeesA
]]></system-out>
  </testcase>
  <testcase name="testProductGetPoducts_whenCreated_thenReceive" classname="com.example.Analytics.logic.operations.ProductServiceTest" time="0.03">
    <system-out><![CDATA[2024-03-05T07:49:53.536+01:00  INFO 11964 --- [r-event-handler] state.change.logger                      : [Broker id=0] Transitioning 50 partition(s) to local leaders.
2024-03-05T07:49:53.536+01:00  INFO 11964 --- [r-event-handler] kafka.server.ReplicaFetcherManager       : [ReplicaFetcherManager on broker 0] Removed fetcher for partitions Set(__consumer_offsets-13, __consumer_offsets-46, __consumer_offsets-9, __consumer_offsets-42, __consumer_offsets-21, __consumer_offsets-17, __consumer_offsets-30, __consumer_offsets-26, __consumer_offsets-5, __consumer_offsets-38, __consumer_offsets-1, __consumer_offsets-34, __consumer_offsets-16, __consumer_offsets-45, __consumer_offsets-12, __consumer_offsets-41, __consumer_offsets-24, __consumer_offsets-20, __consumer_offsets-49, __consumer_offsets-0, __consumer_offsets-29, __consumer_offsets-25, __consumer_offsets-8, __consumer_offsets-37, __consumer_offsets-4, __consumer_offsets-33, __consumer_offsets-15, __consumer_offsets-48, __consumer_offsets-11, __consumer_offsets-44, __consumer_offsets-23, __consumer_offsets-19, __consumer_offsets-32, __consumer_offsets-28, __consumer_offsets-7, __consumer_offsets-40, __consumer_offsets-3, __consumer_offsets-36, __consumer_offsets-47, __consumer_offsets-14, __consumer_offsets-43, __consumer_offsets-10, __consumer_offsets-22, __consumer_offsets-18, __consumer_offsets-31, __consumer_offsets-27, __consumer_offsets-39, __consumer_offsets-6, __consumer_offsets-35, __consumer_offsets-2)
2024-03-05T07:49:53.537+01:00  INFO 11964 --- [r-event-handler] state.change.logger                      : [Broker id=0] Creating new partition __consumer_offsets-13 with topic id nq7a7O4sTde0F_cMcj9bPg.
]]></system-out>
  </testcase>
  <testcase name="testProductReceiveDtoCreate_whenCreated_thenExists" classname="com.example.Analytics.logic.operations.ProductServiceTest" time="0.023">
    <system-out><![CDATA[2024-03-05T07:49:53.565+01:00  INFO 11964 --- [r-event-handler] kafka.log.UnifiedLog$                    : [LogLoader partition=__consumer_offsets-13, dir=C:\Users\tobia\AppData\Local\Temp\kafka-15961589820718089310\broker_0_data0] Loading producer state till offset 0 with message format version 2
2024-03-05T07:49:53.567+01:00  INFO 11964 --- [r-event-handler] kafka.log.LogManager                     : Created log for partition __consumer_offsets-13 in C:\Users\tobia\AppData\Local\Temp\kafka-15961589820718089310\broker_0_data0\__consumer_offsets-13 with properties {cleanup.policy=compact, compression.type="producer", segment.bytes=104857600}
2024-03-05T07:49:53.568+01:00  INFO 11964 --- [r-event-handler] kafka.cluster.Partition                  : [Partition __consumer_offsets-13 broker=0] No checkpointed highwatermark is found for partition __consumer_offsets-13
2024-03-05T07:49:53.568+01:00  INFO 11964 --- [r-event-handler] kafka.cluster.Partition                  : [Partition __consumer_offsets-13 broker=0] Log loaded for partition __consumer_offsets-13 with initial high watermark 0
2024-03-05T07:49:53.569+01:00  INFO 11964 --- [r-event-handler] state.change.logger                      : [Broker id=0] Leader __consumer_offsets-13 with topic id Some(nq7a7O4sTde0F_cMcj9bPg) starts at leader epoch 0 from offset 0 with partition epoch 0, high watermark 0, ISR [0], adding replicas [] and removing replicas [] . Previous leader None and previous leader epoch was -1.
2024-03-05T07:49:53.581+01:00  INFO 11964 --- [r-event-handler] state.change.logger                      : [Broker id=0] Creating new partition __consumer_offsets-46 with topic id nq7a7O4sTde0F_cMcj9bPg.
]]></system-out>
  </testcase>
  <testcase name="testProductUpdate_whenChanged_correctlyUpdated" classname="com.example.Analytics.logic.operations.ProductServiceTest" time="0.057">
    <system-out><![CDATA[2024-03-05T07:49:53.600+01:00  INFO 11964 --- [ntainer#2-0-C-1] o.a.k.c.c.internals.ConsumerCoordinator  : [Consumer clientId=consumer-budget-31, groupId=budget] Discovered group coordinator localhost:54168 (id: 2147483647 rack: null)
2024-03-05T07:49:53.601+01:00  INFO 11964 --- [ntainer#2-0-C-1] o.a.k.c.c.internals.ConsumerCoordinator  : [Consumer clientId=consumer-budget-31, groupId=budget] (Re-)joining group
2024-03-05T07:49:53.605+01:00  INFO 11964 --- [ntainer#2-0-C-1] o.a.k.c.c.internals.ConsumerCoordinator  : [Consumer clientId=consumer-budget-31, groupId=budget] Group coordinator localhost:54168 (id: 2147483647 rack: null) is unavailable or invalid due to cause: error response NOT_COORDINATOR. isDisconnected: false. Rediscovery will be attempted.
2024-03-05T07:49:53.605+01:00  INFO 11964 --- [ntainer#2-0-C-1] o.a.k.c.c.internals.ConsumerCoordinator  : [Consumer clientId=consumer-budget-31, groupId=budget] Requesting disconnect from last known coordinator localhost:54168 (id: 2147483647 rack: null)
2024-03-05T07:49:53.605+01:00  INFO 11964 --- [ntainer#2-0-C-1] o.a.k.c.c.internals.ConsumerCoordinator  : [Consumer clientId=consumer-budget-31, groupId=budget] JoinGroup failed: This is not the correct coordinator. Marking coordinator unknown. Sent generation was Generation{generationId=-1, memberId='', protocol='null'}
2024-03-05T07:49:53.606+01:00  INFO 11964 --- [ntainer#2-0-C-1] org.apache.kafka.clients.NetworkClient   : [Consumer clientId=consumer-budget-31, groupId=budget] Client requested disconnect from node 2147483647
2024-03-05T07:49:53.612+01:00  INFO 11964 --- [ntainer#2-0-C-1] o.a.k.c.c.internals.ConsumerCoordinator  : [Consumer clientId=consumer-budget-31, groupId=budget] Discovered group coordinator localhost:54168 (id: 2147483647 rack: null)
2024-03-05T07:49:53.612+01:00  INFO 11964 --- [ntainer#2-0-C-1] o.a.k.c.c.internals.ConsumerCoordinator  : [Consumer clientId=consumer-budget-31, groupId=budget] Group coordinator localhost:54168 (id: 2147483647 rack: null) is unavailable or invalid due to cause: coordinator unavailable. isDisconnected: false. Rediscovery will be attempted.
2024-03-05T07:49:53.612+01:00  INFO 11964 --- [ntainer#2-0-C-1] o.a.k.c.c.internals.ConsumerCoordinator  : [Consumer clientId=consumer-budget-31, groupId=budget] Requesting disconnect from last known coordinator localhost:54168 (id: 2147483647 rack: null)
2024-03-05T07:49:53.617+01:00  INFO 11964 --- [ntainer#1-0-C-1] o.a.k.c.c.internals.ConsumerCoordinator  : [Consumer clientId=consumer-budget-33, groupId=budget] Discovered group coordinator localhost:54168 (id: 2147483647 rack: null)
2024-03-05T07:49:53.618+01:00  INFO 11964 --- [ntainer#1-0-C-1] o.a.k.c.c.internals.ConsumerCoordinator  : [Consumer clientId=consumer-budget-33, groupId=budget] (Re-)joining group
2024-03-05T07:49:53.620+01:00  INFO 11964 --- [ntainer#0-0-C-1] o.a.k.c.c.internals.ConsumerCoordinator  : [Consumer clientId=consumer-product-32, groupId=product] Discovered group coordinator localhost:54168 (id: 2147483647 rack: null)
2024-03-05T07:49:53.621+01:00  INFO 11964 --- [ntainer#0-0-C-1] o.a.k.c.c.internals.ConsumerCoordinator  : [Consumer clientId=consumer-product-32, groupId=product] (Re-)joining group
2024-03-05T07:49:53.623+01:00  INFO 11964 --- [ntainer#1-0-C-1] o.a.k.c.c.internals.ConsumerCoordinator  : [Consumer clientId=consumer-budget-33, groupId=budget] Group coordinator localhost:54168 (id: 2147483647 rack: null) is unavailable or invalid due to cause: error response NOT_COORDINATOR. isDisconnected: false. Rediscovery will be attempted.
2024-03-05T07:49:53.624+01:00  INFO 11964 --- [ntainer#1-0-C-1] o.a.k.c.c.internals.ConsumerCoordinator  : [Consumer clientId=consumer-budget-33, groupId=budget] Requesting disconnect from last known coordinator localhost:54168 (id: 2147483647 rack: null)
2024-03-05T07:49:53.624+01:00  INFO 11964 --- [ntainer#1-0-C-1] o.a.k.c.c.internals.ConsumerCoordinator  : [Consumer clientId=consumer-budget-33, groupId=budget] JoinGroup failed: This is not the correct coordinator. Marking coordinator unknown. Sent generation was Generation{generationId=-1, memberId='', protocol='null'}
2024-03-05T07:49:53.624+01:00  INFO 11964 --- [ntainer#1-0-C-1] org.apache.kafka.clients.NetworkClient   : [Consumer clientId=consumer-budget-33, groupId=budget] Client requested disconnect from node 2147483647
2024-03-05T07:49:53.626+01:00  INFO 11964 --- [ntainer#1-0-C-1] o.a.k.c.c.internals.ConsumerCoordinator  : [Consumer clientId=consumer-budget-33, groupId=budget] Discovered group coordinator localhost:54168 (id: 2147483647 rack: null)
2024-03-05T07:49:53.626+01:00  INFO 11964 --- [ntainer#0-0-C-1] o.a.k.c.c.internals.ConsumerCoordinator  : [Consumer clientId=consumer-product-32, groupId=product] Group coordinator localhost:54168 (id: 2147483647 rack: null) is unavailable or invalid due to cause: error response NOT_COORDINATOR. isDisconnected: false. Rediscovery will be attempted.
2024-03-05T07:49:53.626+01:00  INFO 11964 --- [ntainer#0-0-C-1] o.a.k.c.c.internals.ConsumerCoordinator  : [Consumer clientId=consumer-product-32, groupId=product] Requesting disconnect from last known coordinator localhost:54168 (id: 2147483647 rack: null)
2024-03-05T07:49:53.626+01:00  INFO 11964 --- [ntainer#1-0-C-1] o.a.k.c.c.internals.ConsumerCoordinator  : [Consumer clientId=consumer-budget-33, groupId=budget] Group coordinator localhost:54168 (id: 2147483647 rack: null) is unavailable or invalid due to cause: coordinator unavailable. isDisconnected: false. Rediscovery will be attempted.
2024-03-05T07:49:53.626+01:00  INFO 11964 --- [ntainer#1-0-C-1] o.a.k.c.c.internals.ConsumerCoordinator  : [Consumer clientId=consumer-budget-33, groupId=budget] Requesting disconnect from last known coordinator localhost:54168 (id: 2147483647 rack: null)
2024-03-05T07:49:53.626+01:00  INFO 11964 --- [ntainer#0-0-C-1] o.a.k.c.c.internals.ConsumerCoordinator  : [Consumer clientId=consumer-product-32, groupId=product] JoinGroup failed: This is not the correct coordinator. Marking coordinator unknown. Sent generation was Generation{generationId=-1, memberId='', protocol='null'}
2024-03-05T07:49:53.626+01:00  INFO 11964 --- [ntainer#0-0-C-1] org.apache.kafka.clients.NetworkClient   : [Consumer clientId=consumer-product-32, groupId=product] Client requested disconnect from node 2147483647
2024-03-05T07:49:53.627+01:00  INFO 11964 --- [ntainer#0-0-C-1] o.a.k.c.c.internals.ConsumerCoordinator  : [Consumer clientId=consumer-product-32, groupId=product] Discovered group coordinator localhost:54168 (id: 2147483647 rack: null)
2024-03-05T07:49:53.628+01:00  INFO 11964 --- [ntainer#0-0-C-1] o.a.k.c.c.internals.ConsumerCoordinator  : [Consumer clientId=consumer-product-32, groupId=product] Group coordinator localhost:54168 (id: 2147483647 rack: null) is unavailable or invalid due to cause: coordinator unavailable. isDisconnected: false. Rediscovery will be attempted.
2024-03-05T07:49:53.628+01:00  INFO 11964 --- [ntainer#0-0-C-1] o.a.k.c.c.internals.ConsumerCoordinator  : [Consumer clientId=consumer-product-32, groupId=product] Requesting disconnect from last known coordinator localhost:54168 (id: 2147483647 rack: null)
2024-03-05T07:49:53.633+01:00  INFO 11964 --- [r-event-handler] kafka.log.UnifiedLog$                    : [LogLoader partition=__consumer_offsets-46, dir=C:\Users\tobia\AppData\Local\Temp\kafka-15961589820718089310\broker_0_data0] Loading producer state till offset 0 with message format version 2
2024-03-05T07:49:53.634+01:00  INFO 11964 --- [r-event-handler] kafka.log.LogManager                     : Created log for partition __consumer_offsets-46 in C:\Users\tobia\AppData\Local\Temp\kafka-15961589820718089310\broker_0_data0\__consumer_offsets-46 with properties {cleanup.policy=compact, compression.type="producer", segment.bytes=104857600}
2024-03-05T07:49:53.634+01:00  INFO 11964 --- [r-event-handler] kafka.cluster.Partition                  : [Partition __consumer_offsets-46 broker=0] No checkpointed highwatermark is found for partition __consumer_offsets-46
2024-03-05T07:49:53.635+01:00  INFO 11964 --- [r-event-handler] kafka.cluster.Partition                  : [Partition __consumer_offsets-46 broker=0] Log loaded for partition __consumer_offsets-46 with initial high watermark 0
2024-03-05T07:49:53.635+01:00  INFO 11964 --- [r-event-handler] state.change.logger                      : [Broker id=0] Leader __consumer_offsets-46 with topic id Some(nq7a7O4sTde0F_cMcj9bPg) starts at leader epoch 0 from offset 0 with partition epoch 0, high watermark 0, ISR [0], adding replicas [] and removing replicas [] . Previous leader None and previous leader epoch was -1.
]]></system-out>
  </testcase>
  <testcase name="getProdcut_whenExists_thenReceive" classname="com.example.Analytics.logic.operations.ProductServiceTest" time="0.02">
    <system-out><![CDATA[2024-03-05T07:49:53.655+01:00  INFO 11964 --- [r-event-handler] state.change.logger                      : [Broker id=0] Creating new partition __consumer_offsets-9 with topic id nq7a7O4sTde0F_cMcj9bPg.
]]></system-out>
  </testcase>
  <testcase name="testProductChange_whenChanged_correctlyChanged" classname="com.example.Analytics.logic.operations.ProductServiceTest" time="0.031">
    <system-out><![CDATA[2024-03-05T07:49:53.674+01:00  INFO 11964 --- [r-event-handler] kafka.log.UnifiedLog$                    : [LogLoader partition=__consumer_offsets-9, dir=C:\Users\tobia\AppData\Local\Temp\kafka-15961589820718089310\broker_0_data0] Loading producer state till offset 0 with message format version 2
2024-03-05T07:49:53.677+01:00  INFO 11964 --- [r-event-handler] kafka.log.LogManager                     : Created log for partition __consumer_offsets-9 in C:\Users\tobia\AppData\Local\Temp\kafka-15961589820718089310\broker_0_data0\__consumer_offsets-9 with properties {cleanup.policy=compact, compression.type="producer", segment.bytes=104857600}
2024-03-05T07:49:53.677+01:00  INFO 11964 --- [r-event-handler] kafka.cluster.Partition                  : [Partition __consumer_offsets-9 broker=0] No checkpointed highwatermark is found for partition __consumer_offsets-9
2024-03-05T07:49:53.677+01:00  INFO 11964 --- [r-event-handler] kafka.cluster.Partition                  : [Partition __consumer_offsets-9 broker=0] Log loaded for partition __consumer_offsets-9 with initial high watermark 0
2024-03-05T07:49:53.677+01:00  INFO 11964 --- [r-event-handler] state.change.logger                      : [Broker id=0] Leader __consumer_offsets-9 with topic id Some(nq7a7O4sTde0F_cMcj9bPg) starts at leader epoch 0 from offset 0 with partition epoch 0, high watermark 0, ISR [0], adding replicas [] and removing replicas [] . Previous leader None and previous leader epoch was -1.
2024-03-05T07:49:53.686+01:00  INFO 11964 --- [r-event-handler] state.change.logger                      : [Broker id=0] Creating new partition __consumer_offsets-42 with topic id nq7a7O4sTde0F_cMcj9bPg.
]]></system-out>
  </testcase>
</testsuite>